build (3.11)	Set up job	ï»¿2025-11-27T10:14:07.2957982Z Current runner version: '2.329.0'
build (3.11)	Set up job	2025-11-27T10:14:07.3026643Z ##[group]Runner Image Provisioner
build (3.11)	Set up job	2025-11-27T10:14:07.3027962Z Hosted Compute Agent
build (3.11)	Set up job	2025-11-27T10:14:07.3028796Z Version: 20251016.436
build (3.11)	Set up job	2025-11-27T10:14:07.3029752Z Commit: 8ab8ac8bfd662a3739dab9fe09456aba92132568
build (3.11)	Set up job	2025-11-27T10:14:07.3031179Z Build Date: 2025-10-15T20:44:12Z
build (3.11)	Set up job	2025-11-27T10:14:07.3032115Z ##[endgroup]
build (3.11)	Set up job	2025-11-27T10:14:07.3033054Z ##[group]Operating System
build (3.11)	Set up job	2025-11-27T10:14:07.3033979Z Ubuntu
build (3.11)	Set up job	2025-11-27T10:14:07.3034641Z 24.04.3
build (3.11)	Set up job	2025-11-27T10:14:07.3035424Z LTS
build (3.11)	Set up job	2025-11-27T10:14:07.3036176Z ##[endgroup]
build (3.11)	Set up job	2025-11-27T10:14:07.3037045Z ##[group]Runner Image
build (3.11)	Set up job	2025-11-27T10:14:07.3037947Z Image: ubuntu-24.04
build (3.11)	Set up job	2025-11-27T10:14:07.3038765Z Version: 20251112.124.1
build (3.11)	Set up job	2025-11-27T10:14:07.3040399Z Included Software: https://github.com/actions/runner-images/blob/ubuntu24/20251112.124/images/ubuntu/Ubuntu2404-Readme.md
build (3.11)	Set up job	2025-11-27T10:14:07.3073511Z Image Release: https://github.com/actions/runner-images/releases/tag/ubuntu24%2F20251112.124
build (3.11)	Set up job	2025-11-27T10:14:07.3075547Z ##[endgroup]
build (3.11)	Set up job	2025-11-27T10:14:07.3077339Z ##[group]GITHUB_TOKEN Permissions
build (3.11)	Set up job	2025-11-27T10:14:07.3080721Z Contents: read
build (3.11)	Set up job	2025-11-27T10:14:07.3081548Z Metadata: read
build (3.11)	Set up job	2025-11-27T10:14:07.3082336Z Packages: read
build (3.11)	Set up job	2025-11-27T10:14:07.3083258Z ##[endgroup]
build (3.11)	Set up job	2025-11-27T10:14:07.3086745Z Secret source: Actions
build (3.11)	Set up job	2025-11-27T10:14:07.3088237Z Prepare workflow directory
build (3.11)	Set up job	2025-11-27T10:14:07.4055941Z Prepare all required actions
build (3.11)	Set up job	2025-11-27T10:14:07.4157699Z Getting action download info
build (3.11)	Set up job	2025-11-27T10:14:07.7222390Z Download action repository 'actions/checkout@v3' (SHA:f43a0e5ff2bd294095638e18286ca9a3d1956744)
build (3.11)	Set up job	2025-11-27T10:14:07.8338181Z Download action repository 'actions/setup-python@v4' (SHA:7f4fc3e22c37d6ff65e88745f38bd3157c663f7c)
build (3.11)	Set up job	2025-11-27T10:14:08.0027564Z Complete job name: build (3.11)
build (3.11)	Run actions/checkout@v3	ï»¿2025-11-27T10:14:08.0708257Z ##[group]Run actions/checkout@v3
build (3.11)	Run actions/checkout@v3	2025-11-27T10:14:08.0709140Z with:
build (3.11)	Run actions/checkout@v3	2025-11-27T10:14:08.0709556Z   repository: edithatogo/vop_poc_nz
build (3.11)	Run actions/checkout@v3	2025-11-27T10:14:08.0710246Z   token: ***
build (3.11)	Run actions/checkout@v3	2025-11-27T10:14:08.0711030Z   ssh-strict: true
build (3.11)	Run actions/checkout@v3	2025-11-27T10:14:08.0711481Z   persist-credentials: true
build (3.11)	Run actions/checkout@v3	2025-11-27T10:14:08.0711932Z   clean: true
build (3.11)	Run actions/checkout@v3	2025-11-27T10:14:08.0712344Z   sparse-checkout-cone-mode: true
build (3.11)	Run actions/checkout@v3	2025-11-27T10:14:08.0712831Z   fetch-depth: 1
build (3.11)	Run actions/checkout@v3	2025-11-27T10:14:08.0713226Z   fetch-tags: false
build (3.11)	Run actions/checkout@v3	2025-11-27T10:14:08.0713614Z   lfs: false
build (3.11)	Run actions/checkout@v3	2025-11-27T10:14:08.0713989Z   submodules: false
build (3.11)	Run actions/checkout@v3	2025-11-27T10:14:08.0714399Z   set-safe-directory: true
build (3.11)	Run actions/checkout@v3	2025-11-27T10:14:08.0715174Z ##[endgroup]
build (3.11)	Run actions/checkout@v3	2025-11-27T10:14:08.1666343Z Syncing repository: edithatogo/vop_poc_nz
build (3.11)	Run actions/checkout@v3	2025-11-27T10:14:08.1670257Z ##[group]Getting Git version info
build (3.11)	Run actions/checkout@v3	2025-11-27T10:14:08.1671842Z Working directory is '/home/runner/work/vop_poc_nz/vop_poc_nz'
build (3.11)	Run actions/checkout@v3	2025-11-27T10:14:08.1673513Z [command]/usr/bin/git version
build (3.11)	Run actions/checkout@v3	2025-11-27T10:14:08.1748492Z git version 2.51.2
build (3.11)	Run actions/checkout@v3	2025-11-27T10:14:08.1780197Z ##[endgroup]
build (3.11)	Run actions/checkout@v3	2025-11-27T10:14:08.1793675Z Temporarily overriding HOME='/home/runner/work/_temp/e65a14eb-9e7a-4d71-9fd8-d5808f9a1d71' before making global git config changes
build (3.11)	Run actions/checkout@v3	2025-11-27T10:14:08.1797127Z Adding repository directory to the temporary git global config as a safe directory
build (3.11)	Run actions/checkout@v3	2025-11-27T10:14:08.1799649Z [command]/usr/bin/git config --global --add safe.directory /home/runner/work/vop_poc_nz/vop_poc_nz
build (3.11)	Run actions/checkout@v3	2025-11-27T10:14:08.1836569Z Deleting the contents of '/home/runner/work/vop_poc_nz/vop_poc_nz'
build (3.11)	Run actions/checkout@v3	2025-11-27T10:14:08.1841494Z ##[group]Initializing the repository
build (3.11)	Run actions/checkout@v3	2025-11-27T10:14:08.1845117Z [command]/usr/bin/git init /home/runner/work/vop_poc_nz/vop_poc_nz
build (3.11)	Run actions/checkout@v3	2025-11-27T10:14:08.1955960Z hint: Using 'master' as the name for the initial branch. This default branch name
build (3.11)	Run actions/checkout@v3	2025-11-27T10:14:08.1957833Z hint: is subject to change. To configure the initial branch name to use in all
build (3.11)	Run actions/checkout@v3	2025-11-27T10:14:08.1959370Z hint: of your new repositories, which will suppress this warning, call:
build (3.11)	Run actions/checkout@v3	2025-11-27T10:14:08.1960814Z hint:
build (3.11)	Run actions/checkout@v3	2025-11-27T10:14:08.1961587Z hint: 	git config --global init.defaultBranch <name>
build (3.11)	Run actions/checkout@v3	2025-11-27T10:14:08.1962500Z hint:
build (3.11)	Run actions/checkout@v3	2025-11-27T10:14:08.1964144Z hint: Names commonly chosen instead of 'master' are 'main', 'trunk' and
build (3.11)	Run actions/checkout@v3	2025-11-27T10:14:08.1966210Z hint: 'development'. The just-created branch can be renamed via this command:
build (3.11)	Run actions/checkout@v3	2025-11-27T10:14:08.1967492Z hint:
build (3.11)	Run actions/checkout@v3	2025-11-27T10:14:08.1968183Z hint: 	git branch -m <name>
build (3.11)	Run actions/checkout@v3	2025-11-27T10:14:08.1968971Z hint:
build (3.11)	Run actions/checkout@v3	2025-11-27T10:14:08.1970035Z hint: Disable this message with "git config set advice.defaultBranchName false"
build (3.11)	Run actions/checkout@v3	2025-11-27T10:14:08.1972063Z Initialized empty Git repository in /home/runner/work/vop_poc_nz/vop_poc_nz/.git/
build (3.11)	Run actions/checkout@v3	2025-11-27T10:14:08.1977009Z [command]/usr/bin/git remote add origin https://github.com/edithatogo/vop_poc_nz
build (3.11)	Run actions/checkout@v3	2025-11-27T10:14:08.2010725Z ##[endgroup]
build (3.11)	Run actions/checkout@v3	2025-11-27T10:14:08.2011955Z ##[group]Disabling automatic garbage collection
build (3.11)	Run actions/checkout@v3	2025-11-27T10:14:08.2013143Z [command]/usr/bin/git config --local gc.auto 0
build (3.11)	Run actions/checkout@v3	2025-11-27T10:14:08.2043834Z ##[endgroup]
build (3.11)	Run actions/checkout@v3	2025-11-27T10:14:08.2045083Z ##[group]Setting up auth
build (3.11)	Run actions/checkout@v3	2025-11-27T10:14:08.2049597Z [command]/usr/bin/git config --local --name-only --get-regexp core\.sshCommand
build (3.11)	Run actions/checkout@v3	2025-11-27T10:14:08.2080036Z [command]/usr/bin/git submodule foreach --recursive sh -c "git config --local --name-only --get-regexp 'core\.sshCommand' && git config --local --unset-all 'core.sshCommand' || :"
build (3.11)	Run actions/checkout@v3	2025-11-27T10:14:08.2478940Z [command]/usr/bin/git config --local --name-only --get-regexp http\.https\:\/\/github\.com\/\.extraheader
build (3.11)	Run actions/checkout@v3	2025-11-27T10:14:08.2512173Z [command]/usr/bin/git submodule foreach --recursive sh -c "git config --local --name-only --get-regexp 'http\.https\:\/\/github\.com\/\.extraheader' && git config --local --unset-all 'http.https://github.com/.extraheader' || :"
build (3.11)	Run actions/checkout@v3	2025-11-27T10:14:08.3381109Z [command]/usr/bin/git config --local http.https://github.com/.extraheader AUTHORIZATION: basic ***
build (3.11)	Run actions/checkout@v3	2025-11-27T10:14:08.3383881Z ##[endgroup]
build (3.11)	Run actions/checkout@v3	2025-11-27T10:14:08.3384991Z ##[group]Fetching the repository
build (3.11)	Run actions/checkout@v3	2025-11-27T10:14:08.3387675Z [command]/usr/bin/git -c protocol.version=2 fetch --no-tags --prune --progress --no-recurse-submodules --depth=1 origin +624deb44522aad1c5eabab159276c6e71471b4e5:refs/remotes/origin/main
build (3.11)	Run actions/checkout@v3	2025-11-27T10:14:08.5003864Z remote: Enumerating objects: 117, done.        
build (3.11)	Run actions/checkout@v3	2025-11-27T10:14:08.5005493Z remote: Counting objects:   0% (1/117)        
build (3.11)	Run actions/checkout@v3	2025-11-27T10:14:08.5006770Z remote: Counting objects:   1% (2/117)        
build (3.11)	Run actions/checkout@v3	2025-11-27T10:14:08.5007904Z remote: Counting objects:   2% (3/117)        
build (3.11)	Run actions/checkout@v3	2025-11-27T10:14:08.5008904Z remote: Counting objects:   3% (4/117)        
build (3.11)	Run actions/checkout@v3	2025-11-27T10:14:08.5009930Z remote: Counting objects:   4% (5/117)        
build (3.11)	Run actions/checkout@v3	2025-11-27T10:14:08.5011300Z remote: Counting objects:   5% (6/117)        
build (3.11)	Run actions/checkout@v3	2025-11-27T10:14:08.5012263Z remote: Counting objects:   6% (8/117)        
build (3.11)	Run actions/checkout@v3	2025-11-27T10:14:08.5012903Z remote: Counting objects:   7% (9/117)        
build (3.11)	Run actions/checkout@v3	2025-11-27T10:14:08.5013550Z remote: Counting objects:   8% (10/117)        
build (3.11)	Run actions/checkout@v3	2025-11-27T10:14:08.5014209Z remote: Counting objects:   9% (11/117)        
build (3.11)	Run actions/checkout@v3	2025-11-27T10:14:08.5014912Z remote: Counting objects:  10% (12/117)        
build (3.11)	Run actions/checkout@v3	2025-11-27T10:14:08.5015559Z remote: Counting objects:  11% (13/117)        
build (3.11)	Run actions/checkout@v3	2025-11-27T10:14:08.5016197Z remote: Counting objects:  12% (15/117)        
build (3.11)	Run actions/checkout@v3	2025-11-27T10:14:08.5016846Z remote: Counting objects:  13% (16/117)        
build (3.11)	Run actions/checkout@v3	2025-11-27T10:14:08.5017478Z remote: Counting objects:  14% (17/117)        
build (3.11)	Run actions/checkout@v3	2025-11-27T10:14:08.5018093Z remote: Counting objects:  15% (18/117)        
build (3.11)	Run actions/checkout@v3	2025-11-27T10:14:08.5018667Z remote: Counting objects:  16% (19/117)        
build (3.11)	Run actions/checkout@v3	2025-11-27T10:14:08.5019243Z remote: Counting objects:  17% (20/117)        
build (3.11)	Run actions/checkout@v3	2025-11-27T10:14:08.5019824Z remote: Counting objects:  18% (22/117)        
build (3.11)	Run actions/checkout@v3	2025-11-27T10:14:08.5020395Z remote: Counting objects:  19% (23/117)        
build (3.11)	Run actions/checkout@v3	2025-11-27T10:14:08.5021274Z remote: Counting objects:  20% (24/117)        
build (3.11)	Run actions/checkout@v3	2025-11-27T10:14:08.5021852Z remote: Counting objects:  21% (25/117)        
build (3.11)	Run actions/checkout@v3	2025-11-27T10:14:08.5022680Z remote: Counting objects:  22% (26/117)        
build (3.11)	Run actions/checkout@v3	2025-11-27T10:14:08.5023784Z remote: Counting objects:  23% (27/117)        
build (3.11)	Run actions/checkout@v3	2025-11-27T10:14:08.5024807Z remote: Counting objects:  24% (29/117)        
build (3.11)	Run actions/checkout@v3	2025-11-27T10:14:08.5025889Z remote: Counting objects:  25% (30/117)        
build (3.11)	Run actions/checkout@v3	2025-11-27T10:14:08.5027405Z remote: Counting objects:  26% (31/117)        
build (3.11)	Run actions/checkout@v3	2025-11-27T10:14:08.5028518Z remote: Counting objects:  27% (32/117)        
build (3.11)	Run actions/checkout@v3	2025-11-27T10:14:08.5029515Z remote: Counting objects:  28% (33/117)        
build (3.11)	Run actions/checkout@v3	2025-11-27T10:14:08.5030310Z remote: Counting objects:  29% (34/117)        
build (3.11)	Run actions/checkout@v3	2025-11-27T10:14:08.5031170Z remote: Counting objects:  30% (36/117)        
build (3.11)	Run actions/checkout@v3	2025-11-27T10:14:08.5032043Z remote: Counting objects:  31% (37/117)        
build (3.11)	Run actions/checkout@v3	2025-11-27T10:14:08.5033064Z remote: Counting objects:  32% (38/117)        
build (3.11)	Run actions/checkout@v3	2025-11-27T10:14:08.5034095Z remote: Counting objects:  33% (39/117)        
build (3.11)	Run actions/checkout@v3	2025-11-27T10:14:08.5035067Z remote: Counting objects:  34% (40/117)        
build (3.11)	Run actions/checkout@v3	2025-11-27T10:14:08.5035719Z remote: Counting objects:  35% (41/117)        
build (3.11)	Run actions/checkout@v3	2025-11-27T10:14:08.5036288Z remote: Counting objects:  36% (43/117)        
build (3.11)	Run actions/checkout@v3	2025-11-27T10:14:08.5036871Z remote: Counting objects:  37% (44/117)        
build (3.11)	Run actions/checkout@v3	2025-11-27T10:14:08.5037434Z remote: Counting objects:  38% (45/117)        
build (3.11)	Run actions/checkout@v3	2025-11-27T10:14:08.5038007Z remote: Counting objects:  39% (46/117)        
build (3.11)	Run actions/checkout@v3	2025-11-27T10:14:08.5038576Z remote: Counting objects:  40% (47/117)        
build (3.11)	Run actions/checkout@v3	2025-11-27T10:14:08.5039140Z remote: Counting objects:  41% (48/117)        
build (3.11)	Run actions/checkout@v3	2025-11-27T10:14:08.5039703Z remote: Counting objects:  42% (50/117)        
build (3.11)	Run actions/checkout@v3	2025-11-27T10:14:08.5040274Z remote: Counting objects:  43% (51/117)        
build (3.11)	Run actions/checkout@v3	2025-11-27T10:14:08.5041015Z remote: Counting objects:  44% (52/117)        
build (3.11)	Run actions/checkout@v3	2025-11-27T10:14:08.5041584Z remote: Counting objects:  45% (53/117)        
build (3.11)	Run actions/checkout@v3	2025-11-27T10:14:08.5042147Z remote: Counting objects:  46% (54/117)        
build (3.11)	Run actions/checkout@v3	2025-11-27T10:14:08.5042707Z remote: Counting objects:  47% (55/117)        
build (3.11)	Run actions/checkout@v3	2025-11-27T10:14:08.5043273Z remote: Counting objects:  48% (57/117)        
build (3.11)	Run actions/checkout@v3	2025-11-27T10:14:08.5043838Z remote: Counting objects:  49% (58/117)        
build (3.11)	Run actions/checkout@v3	2025-11-27T10:14:08.5044659Z remote: Counting objects:  50% (59/117)        
build (3.11)	Run actions/checkout@v3	2025-11-27T10:14:08.5045237Z remote: Counting objects:  51% (60/117)        
build (3.11)	Run actions/checkout@v3	2025-11-27T10:14:08.5045811Z remote: Counting objects:  52% (61/117)        
build (3.11)	Run actions/checkout@v3	2025-11-27T10:14:08.5046370Z remote: Counting objects:  53% (63/117)        
build (3.11)	Run actions/checkout@v3	2025-11-27T10:14:08.5046934Z remote: Counting objects:  54% (64/117)        
build (3.11)	Run actions/checkout@v3	2025-11-27T10:14:08.5047501Z remote: Counting objects:  55% (65/117)        
build (3.11)	Run actions/checkout@v3	2025-11-27T10:14:08.5048061Z remote: Counting objects:  56% (66/117)        
build (3.11)	Run actions/checkout@v3	2025-11-27T10:14:08.5048618Z remote: Counting objects:  57% (67/117)        
build (3.11)	Run actions/checkout@v3	2025-11-27T10:14:08.5049187Z remote: Counting objects:  58% (68/117)        
build (3.11)	Run actions/checkout@v3	2025-11-27T10:14:08.5049748Z remote: Counting objects:  59% (70/117)        
build (3.11)	Run actions/checkout@v3	2025-11-27T10:14:08.5050332Z remote: Counting objects:  60% (71/117)        
build (3.11)	Run actions/checkout@v3	2025-11-27T10:14:08.5051014Z remote: Counting objects:  61% (72/117)        
build (3.11)	Run actions/checkout@v3	2025-11-27T10:14:08.5051578Z remote: Counting objects:  62% (73/117)        
build (3.11)	Run actions/checkout@v3	2025-11-27T10:14:08.5052142Z remote: Counting objects:  63% (74/117)        
build (3.11)	Run actions/checkout@v3	2025-11-27T10:14:08.5052717Z remote: Counting objects:  64% (75/117)        
build (3.11)	Run actions/checkout@v3	2025-11-27T10:14:08.5053284Z remote: Counting objects:  65% (77/117)        
build (3.11)	Run actions/checkout@v3	2025-11-27T10:14:08.5053854Z remote: Counting objects:  66% (78/117)        
build (3.11)	Run actions/checkout@v3	2025-11-27T10:14:08.5054405Z remote: Counting objects:  67% (79/117)        
build (3.11)	Run actions/checkout@v3	2025-11-27T10:14:08.5054966Z remote: Counting objects:  68% (80/117)        
build (3.11)	Run actions/checkout@v3	2025-11-27T10:14:08.5055532Z remote: Counting objects:  69% (81/117)        
build (3.11)	Run actions/checkout@v3	2025-11-27T10:14:08.5056085Z remote: Counting objects:  70% (82/117)        
build (3.11)	Run actions/checkout@v3	2025-11-27T10:14:08.5056640Z remote: Counting objects:  71% (84/117)        
build (3.11)	Run actions/checkout@v3	2025-11-27T10:14:08.5057197Z remote: Counting objects:  72% (85/117)        
build (3.11)	Run actions/checkout@v3	2025-11-27T10:14:08.5057742Z remote: Counting objects:  73% (86/117)        
build (3.11)	Run actions/checkout@v3	2025-11-27T10:14:08.5058304Z remote: Counting objects:  74% (87/117)        
build (3.11)	Run actions/checkout@v3	2025-11-27T10:14:08.5058851Z remote: Counting objects:  75% (88/117)        
build (3.11)	Run actions/checkout@v3	2025-11-27T10:14:08.5059413Z remote: Counting objects:  76% (89/117)        
build (3.11)	Run actions/checkout@v3	2025-11-27T10:14:08.5059966Z remote: Counting objects:  77% (91/117)        
build (3.11)	Run actions/checkout@v3	2025-11-27T10:14:08.5060634Z remote: Counting objects:  78% (92/117)        
build (3.11)	Run actions/checkout@v3	2025-11-27T10:14:08.5061365Z remote: Counting objects:  79% (93/117)        
build (3.11)	Run actions/checkout@v3	2025-11-27T10:14:08.5062183Z remote: Counting objects:  80% (94/117)        
build (3.11)	Run actions/checkout@v3	2025-11-27T10:14:08.5062831Z remote: Counting objects:  81% (95/117)        
build (3.11)	Run actions/checkout@v3	2025-11-27T10:14:08.5063451Z remote: Counting objects:  82% (96/117)        
build (3.11)	Run actions/checkout@v3	2025-11-27T10:14:08.5064141Z remote: Counting objects:  83% (98/117)        
build (3.11)	Run actions/checkout@v3	2025-11-27T10:14:08.5064807Z remote: Counting objects:  84% (99/117)        
build (3.11)	Run actions/checkout@v3	2025-11-27T10:14:08.5065477Z remote: Counting objects:  85% (100/117)        
build (3.11)	Run actions/checkout@v3	2025-11-27T10:14:08.5066102Z remote: Counting objects:  86% (101/117)        
build (3.11)	Run actions/checkout@v3	2025-11-27T10:14:08.5066769Z remote: Counting objects:  87% (102/117)        
build (3.11)	Run actions/checkout@v3	2025-11-27T10:14:08.5067511Z remote: Counting objects:  88% (103/117)        
build (3.11)	Run actions/checkout@v3	2025-11-27T10:14:08.5068214Z remote: Counting objects:  89% (105/117)        
build (3.11)	Run actions/checkout@v3	2025-11-27T10:14:08.5068918Z remote: Counting objects:  90% (106/117)        
build (3.11)	Run actions/checkout@v3	2025-11-27T10:14:08.5069566Z remote: Counting objects:  91% (107/117)        
build (3.11)	Run actions/checkout@v3	2025-11-27T10:14:08.5070172Z remote: Counting objects:  92% (108/117)        
build (3.11)	Run actions/checkout@v3	2025-11-27T10:14:08.5071301Z remote: Counting objects:  93% (109/117)        
build (3.11)	Run actions/checkout@v3	2025-11-27T10:14:08.5072006Z remote: Counting objects:  94% (110/117)        
build (3.11)	Run actions/checkout@v3	2025-11-27T10:14:08.5072590Z remote: Counting objects:  95% (112/117)        
build (3.11)	Run actions/checkout@v3	2025-11-27T10:14:08.5073160Z remote: Counting objects:  96% (113/117)        
build (3.11)	Run actions/checkout@v3	2025-11-27T10:14:08.5073725Z remote: Counting objects:  97% (114/117)        
build (3.11)	Run actions/checkout@v3	2025-11-27T10:14:08.5074287Z remote: Counting objects:  98% (115/117)        
build (3.11)	Run actions/checkout@v3	2025-11-27T10:14:08.5074854Z remote: Counting objects:  99% (116/117)        
build (3.11)	Run actions/checkout@v3	2025-11-27T10:14:08.5075418Z remote: Counting objects: 100% (117/117)        
build (3.11)	Run actions/checkout@v3	2025-11-27T10:14:08.5076016Z remote: Counting objects: 100% (117/117), done.        
build (3.11)	Run actions/checkout@v3	2025-11-27T10:14:08.5076637Z remote: Compressing objects:   1% (1/100)        
build (3.11)	Run actions/checkout@v3	2025-11-27T10:14:08.5077398Z remote: Compressing objects:   2% (2/100)        
build (3.11)	Run actions/checkout@v3	2025-11-27T10:14:08.5077977Z remote: Compressing objects:   3% (3/100)        
build (3.11)	Run actions/checkout@v3	2025-11-27T10:14:08.5078560Z remote: Compressing objects:   4% (4/100)        
build (3.11)	Run actions/checkout@v3	2025-11-27T10:14:08.5079147Z remote: Compressing objects:   5% (5/100)        
build (3.11)	Run actions/checkout@v3	2025-11-27T10:14:08.5079727Z remote: Compressing objects:   6% (6/100)        
build (3.11)	Run actions/checkout@v3	2025-11-27T10:14:08.5080312Z remote: Compressing objects:   7% (7/100)        
build (3.11)	Run actions/checkout@v3	2025-11-27T10:14:08.5081015Z remote: Compressing objects:   8% (8/100)        
build (3.11)	Run actions/checkout@v3	2025-11-27T10:14:08.5081597Z remote: Compressing objects:   9% (9/100)        
build (3.11)	Run actions/checkout@v3	2025-11-27T10:14:08.5082182Z remote: Compressing objects:  10% (10/100)        
build (3.11)	Run actions/checkout@v3	2025-11-27T10:14:08.5082806Z remote: Compressing objects:  11% (11/100)        
build (3.11)	Run actions/checkout@v3	2025-11-27T10:14:08.5083412Z remote: Compressing objects:  12% (12/100)        
build (3.11)	Run actions/checkout@v3	2025-11-27T10:14:08.5084018Z remote: Compressing objects:  13% (13/100)        
build (3.11)	Run actions/checkout@v3	2025-11-27T10:14:08.5084626Z remote: Compressing objects:  14% (14/100)        
build (3.11)	Run actions/checkout@v3	2025-11-27T10:14:08.5085222Z remote: Compressing objects:  15% (15/100)        
build (3.11)	Run actions/checkout@v3	2025-11-27T10:14:08.5085830Z remote: Compressing objects:  16% (16/100)        
build (3.11)	Run actions/checkout@v3	2025-11-27T10:14:08.5156764Z remote: Compressing objects:  17% (17/100)        
build (3.11)	Run actions/checkout@v3	2025-11-27T10:14:08.5158343Z remote: Compressing objects:  18% (18/100)        
build (3.11)	Run actions/checkout@v3	2025-11-27T10:14:08.5159718Z remote: Compressing objects:  19% (19/100)        
build (3.11)	Run actions/checkout@v3	2025-11-27T10:14:08.5161147Z remote: Compressing objects:  20% (20/100)        
build (3.11)	Run actions/checkout@v3	2025-11-27T10:14:08.5162095Z remote: Compressing objects:  21% (21/100)        
build (3.11)	Run actions/checkout@v3	2025-11-27T10:14:08.5163041Z remote: Compressing objects:  22% (22/100)        
build (3.11)	Run actions/checkout@v3	2025-11-27T10:14:08.5164018Z remote: Compressing objects:  23% (23/100)        
build (3.11)	Run actions/checkout@v3	2025-11-27T10:14:08.5164957Z remote: Compressing objects:  24% (24/100)        
build (3.11)	Run actions/checkout@v3	2025-11-27T10:14:08.5165772Z remote: Compressing objects:  25% (25/100)        
build (3.11)	Run actions/checkout@v3	2025-11-27T10:14:08.5166725Z remote: Compressing objects:  26% (26/100)        
build (3.11)	Run actions/checkout@v3	2025-11-27T10:14:08.5167703Z remote: Compressing objects:  27% (27/100)        
build (3.11)	Run actions/checkout@v3	2025-11-27T10:14:08.5168813Z remote: Compressing objects:  28% (28/100)        
build (3.11)	Run actions/checkout@v3	2025-11-27T10:14:08.5169794Z remote: Compressing objects:  29% (29/100)        
build (3.11)	Run actions/checkout@v3	2025-11-27T10:14:08.5171992Z remote: Compressing objects:  30% (30/100)        
build (3.11)	Run actions/checkout@v3	2025-11-27T10:14:08.5172983Z remote: Compressing objects:  31% (31/100)        
build (3.11)	Run actions/checkout@v3	2025-11-27T10:14:08.5173949Z remote: Compressing objects:  32% (32/100)        
build (3.11)	Run actions/checkout@v3	2025-11-27T10:14:08.5174882Z remote: Compressing objects:  33% (33/100)        
build (3.11)	Run actions/checkout@v3	2025-11-27T10:14:08.5175848Z remote: Compressing objects:  34% (34/100)        
build (3.11)	Run actions/checkout@v3	2025-11-27T10:14:08.5178226Z remote: Compressing objects:  35% (35/100)        
build (3.11)	Run actions/checkout@v3	2025-11-27T10:14:08.5179250Z remote: Compressing objects:  36% (36/100)        
build (3.11)	Run actions/checkout@v3	2025-11-27T10:14:08.5181651Z remote: Compressing objects:  37% (37/100)        
build (3.11)	Run actions/checkout@v3	2025-11-27T10:14:08.5182323Z remote: Compressing objects:  38% (38/100)        
build (3.11)	Run actions/checkout@v3	2025-11-27T10:14:08.5182936Z remote: Compressing objects:  39% (39/100)        
build (3.11)	Run actions/checkout@v3	2025-11-27T10:14:08.5183556Z remote: Compressing objects:  40% (40/100)        
build (3.11)	Run actions/checkout@v3	2025-11-27T10:14:08.5184146Z remote: Compressing objects:  41% (41/100)        
build (3.11)	Run actions/checkout@v3	2025-11-27T10:14:08.5184976Z remote: Compressing objects:  42% (42/100)        
build (3.11)	Run actions/checkout@v3	2025-11-27T10:14:08.5186017Z remote: Compressing objects:  43% (43/100)        
build (3.11)	Run actions/checkout@v3	2025-11-27T10:14:08.5186983Z remote: Compressing objects:  44% (44/100)        
build (3.11)	Run actions/checkout@v3	2025-11-27T10:14:08.5187614Z remote: Compressing objects:  45% (45/100)        
build (3.11)	Run actions/checkout@v3	2025-11-27T10:14:08.5188209Z remote: Compressing objects:  46% (46/100)        
build (3.11)	Run actions/checkout@v3	2025-11-27T10:14:08.5188801Z remote: Compressing objects:  47% (47/100)        
build (3.11)	Run actions/checkout@v3	2025-11-27T10:14:08.5189730Z remote: Compressing objects:  48% (48/100)        
build (3.11)	Run actions/checkout@v3	2025-11-27T10:14:08.5190837Z remote: Compressing objects:  49% (49/100)        
build (3.11)	Run actions/checkout@v3	2025-11-27T10:14:08.5191884Z remote: Compressing objects:  50% (50/100)        
build (3.11)	Run actions/checkout@v3	2025-11-27T10:14:08.5192560Z remote: Compressing objects:  51% (51/100)        
build (3.11)	Run actions/checkout@v3	2025-11-27T10:14:08.5193172Z remote: Compressing objects:  52% (52/100)        
build (3.11)	Run actions/checkout@v3	2025-11-27T10:14:08.5194656Z remote: Compressing objects:  53% (53/100)        
build (3.11)	Run actions/checkout@v3	2025-11-27T10:14:08.5195806Z remote: Compressing objects:  54% (54/100)        
build (3.11)	Run actions/checkout@v3	2025-11-27T10:14:08.5196711Z remote: Compressing objects:  55% (55/100)        
build (3.11)	Run actions/checkout@v3	2025-11-27T10:14:08.5197737Z remote: Compressing objects:  56% (56/100)        
build (3.11)	Run actions/checkout@v3	2025-11-27T10:14:08.5198954Z remote: Compressing objects:  57% (57/100)        
build (3.11)	Run actions/checkout@v3	2025-11-27T10:14:08.5203817Z remote: Compressing objects:  58% (58/100)        
build (3.11)	Run actions/checkout@v3	2025-11-27T10:14:08.5206043Z remote: Compressing objects:  59% (59/100)        
build (3.11)	Run actions/checkout@v3	2025-11-27T10:14:08.5207136Z remote: Compressing objects:  60% (60/100)        
build (3.11)	Run actions/checkout@v3	2025-11-27T10:14:08.5208345Z remote: Compressing objects:  61% (61/100)        
build (3.11)	Run actions/checkout@v3	2025-11-27T10:14:08.5209349Z remote: Compressing objects:  62% (62/100)        
build (3.11)	Run actions/checkout@v3	2025-11-27T10:14:08.5210338Z remote: Compressing objects:  63% (63/100)        
build (3.11)	Run actions/checkout@v3	2025-11-27T10:14:08.5211573Z remote: Compressing objects:  64% (64/100)        
build (3.11)	Run actions/checkout@v3	2025-11-27T10:14:08.5212569Z remote: Compressing objects:  65% (65/100)        
build (3.11)	Run actions/checkout@v3	2025-11-27T10:14:08.5213573Z remote: Compressing objects:  66% (66/100)        
build (3.11)	Run actions/checkout@v3	2025-11-27T10:14:08.5214521Z remote: Compressing objects:  67% (67/100)        
build (3.11)	Run actions/checkout@v3	2025-11-27T10:14:08.5215456Z remote: Compressing objects:  68% (68/100)        
build (3.11)	Run actions/checkout@v3	2025-11-27T10:14:08.5216387Z remote: Compressing objects:  69% (69/100)        
build (3.11)	Run actions/checkout@v3	2025-11-27T10:14:08.5217334Z remote: Compressing objects:  70% (70/100)        
build (3.11)	Run actions/checkout@v3	2025-11-27T10:14:08.5218284Z remote: Compressing objects:  71% (71/100)        
build (3.11)	Run actions/checkout@v3	2025-11-27T10:14:08.5219236Z remote: Compressing objects:  72% (72/100)        
build (3.11)	Run actions/checkout@v3	2025-11-27T10:14:08.5220177Z remote: Compressing objects:  73% (73/100)        
build (3.11)	Run actions/checkout@v3	2025-11-27T10:14:08.5221357Z remote: Compressing objects:  74% (74/100)        
build (3.11)	Run actions/checkout@v3	2025-11-27T10:14:08.5222405Z remote: Compressing objects:  75% (75/100)        
build (3.11)	Run actions/checkout@v3	2025-11-27T10:14:08.5223379Z remote: Compressing objects:  76% (76/100)        
build (3.11)	Run actions/checkout@v3	2025-11-27T10:14:08.5224326Z remote: Compressing objects:  77% (77/100)        
build (3.11)	Run actions/checkout@v3	2025-11-27T10:14:08.5225267Z remote: Compressing objects:  78% (78/100)        
build (3.11)	Run actions/checkout@v3	2025-11-27T10:14:08.5226234Z remote: Compressing objects:  79% (79/100)        
build (3.11)	Run actions/checkout@v3	2025-11-27T10:14:08.5227176Z remote: Compressing objects:  80% (80/100)        
build (3.11)	Run actions/checkout@v3	2025-11-27T10:14:08.5228360Z remote: Compressing objects:  81% (81/100)        
build (3.11)	Run actions/checkout@v3	2025-11-27T10:14:08.5229303Z remote: Compressing objects:  82% (82/100)        
build (3.11)	Run actions/checkout@v3	2025-11-27T10:14:08.5230253Z remote: Compressing objects:  83% (83/100)        
build (3.11)	Run actions/checkout@v3	2025-11-27T10:14:08.5231391Z remote: Compressing objects:  84% (84/100)        
build (3.11)	Run actions/checkout@v3	2025-11-27T10:14:08.5232342Z remote: Compressing objects:  85% (85/100)        
build (3.11)	Run actions/checkout@v3	2025-11-27T10:14:08.5233292Z remote: Compressing objects:  86% (86/100)        
build (3.11)	Run actions/checkout@v3	2025-11-27T10:14:08.5234231Z remote: Compressing objects:  87% (87/100)        
build (3.11)	Run actions/checkout@v3	2025-11-27T10:14:08.5235179Z remote: Compressing objects:  88% (88/100)        
build (3.11)	Run actions/checkout@v3	2025-11-27T10:14:08.5236119Z remote: Compressing objects:  89% (89/100)        
build (3.11)	Run actions/checkout@v3	2025-11-27T10:14:08.5237066Z remote: Compressing objects:  90% (90/100)        
build (3.11)	Run actions/checkout@v3	2025-11-27T10:14:08.5238022Z remote: Compressing objects:  91% (91/100)        
build (3.11)	Run actions/checkout@v3	2025-11-27T10:14:08.5238980Z remote: Compressing objects:  92% (92/100)        
build (3.11)	Run actions/checkout@v3	2025-11-27T10:14:08.5239935Z remote: Compressing objects:  93% (93/100)        
build (3.11)	Run actions/checkout@v3	2025-11-27T10:14:08.5241121Z remote: Compressing objects:  94% (94/100)        
build (3.11)	Run actions/checkout@v3	2025-11-27T10:14:08.5242072Z remote: Compressing objects:  95% (95/100)        
build (3.11)	Run actions/checkout@v3	2025-11-27T10:14:08.5243028Z remote: Compressing objects:  96% (96/100)        
build (3.11)	Run actions/checkout@v3	2025-11-27T10:14:08.5243968Z remote: Compressing objects:  97% (97/100)        
build (3.11)	Run actions/checkout@v3	2025-11-27T10:14:08.5244913Z remote: Compressing objects:  98% (98/100)        
build (3.11)	Run actions/checkout@v3	2025-11-27T10:14:08.5245850Z remote: Compressing objects:  99% (99/100)        
build (3.11)	Run actions/checkout@v3	2025-11-27T10:14:08.5246806Z remote: Compressing objects: 100% (100/100)        
build (3.11)	Run actions/checkout@v3	2025-11-27T10:14:08.5247841Z remote: Compressing objects: 100% (100/100), done.        
build (3.11)	Run actions/checkout@v3	2025-11-27T10:14:08.5248807Z Receiving objects:   0% (1/117)
build (3.11)	Run actions/checkout@v3	2025-11-27T10:14:08.5249591Z Receiving objects:   1% (2/117)
build (3.11)	Run actions/checkout@v3	2025-11-27T10:14:08.5250348Z Receiving objects:   2% (3/117)
build (3.11)	Run actions/checkout@v3	2025-11-27T10:14:08.5251533Z Receiving objects:   3% (4/117)
build (3.11)	Run actions/checkout@v3	2025-11-27T10:14:08.5252347Z Receiving objects:   4% (5/117)
build (3.11)	Run actions/checkout@v3	2025-11-27T10:14:08.5253154Z Receiving objects:   5% (6/117)
build (3.11)	Run actions/checkout@v3	2025-11-27T10:14:08.5253874Z Receiving objects:   6% (8/117)
build (3.11)	Run actions/checkout@v3	2025-11-27T10:14:08.5254593Z Receiving objects:   7% (9/117)
build (3.11)	Run actions/checkout@v3	2025-11-27T10:14:08.5255310Z Receiving objects:   8% (10/117)
build (3.11)	Run actions/checkout@v3	2025-11-27T10:14:08.5256046Z Receiving objects:   9% (11/117)
build (3.11)	Run actions/checkout@v3	2025-11-27T10:14:08.5256784Z Receiving objects:  10% (12/117)
build (3.11)	Run actions/checkout@v3	2025-11-27T10:14:08.5257518Z Receiving objects:  11% (13/117)
build (3.11)	Run actions/checkout@v3	2025-11-27T10:14:08.5258254Z Receiving objects:  12% (15/117)
build (3.11)	Run actions/checkout@v3	2025-11-27T10:14:08.5258980Z Receiving objects:  13% (16/117)
build (3.11)	Run actions/checkout@v3	2025-11-27T10:14:08.5259711Z Receiving objects:  14% (17/117)
build (3.11)	Run actions/checkout@v3	2025-11-27T10:14:08.5260445Z Receiving objects:  15% (18/117)
build (3.11)	Run actions/checkout@v3	2025-11-27T10:14:08.5261342Z Receiving objects:  16% (19/117)
build (3.11)	Run actions/checkout@v3	2025-11-27T10:14:08.5262863Z Receiving objects:  17% (20/117)
build (3.11)	Run actions/checkout@v3	2025-11-27T10:14:08.5263605Z Receiving objects:  18% (22/117)
build (3.11)	Run actions/checkout@v3	2025-11-27T10:14:08.5264357Z Receiving objects:  19% (23/117)
build (3.11)	Run actions/checkout@v3	2025-11-27T10:14:08.5265084Z Receiving objects:  20% (24/117)
build (3.11)	Run actions/checkout@v3	2025-11-27T10:14:08.5265812Z Receiving objects:  21% (25/117)
build (3.11)	Run actions/checkout@v3	2025-11-27T10:14:08.5547214Z Receiving objects:  22% (26/117)
build (3.11)	Run actions/checkout@v3	2025-11-27T10:14:08.5552535Z Receiving objects:  23% (27/117)
build (3.11)	Run actions/checkout@v3	2025-11-27T10:14:08.5553492Z Receiving objects:  24% (29/117)
build (3.11)	Run actions/checkout@v3	2025-11-27T10:14:08.5554431Z Receiving objects:  25% (30/117)
build (3.11)	Run actions/checkout@v3	2025-11-27T10:14:08.5555329Z Receiving objects:  26% (31/117)
build (3.11)	Run actions/checkout@v3	2025-11-27T10:14:08.5556108Z Receiving objects:  27% (32/117)
build (3.11)	Run actions/checkout@v3	2025-11-27T10:14:08.5556894Z Receiving objects:  28% (33/117)
build (3.11)	Run actions/checkout@v3	2025-11-27T10:14:08.5557660Z Receiving objects:  29% (34/117)
build (3.11)	Run actions/checkout@v3	2025-11-27T10:14:08.5558436Z Receiving objects:  30% (36/117)
build (3.11)	Run actions/checkout@v3	2025-11-27T10:14:08.5559196Z Receiving objects:  31% (37/117)
build (3.11)	Run actions/checkout@v3	2025-11-27T10:14:08.5559966Z Receiving objects:  32% (38/117)
build (3.11)	Run actions/checkout@v3	2025-11-27T10:14:08.5564645Z Receiving objects:  33% (39/117)
build (3.11)	Run actions/checkout@v3	2025-11-27T10:14:08.5565491Z Receiving objects:  34% (40/117)
build (3.11)	Run actions/checkout@v3	2025-11-27T10:14:08.5566263Z Receiving objects:  35% (41/117)
build (3.11)	Run actions/checkout@v3	2025-11-27T10:14:08.5567083Z Receiving objects:  36% (43/117)
build (3.11)	Run actions/checkout@v3	2025-11-27T10:14:08.5567859Z Receiving objects:  37% (44/117)
build (3.11)	Run actions/checkout@v3	2025-11-27T10:14:08.5568620Z Receiving objects:  38% (45/117)
build (3.11)	Run actions/checkout@v3	2025-11-27T10:14:08.5569649Z Receiving objects:  39% (46/117)
build (3.11)	Run actions/checkout@v3	2025-11-27T10:14:08.5570409Z Receiving objects:  40% (47/117)
build (3.11)	Run actions/checkout@v3	2025-11-27T10:14:08.5571445Z Receiving objects:  41% (48/117)
build (3.11)	Run actions/checkout@v3	2025-11-27T10:14:08.5572205Z Receiving objects:  42% (50/117)
build (3.11)	Run actions/checkout@v3	2025-11-27T10:14:08.5572964Z Receiving objects:  43% (51/117)
build (3.11)	Run actions/checkout@v3	2025-11-27T10:14:08.5573722Z Receiving objects:  44% (52/117)
build (3.11)	Run actions/checkout@v3	2025-11-27T10:14:08.9031200Z Receiving objects:  45% (53/117)
build (3.11)	Run actions/checkout@v3	2025-11-27T10:14:08.9360774Z Receiving objects:  46% (54/117)
build (3.11)	Run actions/checkout@v3	2025-11-27T10:14:08.9379410Z Receiving objects:  47% (55/117)
build (3.11)	Run actions/checkout@v3	2025-11-27T10:14:08.9401884Z Receiving objects:  48% (57/117)
build (3.11)	Run actions/checkout@v3	2025-11-27T10:14:08.9403764Z Receiving objects:  49% (58/117)
build (3.11)	Run actions/checkout@v3	2025-11-27T10:14:08.9405318Z Receiving objects:  50% (59/117)
build (3.11)	Run actions/checkout@v3	2025-11-27T10:14:08.9407903Z Receiving objects:  51% (60/117)
build (3.11)	Run actions/checkout@v3	2025-11-27T10:14:08.9408939Z Receiving objects:  52% (61/117)
build (3.11)	Run actions/checkout@v3	2025-11-27T10:14:08.9410998Z Receiving objects:  53% (63/117)
build (3.11)	Run actions/checkout@v3	2025-11-27T10:14:08.9411915Z Receiving objects:  54% (64/117)
build (3.11)	Run actions/checkout@v3	2025-11-27T10:14:08.9412831Z Receiving objects:  55% (65/117)
build (3.11)	Run actions/checkout@v3	2025-11-27T10:14:08.9413749Z Receiving objects:  56% (66/117)
build (3.11)	Run actions/checkout@v3	2025-11-27T10:14:08.9414697Z Receiving objects:  57% (67/117)
build (3.11)	Run actions/checkout@v3	2025-11-27T10:14:08.9415694Z Receiving objects:  58% (68/117)
build (3.11)	Run actions/checkout@v3	2025-11-27T10:14:08.9416718Z Receiving objects:  59% (70/117)
build (3.11)	Run actions/checkout@v3	2025-11-27T10:14:08.9417675Z Receiving objects:  60% (71/117)
build (3.11)	Run actions/checkout@v3	2025-11-27T10:14:08.9418529Z Receiving objects:  61% (72/117)
build (3.11)	Run actions/checkout@v3	2025-11-27T10:14:08.9419409Z Receiving objects:  62% (73/117)
build (3.11)	Run actions/checkout@v3	2025-11-27T10:14:08.9420257Z Receiving objects:  63% (74/117)
build (3.11)	Run actions/checkout@v3	2025-11-27T10:14:08.9421385Z Receiving objects:  64% (75/117)
build (3.11)	Run actions/checkout@v3	2025-11-27T10:14:08.9422281Z Receiving objects:  65% (77/117)
build (3.11)	Run actions/checkout@v3	2025-11-27T10:14:08.9423128Z Receiving objects:  66% (78/117)
build (3.11)	Run actions/checkout@v3	2025-11-27T10:14:08.9440763Z Receiving objects:  67% (79/117)
build (3.11)	Run actions/checkout@v3	2025-11-27T10:14:08.9441793Z Receiving objects:  68% (80/117)
build (3.11)	Run actions/checkout@v3	2025-11-27T10:14:08.9442971Z Receiving objects:  69% (81/117)
build (3.11)	Run actions/checkout@v3	2025-11-27T10:14:08.9443864Z Receiving objects:  70% (82/117)
build (3.11)	Run actions/checkout@v3	2025-11-27T10:14:08.9445252Z remote: Total 117 (delta 13), reused 85 (delta 12), pack-reused 0 (from 0)        
build (3.11)	Run actions/checkout@v3	2025-11-27T10:14:08.9446795Z Receiving objects:  71% (84/117)
build (3.11)	Run actions/checkout@v3	2025-11-27T10:14:08.9447793Z Receiving objects:  72% (85/117)
build (3.11)	Run actions/checkout@v3	2025-11-27T10:14:08.9448892Z Receiving objects:  73% (86/117)
build (3.11)	Run actions/checkout@v3	2025-11-27T10:14:08.9449881Z Receiving objects:  74% (87/117)
build (3.11)	Run actions/checkout@v3	2025-11-27T10:14:08.9451113Z Receiving objects:  75% (88/117)
build (3.11)	Run actions/checkout@v3	2025-11-27T10:14:08.9452047Z Receiving objects:  76% (89/117)
build (3.11)	Run actions/checkout@v3	2025-11-27T10:14:08.9452991Z Receiving objects:  77% (91/117)
build (3.11)	Run actions/checkout@v3	2025-11-27T10:14:08.9453969Z Receiving objects:  78% (92/117)
build (3.11)	Run actions/checkout@v3	2025-11-27T10:14:08.9454918Z Receiving objects:  79% (93/117)
build (3.11)	Run actions/checkout@v3	2025-11-27T10:14:08.9457033Z Receiving objects:  80% (94/117)
build (3.11)	Run actions/checkout@v3	2025-11-27T10:14:08.9458856Z Receiving objects:  81% (95/117)
build (3.11)	Run actions/checkout@v3	2025-11-27T10:14:08.9459857Z Receiving objects:  82% (96/117)
build (3.11)	Run actions/checkout@v3	2025-11-27T10:14:08.9461018Z Receiving objects:  83% (98/117)
build (3.11)	Run actions/checkout@v3	2025-11-27T10:14:08.9462041Z Receiving objects:  84% (99/117)
build (3.11)	Run actions/checkout@v3	2025-11-27T10:14:08.9463048Z Receiving objects:  85% (100/117)
build (3.11)	Run actions/checkout@v3	2025-11-27T10:14:08.9464066Z Receiving objects:  86% (101/117)
build (3.11)	Run actions/checkout@v3	2025-11-27T10:14:08.9465100Z Receiving objects:  87% (102/117)
build (3.11)	Run actions/checkout@v3	2025-11-27T10:14:08.9466287Z Receiving objects:  88% (103/117)
build (3.11)	Run actions/checkout@v3	2025-11-27T10:14:08.9467258Z Receiving objects:  89% (105/117)
build (3.11)	Run actions/checkout@v3	2025-11-27T10:14:08.9469399Z Receiving objects:  90% (106/117)
build (3.11)	Run actions/checkout@v3	2025-11-27T10:14:08.9470380Z Receiving objects:  91% (107/117)
build (3.11)	Run actions/checkout@v3	2025-11-27T10:14:08.9472479Z Receiving objects:  92% (108/117)
build (3.11)	Run actions/checkout@v3	2025-11-27T10:14:08.9473444Z Receiving objects:  93% (109/117)
build (3.11)	Run actions/checkout@v3	2025-11-27T10:14:08.9474366Z Receiving objects:  94% (110/117)
build (3.11)	Run actions/checkout@v3	2025-11-27T10:14:08.9475261Z Receiving objects:  95% (112/117)
build (3.11)	Run actions/checkout@v3	2025-11-27T10:14:08.9476153Z Receiving objects:  96% (113/117)
build (3.11)	Run actions/checkout@v3	2025-11-27T10:14:08.9477033Z Receiving objects:  97% (114/117)
build (3.11)	Run actions/checkout@v3	2025-11-27T10:14:08.9477926Z Receiving objects:  98% (115/117)
build (3.11)	Run actions/checkout@v3	2025-11-27T10:14:08.9478795Z Receiving objects:  99% (116/117)
build (3.11)	Run actions/checkout@v3	2025-11-27T10:14:08.9481815Z Receiving objects: 100% (117/117)
build (3.11)	Run actions/checkout@v3	2025-11-27T10:14:08.9482989Z Receiving objects: 100% (117/117), 24.19 MiB | 56.55 MiB/s, done.
build (3.11)	Run actions/checkout@v3	2025-11-27T10:14:08.9484418Z Resolving deltas:   0% (0/13)
build (3.11)	Run actions/checkout@v3	2025-11-27T10:14:08.9485248Z Resolving deltas:   7% (1/13)
build (3.11)	Run actions/checkout@v3	2025-11-27T10:14:08.9486038Z Resolving deltas:  15% (2/13)
build (3.11)	Run actions/checkout@v3	2025-11-27T10:14:08.9486852Z Resolving deltas:  23% (3/13)
build (3.11)	Run actions/checkout@v3	2025-11-27T10:14:08.9487696Z Resolving deltas:  30% (4/13)
build (3.11)	Run actions/checkout@v3	2025-11-27T10:14:08.9488525Z Resolving deltas:  38% (5/13)
build (3.11)	Run actions/checkout@v3	2025-11-27T10:14:08.9489329Z Resolving deltas:  46% (6/13)
build (3.11)	Run actions/checkout@v3	2025-11-27T10:14:08.9490144Z Resolving deltas:  53% (7/13)
build (3.11)	Run actions/checkout@v3	2025-11-27T10:14:08.9491261Z Resolving deltas:  61% (8/13)
build (3.11)	Run actions/checkout@v3	2025-11-27T10:14:08.9672281Z Resolving deltas:  69% (9/13)
build (3.11)	Run actions/checkout@v3	2025-11-27T10:14:09.0063515Z Resolving deltas:  76% (10/13)
build (3.11)	Run actions/checkout@v3	2025-11-27T10:14:09.0067641Z Resolving deltas:  84% (11/13)
build (3.11)	Run actions/checkout@v3	2025-11-27T10:14:09.0086200Z Resolving deltas:  92% (12/13)
build (3.11)	Run actions/checkout@v3	2025-11-27T10:14:09.0090701Z Resolving deltas: 100% (13/13)
build (3.11)	Run actions/checkout@v3	2025-11-27T10:14:09.0092151Z Resolving deltas: 100% (13/13), done.
build (3.11)	Run actions/checkout@v3	2025-11-27T10:14:09.0247981Z From https://github.com/edithatogo/vop_poc_nz
build (3.11)	Run actions/checkout@v3	2025-11-27T10:14:09.0249765Z  * [new ref]         624deb44522aad1c5eabab159276c6e71471b4e5 -> origin/main
build (3.11)	Run actions/checkout@v3	2025-11-27T10:14:09.0290047Z ##[endgroup]
build (3.11)	Run actions/checkout@v3	2025-11-27T10:14:09.0292228Z ##[group]Determining the checkout info
build (3.11)	Run actions/checkout@v3	2025-11-27T10:14:09.0294559Z ##[endgroup]
build (3.11)	Run actions/checkout@v3	2025-11-27T10:14:09.0297565Z ##[group]Checking out the ref
build (3.11)	Run actions/checkout@v3	2025-11-27T10:14:09.0298914Z [command]/usr/bin/git checkout --progress --force -B main refs/remotes/origin/main
build (3.11)	Run actions/checkout@v3	2025-11-27T10:14:09.1075428Z Switched to a new branch 'main'
build (3.11)	Run actions/checkout@v3	2025-11-27T10:14:09.1076559Z branch 'main' set up to track 'origin/main'.
build (3.11)	Run actions/checkout@v3	2025-11-27T10:14:09.1093849Z ##[endgroup]
build (3.11)	Run actions/checkout@v3	2025-11-27T10:14:09.1132155Z [command]/usr/bin/git log -1 --format='%H'
build (3.11)	Run actions/checkout@v3	2025-11-27T10:14:09.1156290Z '624deb44522aad1c5eabab159276c6e71471b4e5'
build (3.11)	Set up Python 3.11	ï»¿2025-11-27T10:14:09.1399790Z ##[group]Run actions/setup-python@v4
build (3.11)	Set up Python 3.11	2025-11-27T10:14:09.1400395Z with:
build (3.11)	Set up Python 3.11	2025-11-27T10:14:09.1400968Z   python-version: 3.11
build (3.11)	Set up Python 3.11	2025-11-27T10:14:09.1401431Z   check-latest: false
build (3.11)	Set up Python 3.11	2025-11-27T10:14:09.1402044Z   token: ***
build (3.11)	Set up Python 3.11	2025-11-27T10:14:09.1402476Z   update-environment: true
build (3.11)	Set up Python 3.11	2025-11-27T10:14:09.1402974Z   allow-prereleases: false
build (3.11)	Set up Python 3.11	2025-11-27T10:14:09.1403465Z ##[endgroup]
build (3.11)	Set up Python 3.11	2025-11-27T10:14:09.3173931Z ##[group]Installed versions
build (3.11)	Set up Python 3.11	2025-11-27T10:14:09.3322258Z Successfully set up CPython (3.11.14)
build (3.11)	Set up Python 3.11	2025-11-27T10:14:09.3323738Z ##[endgroup]
build (3.11)	Install dependencies	ï»¿2025-11-27T10:14:09.3446637Z ##[group]Run python -m pip install --upgrade pip
build (3.11)	Install dependencies	2025-11-27T10:14:09.3447421Z [36;1mpython -m pip install --upgrade pip[0m
build (3.11)	Install dependencies	2025-11-27T10:14:09.3448189Z [36;1mif [ -f requirements.txt ]; then pip install -r requirements.txt; fi[0m
build (3.11)	Install dependencies	2025-11-27T10:14:09.3448917Z [36;1mpip install pytest ruff[0m
build (3.11)	Install dependencies	2025-11-27T10:14:09.3499071Z shell: /usr/bin/bash -e {0}
build (3.11)	Install dependencies	2025-11-27T10:14:09.3499602Z env:
build (3.11)	Install dependencies	2025-11-27T10:14:09.3500098Z   pythonLocation: /opt/hostedtoolcache/Python/3.11.14/x64
build (3.11)	Install dependencies	2025-11-27T10:14:09.3501283Z   PKG_CONFIG_PATH: /opt/hostedtoolcache/Python/3.11.14/x64/lib/pkgconfig
build (3.11)	Install dependencies	2025-11-27T10:14:09.3502082Z   Python_ROOT_DIR: /opt/hostedtoolcache/Python/3.11.14/x64
build (3.11)	Install dependencies	2025-11-27T10:14:09.3502797Z   Python2_ROOT_DIR: /opt/hostedtoolcache/Python/3.11.14/x64
build (3.11)	Install dependencies	2025-11-27T10:14:09.3503542Z   Python3_ROOT_DIR: /opt/hostedtoolcache/Python/3.11.14/x64
build (3.11)	Install dependencies	2025-11-27T10:14:09.3504244Z   LD_LIBRARY_PATH: /opt/hostedtoolcache/Python/3.11.14/x64/lib
build (3.11)	Install dependencies	2025-11-27T10:14:09.3504861Z ##[endgroup]
build (3.11)	Install dependencies	2025-11-27T10:14:10.1921781Z Requirement already satisfied: pip in /opt/hostedtoolcache/Python/3.11.14/x64/lib/python3.11/site-packages (25.3)
build (3.11)	Install dependencies	2025-11-27T10:14:10.9519857Z Collecting pylogit (from -r requirements.txt (line 1))
build (3.11)	Install dependencies	2025-11-27T10:14:11.0102548Z   Downloading pylogit-1.0.1-py3-none-any.whl.metadata (3.5 kB)
build (3.11)	Install dependencies	2025-11-27T10:14:11.1786056Z Collecting scipy (from -r requirements.txt (line 2))
build (3.11)	Install dependencies	2025-11-27T10:14:11.1831484Z   Downloading scipy-1.16.3-cp311-cp311-manylinux2014_x86_64.manylinux_2_17_x86_64.whl.metadata (62 kB)
build (3.11)	Install dependencies	2025-11-27T10:14:11.3230117Z Collecting pandas (from -r requirements.txt (line 3))
build (3.11)	Install dependencies	2025-11-27T10:14:11.3272721Z   Downloading pandas-2.3.3-cp311-cp311-manylinux_2_24_x86_64.manylinux_2_28_x86_64.whl.metadata (91 kB)
build (3.11)	Install dependencies	2025-11-27T10:14:11.4895199Z Collecting matplotlib (from -r requirements.txt (line 4))
build (3.11)	Install dependencies	2025-11-27T10:14:11.4936003Z   Downloading matplotlib-3.10.7-cp311-cp311-manylinux2014_x86_64.manylinux_2_17_x86_64.whl.metadata (11 kB)
build (3.11)	Install dependencies	2025-11-27T10:14:11.5123523Z Collecting seaborn (from -r requirements.txt (line 5))
build (3.11)	Install dependencies	2025-11-27T10:14:11.5156596Z   Downloading seaborn-0.13.2-py3-none-any.whl.metadata (5.4 kB)
build (3.11)	Install dependencies	2025-11-27T10:14:11.6079254Z Collecting scikit-learn (from -r requirements.txt (line 6))
build (3.11)	Install dependencies	2025-11-27T10:14:11.6117950Z   Downloading scikit_learn-1.7.2-cp311-cp311-manylinux2014_x86_64.manylinux_2_17_x86_64.whl.metadata (11 kB)
build (3.11)	Install dependencies	2025-11-27T10:14:11.6572146Z Collecting PyYAML (from -r requirements.txt (line 7))
build (3.11)	Install dependencies	2025-11-27T10:14:11.6611234Z   Downloading pyyaml-6.0.3-cp311-cp311-manylinux2014_x86_64.manylinux_2_17_x86_64.manylinux_2_28_x86_64.whl.metadata (2.4 kB)
build (3.11)	Install dependencies	2025-11-27T10:14:11.6814279Z Collecting graphviz (from -r requirements.txt (line 8))
build (3.11)	Install dependencies	2025-11-27T10:14:11.6847713Z   Downloading graphviz-0.21-py3-none-any.whl.metadata (12 kB)
build (3.11)	Install dependencies	2025-11-27T10:14:11.9424197Z Collecting hypothesis (from -r requirements.txt (line 9))
build (3.11)	Install dependencies	2025-11-27T10:14:11.9494548Z   Downloading hypothesis-6.148.3-py3-none-any.whl.metadata (5.6 kB)
build (3.11)	Install dependencies	2025-11-27T10:14:11.9835810Z Collecting pandera (from -r requirements.txt (line 10))
build (3.11)	Install dependencies	2025-11-27T10:14:11.9875786Z   Downloading pandera-0.27.0-py3-none-any.whl.metadata (10 kB)
build (3.11)	Install dependencies	2025-11-27T10:14:12.0613458Z Collecting psutil (from -r requirements.txt (line 11))
build (3.11)	Install dependencies	2025-11-27T10:14:12.0649792Z   Downloading psutil-7.1.3-cp36-abi3-manylinux2010_x86_64.manylinux_2_12_x86_64.manylinux_2_28_x86_64.whl.metadata (23 kB)
build (3.11)	Install dependencies	2025-11-27T10:14:12.0870035Z Collecting openpyxl (from -r requirements.txt (line 12))
build (3.11)	Install dependencies	2025-11-27T10:14:12.0902892Z   Downloading openpyxl-3.1.5-py2.py3-none-any.whl.metadata (2.5 kB)
build (3.11)	Install dependencies	2025-11-27T10:14:12.3023334Z Collecting numpy>=1.10.2 (from pylogit->-r requirements.txt (line 1))
build (3.11)	Install dependencies	2025-11-27T10:14:12.3066405Z   Downloading numpy-2.3.5-cp311-cp311-manylinux_2_27_x86_64.manylinux_2_28_x86_64.whl.metadata (62 kB)
build (3.11)	Install dependencies	2025-11-27T10:14:12.3359011Z Collecting future>=0.16 (from pylogit->-r requirements.txt (line 1))
build (3.11)	Install dependencies	2025-11-27T10:14:12.3402030Z   Downloading future-1.0.0-py3-none-any.whl.metadata (4.0 kB)
build (3.11)	Install dependencies	2025-11-27T10:14:12.3868531Z Collecting statsmodels>=0.6.1 (from pylogit->-r requirements.txt (line 1))
build (3.11)	Install dependencies	2025-11-27T10:14:12.3913971Z   Downloading statsmodels-0.14.5-cp311-cp311-manylinux2014_x86_64.manylinux_2_17_x86_64.manylinux_2_28_x86_64.whl.metadata (9.5 kB)
build (3.11)	Install dependencies	2025-11-27T10:14:12.4490985Z Collecting tqdm>=4.15.0 (from pylogit->-r requirements.txt (line 1))
build (3.11)	Install dependencies	2025-11-27T10:14:12.4533012Z   Downloading tqdm-4.67.1-py3-none-any.whl.metadata (57 kB)
build (3.11)	Install dependencies	2025-11-27T10:14:12.4890012Z Collecting python-dateutil>=2.8.2 (from pandas->-r requirements.txt (line 3))
build (3.11)	Install dependencies	2025-11-27T10:14:12.4938058Z   Downloading python_dateutil-2.9.0.post0-py2.py3-none-any.whl.metadata (8.4 kB)
build (3.11)	Install dependencies	2025-11-27T10:14:12.5293321Z Collecting pytz>=2020.1 (from pandas->-r requirements.txt (line 3))
build (3.11)	Install dependencies	2025-11-27T10:14:12.5330457Z   Downloading pytz-2025.2-py2.py3-none-any.whl.metadata (22 kB)
build (3.11)	Install dependencies	2025-11-27T10:14:12.5481222Z Collecting tzdata>=2022.7 (from pandas->-r requirements.txt (line 3))
build (3.11)	Install dependencies	2025-11-27T10:14:12.5514130Z   Downloading tzdata-2025.2-py2.py3-none-any.whl.metadata (1.4 kB)
build (3.11)	Install dependencies	2025-11-27T10:14:12.6154079Z Collecting contourpy>=1.0.1 (from matplotlib->-r requirements.txt (line 4))
build (3.11)	Install dependencies	2025-11-27T10:14:12.6190083Z   Downloading contourpy-1.3.3-cp311-cp311-manylinux_2_27_x86_64.manylinux_2_28_x86_64.whl.metadata (5.5 kB)
build (3.11)	Install dependencies	2025-11-27T10:14:12.6319599Z Collecting cycler>=0.10 (from matplotlib->-r requirements.txt (line 4))
build (3.11)	Install dependencies	2025-11-27T10:14:12.6352242Z   Downloading cycler-0.12.1-py3-none-any.whl.metadata (3.8 kB)
build (3.11)	Install dependencies	2025-11-27T10:14:12.7902203Z Collecting fonttools>=4.22.0 (from matplotlib->-r requirements.txt (line 4))
build (3.11)	Install dependencies	2025-11-27T10:14:12.7938759Z   Downloading fonttools-4.60.1-cp311-cp311-manylinux2014_x86_64.manylinux_2_17_x86_64.whl.metadata (112 kB)
build (3.11)	Install dependencies	2025-11-27T10:14:12.8632567Z Collecting kiwisolver>=1.3.1 (from matplotlib->-r requirements.txt (line 4))
build (3.11)	Install dependencies	2025-11-27T10:14:12.8671713Z   Downloading kiwisolver-1.4.9-cp311-cp311-manylinux2014_x86_64.manylinux_2_17_x86_64.whl.metadata (6.3 kB)
build (3.11)	Install dependencies	2025-11-27T10:14:12.8941411Z Collecting packaging>=20.0 (from matplotlib->-r requirements.txt (line 4))
build (3.11)	Install dependencies	2025-11-27T10:14:12.8974680Z   Downloading packaging-25.0-py3-none-any.whl.metadata (3.3 kB)
build (3.11)	Install dependencies	2025-11-27T10:14:13.0989689Z Collecting pillow>=8 (from matplotlib->-r requirements.txt (line 4))
build (3.11)	Install dependencies	2025-11-27T10:14:13.1028168Z   Downloading pillow-12.0.0-cp311-cp311-manylinux_2_27_x86_64.manylinux_2_28_x86_64.whl.metadata (8.8 kB)
build (3.11)	Install dependencies	2025-11-27T10:14:13.1301193Z Collecting pyparsing>=3 (from matplotlib->-r requirements.txt (line 4))
build (3.11)	Install dependencies	2025-11-27T10:14:13.1337994Z   Downloading pyparsing-3.2.5-py3-none-any.whl.metadata (5.0 kB)
build (3.11)	Install dependencies	2025-11-27T10:14:13.1991606Z Collecting joblib>=1.2.0 (from scikit-learn->-r requirements.txt (line 6))
build (3.11)	Install dependencies	2025-11-27T10:14:13.2032643Z   Downloading joblib-1.5.2-py3-none-any.whl.metadata (5.6 kB)
build (3.11)	Install dependencies	2025-11-27T10:14:13.2152001Z Collecting threadpoolctl>=3.1.0 (from scikit-learn->-r requirements.txt (line 6))
build (3.11)	Install dependencies	2025-11-27T10:14:13.2187140Z   Downloading threadpoolctl-3.6.0-py3-none-any.whl.metadata (13 kB)
build (3.11)	Install dependencies	2025-11-27T10:14:13.2374515Z Collecting sortedcontainers<3.0.0,>=2.1.0 (from hypothesis->-r requirements.txt (line 9))
build (3.11)	Install dependencies	2025-11-27T10:14:13.2415573Z   Downloading sortedcontainers-2.4.0-py2.py3-none-any.whl.metadata (10 kB)
build (3.11)	Install dependencies	2025-11-27T10:14:13.3559192Z Collecting pydantic (from pandera->-r requirements.txt (line 10))
build (3.11)	Install dependencies	2025-11-27T10:14:13.3596109Z   Downloading pydantic-2.12.5-py3-none-any.whl.metadata (90 kB)
build (3.11)	Install dependencies	2025-11-27T10:14:13.3856752Z Collecting typeguard (from pandera->-r requirements.txt (line 10))
build (3.11)	Install dependencies	2025-11-27T10:14:13.3891806Z   Downloading typeguard-4.4.4-py3-none-any.whl.metadata (3.3 kB)
build (3.11)	Install dependencies	2025-11-27T10:14:13.4069255Z Collecting typing_extensions (from pandera->-r requirements.txt (line 10))
build (3.11)	Install dependencies	2025-11-27T10:14:13.4105665Z   Downloading typing_extensions-4.15.0-py3-none-any.whl.metadata (3.3 kB)
build (3.11)	Install dependencies	2025-11-27T10:14:13.4217934Z Collecting typing_inspect>=0.6.0 (from pandera->-r requirements.txt (line 10))
build (3.11)	Install dependencies	2025-11-27T10:14:13.4250395Z   Downloading typing_inspect-0.9.0-py3-none-any.whl.metadata (1.5 kB)
build (3.11)	Install dependencies	2025-11-27T10:14:13.4370206Z Collecting et-xmlfile (from openpyxl->-r requirements.txt (line 12))
build (3.11)	Install dependencies	2025-11-27T10:14:13.4403529Z   Downloading et_xmlfile-2.0.0-py3-none-any.whl.metadata (2.7 kB)
build (3.11)	Install dependencies	2025-11-27T10:14:13.4754956Z Collecting six>=1.5 (from python-dateutil>=2.8.2->pandas->-r requirements.txt (line 3))
build (3.11)	Install dependencies	2025-11-27T10:14:13.4789143Z   Downloading six-1.17.0-py2.py3-none-any.whl.metadata (1.7 kB)
build (3.11)	Install dependencies	2025-11-27T10:14:13.5239268Z Collecting patsy>=0.5.6 (from statsmodels>=0.6.1->pylogit->-r requirements.txt (line 1))
build (3.11)	Install dependencies	2025-11-27T10:14:13.5271223Z   Downloading patsy-1.0.2-py2.py3-none-any.whl.metadata (3.6 kB)
build (3.11)	Install dependencies	2025-11-27T10:14:13.5654289Z Collecting mypy-extensions>=0.3.0 (from typing_inspect>=0.6.0->pandera->-r requirements.txt (line 10))
build (3.11)	Install dependencies	2025-11-27T10:14:13.5690799Z   Downloading mypy_extensions-1.1.0-py3-none-any.whl.metadata (1.1 kB)
build (3.11)	Install dependencies	2025-11-27T10:14:13.5992689Z Collecting annotated-types>=0.6.0 (from pydantic->pandera->-r requirements.txt (line 10))
build (3.11)	Install dependencies	2025-11-27T10:14:13.6035919Z   Downloading annotated_types-0.7.0-py3-none-any.whl.metadata (15 kB)
build (3.11)	Install dependencies	2025-11-27T10:14:14.3517990Z Collecting pydantic-core==2.41.5 (from pydantic->pandera->-r requirements.txt (line 10))
build (3.11)	Install dependencies	2025-11-27T10:14:14.3556615Z   Downloading pydantic_core-2.41.5-cp311-cp311-manylinux_2_17_x86_64.manylinux2014_x86_64.whl.metadata (7.3 kB)
build (3.11)	Install dependencies	2025-11-27T10:14:14.3703845Z Collecting typing-inspection>=0.4.2 (from pydantic->pandera->-r requirements.txt (line 10))
build (3.11)	Install dependencies	2025-11-27T10:14:14.3738606Z   Downloading typing_inspection-0.4.2-py3-none-any.whl.metadata (2.6 kB)
build (3.11)	Install dependencies	2025-11-27T10:14:14.3931984Z Downloading pylogit-1.0.1-py3-none-any.whl (151 kB)
build (3.11)	Install dependencies	2025-11-27T10:14:14.3993398Z Downloading scipy-1.16.3-cp311-cp311-manylinux2014_x86_64.manylinux_2_17_x86_64.whl (35.9 MB)
build (3.11)	Install dependencies	2025-11-27T10:14:14.5946076Z    ââââââââââââââââââââââââââââââââââââââââ 35.9/35.9 MB 186.0 MB/s  0:00:00
build (3.11)	Install dependencies	2025-11-27T10:14:14.5984660Z Downloading numpy-2.3.5-cp311-cp311-manylinux_2_27_x86_64.manylinux_2_28_x86_64.whl (16.9 MB)
build (3.11)	Install dependencies	2025-11-27T10:14:14.6988558Z    ââââââââââââââââââââââââââââââââââââââââ 16.9/16.9 MB 170.7 MB/s  0:00:00
build (3.11)	Install dependencies	2025-11-27T10:14:14.7032932Z Downloading pandas-2.3.3-cp311-cp311-manylinux_2_24_x86_64.manylinux_2_28_x86_64.whl (12.8 MB)
build (3.11)	Install dependencies	2025-11-27T10:14:14.7807190Z    ââââââââââââââââââââââââââââââââââââââââ 12.8/12.8 MB 169.0 MB/s  0:00:00
build (3.11)	Install dependencies	2025-11-27T10:14:14.7844593Z Downloading matplotlib-3.10.7-cp311-cp311-manylinux2014_x86_64.manylinux_2_17_x86_64.whl (8.7 MB)
build (3.11)	Install dependencies	2025-11-27T10:14:14.8333482Z    ââââââââââââââââââââââââââââââââââââââââ 8.7/8.7 MB 183.3 MB/s  0:00:00
build (3.11)	Install dependencies	2025-11-27T10:14:14.8369607Z Downloading seaborn-0.13.2-py3-none-any.whl (294 kB)
build (3.11)	Install dependencies	2025-11-27T10:14:14.8436948Z Downloading scikit_learn-1.7.2-cp311-cp311-manylinux2014_x86_64.manylinux_2_17_x86_64.whl (9.7 MB)
build (3.11)	Install dependencies	2025-11-27T10:14:14.9012015Z    ââââââââââââââââââââââââââââââââââââââââ 9.7/9.7 MB 174.0 MB/s  0:00:00
build (3.11)	Install dependencies	2025-11-27T10:14:14.9046878Z Downloading pyyaml-6.0.3-cp311-cp311-manylinux2014_x86_64.manylinux_2_17_x86_64.manylinux_2_28_x86_64.whl (806 kB)
build (3.11)	Install dependencies	2025-11-27T10:14:14.9121052Z    ââââââââââââââââââââââââââââââââââââââââ 806.6/806.6 kB 106.6 MB/s  0:00:00
build (3.11)	Install dependencies	2025-11-27T10:14:14.9151515Z Downloading graphviz-0.21-py3-none-any.whl (47 kB)
build (3.11)	Install dependencies	2025-11-27T10:14:14.9251996Z Downloading hypothesis-6.148.3-py3-none-any.whl (536 kB)
build (3.11)	Install dependencies	2025-11-27T10:14:14.9311359Z    ââââââââââââââââââââââââââââââââââââââââ 536.9/536.9 kB 75.7 MB/s  0:00:00
build (3.11)	Install dependencies	2025-11-27T10:14:14.9346163Z Downloading sortedcontainers-2.4.0-py2.py3-none-any.whl (29 kB)
build (3.11)	Install dependencies	2025-11-27T10:14:14.9416575Z Downloading pandera-0.27.0-py3-none-any.whl (295 kB)
build (3.11)	Install dependencies	2025-11-27T10:14:14.9494841Z Downloading psutil-7.1.3-cp36-abi3-manylinux2010_x86_64.manylinux_2_12_x86_64.manylinux_2_28_x86_64.whl (263 kB)
build (3.11)	Install dependencies	2025-11-27T10:14:14.9562944Z Downloading openpyxl-3.1.5-py2.py3-none-any.whl (250 kB)
build (3.11)	Install dependencies	2025-11-27T10:14:14.9631289Z Downloading contourpy-1.3.3-cp311-cp311-manylinux_2_27_x86_64.manylinux_2_28_x86_64.whl (355 kB)
build (3.11)	Install dependencies	2025-11-27T10:14:14.9705252Z Downloading cycler-0.12.1-py3-none-any.whl (8.3 kB)
build (3.11)	Install dependencies	2025-11-27T10:14:14.9767227Z Downloading fonttools-4.60.1-cp311-cp311-manylinux2014_x86_64.manylinux_2_17_x86_64.whl (5.0 MB)
build (3.11)	Install dependencies	2025-11-27T10:14:15.0079999Z    ââââââââââââââââââââââââââââââââââââââââ 5.0/5.0 MB 168.9 MB/s  0:00:00
build (3.11)	Install dependencies	2025-11-27T10:14:15.0116063Z Downloading future-1.0.0-py3-none-any.whl (491 kB)
build (3.11)	Install dependencies	2025-11-27T10:14:15.0189398Z Downloading joblib-1.5.2-py3-none-any.whl (308 kB)
build (3.11)	Install dependencies	2025-11-27T10:14:15.0261428Z Downloading kiwisolver-1.4.9-cp311-cp311-manylinux2014_x86_64.manylinux_2_17_x86_64.whl (1.4 MB)
build (3.11)	Install dependencies	2025-11-27T10:14:15.0365913Z    ââââââââââââââââââââââââââââââââââââââââ 1.4/1.4 MB 153.8 MB/s  0:00:00
build (3.11)	Install dependencies	2025-11-27T10:14:15.0397888Z Downloading packaging-25.0-py3-none-any.whl (66 kB)
build (3.11)	Install dependencies	2025-11-27T10:14:15.0451937Z Downloading pillow-12.0.0-cp311-cp311-manylinux_2_27_x86_64.manylinux_2_28_x86_64.whl (7.0 MB)
build (3.11)	Install dependencies	2025-11-27T10:14:15.0871896Z    ââââââââââââââââââââââââââââââââââââââââ 7.0/7.0 MB 174.3 MB/s  0:00:00
build (3.11)	Install dependencies	2025-11-27T10:14:15.0905448Z Downloading pyparsing-3.2.5-py3-none-any.whl (113 kB)
build (3.11)	Install dependencies	2025-11-27T10:14:15.0963671Z Downloading python_dateutil-2.9.0.post0-py2.py3-none-any.whl (229 kB)
build (3.11)	Install dependencies	2025-11-27T10:14:15.1031466Z Downloading pytz-2025.2-py2.py3-none-any.whl (509 kB)
build (3.11)	Install dependencies	2025-11-27T10:14:15.1111264Z Downloading six-1.17.0-py2.py3-none-any.whl (11 kB)
build (3.11)	Install dependencies	2025-11-27T10:14:15.1164140Z Downloading statsmodels-0.14.5-cp311-cp311-manylinux2014_x86_64.manylinux_2_17_x86_64.manylinux_2_28_x86_64.whl (10.5 MB)
build (3.11)	Install dependencies	2025-11-27T10:14:15.1762258Z    ââââââââââââââââââââââââââââââââââââââââ 10.5/10.5 MB 178.9 MB/s  0:00:00
build (3.11)	Install dependencies	2025-11-27T10:14:15.1798692Z Downloading patsy-1.0.2-py2.py3-none-any.whl (233 kB)
build (3.11)	Install dependencies	2025-11-27T10:14:15.1859126Z Downloading threadpoolctl-3.6.0-py3-none-any.whl (18 kB)
build (3.11)	Install dependencies	2025-11-27T10:14:15.1912873Z Downloading tqdm-4.67.1-py3-none-any.whl (78 kB)
build (3.11)	Install dependencies	2025-11-27T10:14:15.1974908Z Downloading typing_inspect-0.9.0-py3-none-any.whl (8.8 kB)
build (3.11)	Install dependencies	2025-11-27T10:14:15.2029724Z Downloading mypy_extensions-1.1.0-py3-none-any.whl (5.0 kB)
build (3.11)	Install dependencies	2025-11-27T10:14:15.2088156Z Downloading typing_extensions-4.15.0-py3-none-any.whl (44 kB)
build (3.11)	Install dependencies	2025-11-27T10:14:15.2143254Z Downloading tzdata-2025.2-py2.py3-none-any.whl (347 kB)
build (3.11)	Install dependencies	2025-11-27T10:14:15.2214230Z Downloading et_xmlfile-2.0.0-py3-none-any.whl (18 kB)
build (3.11)	Install dependencies	2025-11-27T10:14:15.2267094Z Downloading pydantic-2.12.5-py3-none-any.whl (463 kB)
build (3.11)	Install dependencies	2025-11-27T10:14:15.2349971Z Downloading pydantic_core-2.41.5-cp311-cp311-manylinux_2_17_x86_64.manylinux2014_x86_64.whl (2.1 MB)
build (3.11)	Install dependencies	2025-11-27T10:14:15.2531610Z    ââââââââââââââââââââââââââââââââââââââââ 2.1/2.1 MB 135.1 MB/s  0:00:00
build (3.11)	Install dependencies	2025-11-27T10:14:15.2558569Z Downloading annotated_types-0.7.0-py3-none-any.whl (13 kB)
build (3.11)	Install dependencies	2025-11-27T10:14:15.2614420Z Downloading typing_inspection-0.4.2-py3-none-any.whl (14 kB)
build (3.11)	Install dependencies	2025-11-27T10:14:15.2667942Z Downloading typeguard-4.4.4-py3-none-any.whl (34 kB)
build (3.11)	Install dependencies	2025-11-27T10:14:15.5415204Z Installing collected packages: sortedcontainers, pytz, tzdata, typing_extensions, tqdm, threadpoolctl, six, PyYAML, pyparsing, psutil, pillow, packaging, numpy, mypy-extensions, kiwisolver, joblib, hypothesis, graphviz, future, fonttools, et-xmlfile, cycler, annotated-types, typing-inspection, typing_inspect, typeguard, scipy, python-dateutil, pydantic-core, patsy, openpyxl, contourpy, scikit-learn, pydantic, pandas, matplotlib, statsmodels, seaborn, pandera, pylogit
build (3.11)	Install dependencies	2025-11-27T10:14:34.5906912Z 
build (3.11)	Install dependencies	2025-11-27T10:14:34.5934485Z Successfully installed PyYAML-6.0.3 annotated-types-0.7.0 contourpy-1.3.3 cycler-0.12.1 et-xmlfile-2.0.0 fonttools-4.60.1 future-1.0.0 graphviz-0.21 hypothesis-6.148.3 joblib-1.5.2 kiwisolver-1.4.9 matplotlib-3.10.7 mypy-extensions-1.1.0 numpy-2.3.5 openpyxl-3.1.5 packaging-25.0 pandas-2.3.3 pandera-0.27.0 patsy-1.0.2 pillow-12.0.0 psutil-7.1.3 pydantic-2.12.5 pydantic-core-2.41.5 pylogit-1.0.1 pyparsing-3.2.5 python-dateutil-2.9.0.post0 pytz-2025.2 scikit-learn-1.7.2 scipy-1.16.3 seaborn-0.13.2 six-1.17.0 sortedcontainers-2.4.0 statsmodels-0.14.5 threadpoolctl-3.6.0 tqdm-4.67.1 typeguard-4.4.4 typing-inspection-0.4.2 typing_extensions-4.15.0 typing_inspect-0.9.0 tzdata-2025.2
build (3.11)	Install dependencies	2025-11-27T10:14:35.3897693Z Collecting pytest
build (3.11)	Install dependencies	2025-11-27T10:14:35.4451781Z   Downloading pytest-9.0.1-py3-none-any.whl.metadata (7.6 kB)
build (3.11)	Install dependencies	2025-11-27T10:14:35.8308634Z Collecting ruff
build (3.11)	Install dependencies	2025-11-27T10:14:35.8346403Z   Downloading ruff-0.14.6-py3-none-manylinux_2_17_x86_64.manylinux2014_x86_64.whl.metadata (25 kB)
build (3.11)	Install dependencies	2025-11-27T10:14:35.8548585Z Collecting iniconfig>=1.0.1 (from pytest)
build (3.11)	Install dependencies	2025-11-27T10:14:35.8583552Z   Downloading iniconfig-2.3.0-py3-none-any.whl.metadata (2.5 kB)
build (3.11)	Install dependencies	2025-11-27T10:14:35.8619863Z Requirement already satisfied: packaging>=22 in /opt/hostedtoolcache/Python/3.11.14/x64/lib/python3.11/site-packages (from pytest) (25.0)
build (3.11)	Install dependencies	2025-11-27T10:14:35.8717277Z Collecting pluggy<2,>=1.5 (from pytest)
build (3.11)	Install dependencies	2025-11-27T10:14:35.8751727Z   Downloading pluggy-1.6.0-py3-none-any.whl.metadata (4.8 kB)
build (3.11)	Install dependencies	2025-11-27T10:14:35.8958047Z Collecting pygments>=2.7.2 (from pytest)
build (3.11)	Install dependencies	2025-11-27T10:14:35.8994672Z   Downloading pygments-2.19.2-py3-none-any.whl.metadata (2.5 kB)
build (3.11)	Install dependencies	2025-11-27T10:14:35.9086040Z Downloading pytest-9.0.1-py3-none-any.whl (373 kB)
build (3.11)	Install dependencies	2025-11-27T10:14:35.9260193Z Downloading pluggy-1.6.0-py3-none-any.whl (20 kB)
build (3.11)	Install dependencies	2025-11-27T10:14:35.9314471Z Downloading ruff-0.14.6-py3-none-manylinux_2_17_x86_64.manylinux2014_x86_64.whl (13.9 MB)
build (3.11)	Install dependencies	2025-11-27T10:14:36.0248699Z    ââââââââââââââââââââââââââââââââââââââââ 13.9/13.9 MB 153.5 MB/s  0:00:00
build (3.11)	Install dependencies	2025-11-27T10:14:36.0284607Z Downloading iniconfig-2.3.0-py3-none-any.whl (7.5 kB)
build (3.11)	Install dependencies	2025-11-27T10:14:36.0338009Z Downloading pygments-2.19.2-py3-none-any.whl (1.2 MB)
build (3.11)	Install dependencies	2025-11-27T10:14:36.0443398Z    ââââââââââââââââââââââââââââââââââââââââ 1.2/1.2 MB 127.8 MB/s  0:00:00
build (3.11)	Install dependencies	2025-11-27T10:14:36.1412025Z Installing collected packages: ruff, pygments, pluggy, iniconfig, pytest
build (3.11)	Install dependencies	2025-11-27T10:14:37.1663764Z 
build (3.11)	Install dependencies	2025-11-27T10:14:37.1687132Z Successfully installed iniconfig-2.3.0 pluggy-1.6.0 pygments-2.19.2 pytest-9.0.1 ruff-0.14.6
build (3.11)	Lint with Ruff	ï»¿2025-11-27T10:14:37.2604922Z ##[group]Run # stop the build if there are Python syntax errors or undefined names
build (3.11)	Lint with Ruff	2025-11-27T10:14:37.2605455Z [36;1m# stop the build if there are Python syntax errors or undefined names[0m
build (3.11)	Lint with Ruff	2025-11-27T10:14:37.2605877Z [36;1mruff check . --select=E9,F63,F7,F82 --target-version=py310[0m
build (3.11)	Lint with Ruff	2025-11-27T10:14:37.2606498Z [36;1m# exit-zero treats all errors as warnings. The GitHub editor is 127 chars wide[0m
build (3.11)	Lint with Ruff	2025-11-27T10:14:37.2606872Z [36;1mruff check . --exit-zero[0m
build (3.11)	Lint with Ruff	2025-11-27T10:14:37.2641126Z shell: /usr/bin/bash -e {0}
build (3.11)	Lint with Ruff	2025-11-27T10:14:37.2641353Z env:
build (3.11)	Lint with Ruff	2025-11-27T10:14:37.2641595Z   pythonLocation: /opt/hostedtoolcache/Python/3.11.14/x64
build (3.11)	Lint with Ruff	2025-11-27T10:14:37.2641987Z   PKG_CONFIG_PATH: /opt/hostedtoolcache/Python/3.11.14/x64/lib/pkgconfig
build (3.11)	Lint with Ruff	2025-11-27T10:14:37.2642368Z   Python_ROOT_DIR: /opt/hostedtoolcache/Python/3.11.14/x64
build (3.11)	Lint with Ruff	2025-11-27T10:14:37.2642706Z   Python2_ROOT_DIR: /opt/hostedtoolcache/Python/3.11.14/x64
build (3.11)	Lint with Ruff	2025-11-27T10:14:37.2643055Z   Python3_ROOT_DIR: /opt/hostedtoolcache/Python/3.11.14/x64
build (3.11)	Lint with Ruff	2025-11-27T10:14:37.2643438Z   LD_LIBRARY_PATH: /opt/hostedtoolcache/Python/3.11.14/x64/lib
build (3.11)	Lint with Ruff	2025-11-27T10:14:37.2643728Z ##[endgroup]
build (3.11)	Lint with Ruff	2025-11-27T10:14:37.2904499Z All checks passed!
build (3.11)	Lint with Ruff	2025-11-27T10:14:37.3209181Z I001 [*] Import block is un-sorted or un-formatted
build (3.11)	Lint with Ruff	2025-11-27T10:14:37.3215756Z   --> generate_presentation.py:1:1
build (3.11)	Lint with Ruff	2025-11-27T10:14:37.3224807Z    |
build (3.11)	Lint with Ruff	2025-11-27T10:14:37.3225070Z  1 | / import csv
build (3.11)	Lint with Ruff	2025-11-27T10:14:37.3225374Z  2 | | import datetime
build (3.11)	Lint with Ruff	2025-11-27T10:14:37.3225681Z  3 | | import glob
build (3.11)	Lint with Ruff	2025-11-27T10:14:37.3225962Z  4 | | import os
build (3.11)	Lint with Ruff	2025-11-27T10:14:37.3226236Z  5 | |
build (3.11)	Lint with Ruff	2025-11-27T10:14:37.3226519Z  6 | | from pptx import Presentation
build (3.11)	Lint with Ruff	2025-11-27T10:14:37.3226938Z  7 | | from pptx.dml.color import RGBColor
build (3.11)	Lint with Ruff	2025-11-27T10:14:37.3227386Z  8 | | from pptx.util import Inches, Pt
build (3.11)	Lint with Ruff	2025-11-27T10:14:37.3227798Z    | |________________________________^
build (3.11)	Lint with Ruff	2025-11-27T10:14:37.3228143Z  9 |
build (3.11)	Lint with Ruff	2025-11-27T10:14:37.3228393Z 10 |   # Constants
build (3.11)	Lint with Ruff	2025-11-27T10:14:37.3228661Z    |
build (3.11)	Lint with Ruff	2025-11-27T10:14:37.3228922Z help: Organize imports
build (3.11)	Lint with Ruff	2025-11-27T10:14:37.3229144Z 
build (3.11)	Lint with Ruff	2025-11-27T10:14:37.3229331Z I001 [*] Import block is un-sorted or un-formatted
build (3.11)	Lint with Ruff	2025-11-27T10:14:37.3229775Z  --> monitor_ci.py:1:1
build (3.11)	Lint with Ruff	2025-11-27T10:14:37.3230100Z   |
build (3.11)	Lint with Ruff	2025-11-27T10:14:37.3230349Z 1 | / import subprocess
build (3.11)	Lint with Ruff	2025-11-27T10:14:37.3230956Z 2 | | import time
build (3.11)	Lint with Ruff	2025-11-27T10:14:37.3231245Z 3 | | import json
build (3.11)	Lint with Ruff	2025-11-27T10:14:37.3231505Z 4 | | import sys
build (3.11)	Lint with Ruff	2025-11-27T10:14:37.3231767Z 5 | | import re
build (3.11)	Lint with Ruff	2025-11-27T10:14:37.3232025Z   | |_________^
build (3.11)	Lint with Ruff	2025-11-27T10:14:37.3232278Z 6 |
build (3.11)	Lint with Ruff	2025-11-27T10:14:37.3232524Z 7 |   def run_command(cmd):
build (3.11)	Lint with Ruff	2025-11-27T10:14:37.3232843Z   |
build (3.11)	Lint with Ruff	2025-11-27T10:14:37.3233084Z help: Organize imports
build (3.11)	Lint with Ruff	2025-11-27T10:14:37.3233290Z 
build (3.11)	Lint with Ruff	2025-11-27T10:14:37.3233423Z F401 [*] `sys` imported but unused
build (3.11)	Lint with Ruff	2025-11-27T10:14:37.3233811Z  --> monitor_ci.py:4:8
build (3.11)	Lint with Ruff	2025-11-27T10:14:37.3234094Z   |
build (3.11)	Lint with Ruff	2025-11-27T10:14:37.3234320Z 2 | import time
build (3.11)	Lint with Ruff	2025-11-27T10:14:37.3234582Z 3 | import json
build (3.11)	Lint with Ruff	2025-11-27T10:14:37.3234890Z 4 | import sys
build (3.11)	Lint with Ruff	2025-11-27T10:14:37.3235151Z   |        ^^^
build (3.11)	Lint with Ruff	2025-11-27T10:14:37.3235410Z 5 | import re
build (3.11)	Lint with Ruff	2025-11-27T10:14:37.3235666Z   |
build (3.11)	Lint with Ruff	2025-11-27T10:14:37.3235940Z help: Remove unused import: `sys`
build (3.11)	Lint with Ruff	2025-11-27T10:14:37.3236187Z 
build (3.11)	Lint with Ruff	2025-11-27T10:14:37.3236320Z F401 [*] `re` imported but unused
build (3.11)	Lint with Ruff	2025-11-27T10:14:37.3236694Z  --> monitor_ci.py:5:8
build (3.11)	Lint with Ruff	2025-11-27T10:14:37.3237228Z   |
build (3.11)	Lint with Ruff	2025-11-27T10:14:37.3237470Z 3 | import json
build (3.11)	Lint with Ruff	2025-11-27T10:14:37.3237746Z 4 | import sys
build (3.11)	Lint with Ruff	2025-11-27T10:14:37.3238012Z 5 | import re
build (3.11)	Lint with Ruff	2025-11-27T10:14:37.3238271Z   |        ^^
build (3.11)	Lint with Ruff	2025-11-27T10:14:37.3238516Z 6 |
build (3.11)	Lint with Ruff	2025-11-27T10:14:37.3238777Z 7 | def run_command(cmd):
build (3.11)	Lint with Ruff	2025-11-27T10:14:37.3239083Z   |
build (3.11)	Lint with Ruff	2025-11-27T10:14:37.3239314Z help: Remove unused import: `re`
build (3.11)	Lint with Ruff	2025-11-27T10:14:37.3239469Z 
build (3.11)	Lint with Ruff	2025-11-27T10:14:37.3239569Z W293 [*] Blank line contains whitespace
build (3.11)	Lint with Ruff	2025-11-27T10:14:37.3239824Z   --> monitor_ci.py:34:1
build (3.11)	Lint with Ruff	2025-11-27T10:14:37.3240018Z    |
build (3.11)	Lint with Ruff	2025-11-27T10:14:37.3240197Z 32 |             status = status_data.get("status")
build (3.11)	Lint with Ruff	2025-11-27T10:14:37.3240711Z 33 |             conclusion = status_data.get("conclusion")
build (3.11)	Lint with Ruff	2025-11-27T10:14:37.3241200Z 34 |             
build (3.11)	Lint with Ruff	2025-11-27T10:14:37.3241371Z    | ^^^^^^^^^^^^
build (3.11)	Lint with Ruff	2025-11-27T10:14:37.3241631Z 35 |             print(f"Current Status: {status}, Conclusion: {conclusion}")
build (3.11)	Lint with Ruff	2025-11-27T10:14:37.3241937Z    |
build (3.11)	Lint with Ruff	2025-11-27T10:14:37.3242113Z help: Remove whitespace from blank line
build (3.11)	Lint with Ruff	2025-11-27T10:14:37.3242297Z 
build (3.11)	Lint with Ruff	2025-11-27T10:14:37.3242389Z W293 [*] Blank line contains whitespace
build (3.11)	Lint with Ruff	2025-11-27T10:14:37.3242632Z   --> monitor_ci.py:36:1
build (3.11)	Lint with Ruff	2025-11-27T10:14:37.3242820Z    |
build (3.11)	Lint with Ruff	2025-11-27T10:14:37.3243060Z 35 |             print(f"Current Status: {status}, Conclusion: {conclusion}")
build (3.11)	Lint with Ruff	2025-11-27T10:14:37.3243354Z 36 |             
build (3.11)	Lint with Ruff	2025-11-27T10:14:37.3243514Z    | ^^^^^^^^^^^^
build (3.11)	Lint with Ruff	2025-11-27T10:14:37.3243694Z 37 |             if status == "completed":
build (3.11)	Lint with Ruff	2025-11-27T10:14:37.3243942Z 38 |                 return conclusion
build (3.11)	Lint with Ruff	2025-11-27T10:14:37.3244152Z    |
build (3.11)	Lint with Ruff	2025-11-27T10:14:37.3244326Z help: Remove whitespace from blank line
build (3.11)	Lint with Ruff	2025-11-27T10:14:37.3244487Z 
build (3.11)	Lint with Ruff	2025-11-27T10:14:37.3244579Z W293 [*] Blank line contains whitespace
build (3.11)	Lint with Ruff	2025-11-27T10:14:37.3244820Z   --> monitor_ci.py:39:1
build (3.11)	Lint with Ruff	2025-11-27T10:14:37.3245009Z    |
build (3.11)	Lint with Ruff	2025-11-27T10:14:37.3245171Z 37 |             if status == "completed":
build (3.11)	Lint with Ruff	2025-11-27T10:14:37.3245409Z 38 |                 return conclusion
build (3.11)	Lint with Ruff	2025-11-27T10:14:37.3245616Z 39 |             
build (3.11)	Lint with Ruff	2025-11-27T10:14:37.3245779Z    | ^^^^^^^^^^^^
build (3.11)	Lint with Ruff	2025-11-27T10:14:37.3245948Z 40 |         time.sleep(10)
build (3.11)	Lint with Ruff	2025-11-27T10:14:37.3246143Z    |
build (3.11)	Lint with Ruff	2025-11-27T10:14:37.3246304Z help: Remove whitespace from blank line
build (3.11)	Lint with Ruff	2025-11-27T10:14:37.3246470Z 
build (3.11)	Lint with Ruff	2025-11-27T10:14:37.3246547Z W291 [*] Trailing whitespace
build (3.11)	Lint with Ruff	2025-11-27T10:14:37.3246763Z   --> monitor_ci.py:44:41
build (3.11)	Lint with Ruff	2025-11-27T10:14:37.3246950Z    |
build (3.11)	Lint with Ruff	2025-11-27T10:14:37.3247116Z 42 | def get_failed_logs(run_id):
build (3.11)	Lint with Ruff	2025-11-27T10:14:37.3247391Z 43 |     print(f"Fetching logs for failed run {run_id}...")
build (3.11)	Lint with Ruff	2025-11-27T10:14:37.3247691Z 44 |     # Fetch the log for the failed step. 
build (3.11)	Lint with Ruff	2025-11-27T10:14:37.3247931Z    |                                         ^
build (3.11)	Lint with Ruff	2025-11-27T10:14:37.3248196Z 45 |     # We look for the 'Test with pytest' step failure.
build (3.11)	Lint with Ruff	2025-11-27T10:14:37.3248510Z 46 |     cmd = f"gh run view {run_id} --log-failed"
build (3.11)	Lint with Ruff	2025-11-27T10:14:37.3248756Z    |
build (3.11)	Lint with Ruff	2025-11-27T10:14:37.3248927Z help: Remove trailing whitespace
build (3.11)	Lint with Ruff	2025-11-27T10:14:37.3249078Z 
build (3.11)	Lint with Ruff	2025-11-27T10:14:37.3249167Z W293 [*] Blank line contains whitespace
build (3.11)	Lint with Ruff	2025-11-27T10:14:37.3249405Z   --> monitor_ci.py:56:1
build (3.11)	Lint with Ruff	2025-11-27T10:14:37.3249585Z    |
build (3.11)	Lint with Ruff	2025-11-27T10:14:37.3249730Z 54 | def main():
build (3.11)	Lint with Ruff	2025-11-27T10:14:37.3249918Z 55 |     print("Starting CI Monitor...")
build (3.11)	Lint with Ruff	2025-11-27T10:14:37.3250144Z 56 |     
build (3.11)	Lint with Ruff	2025-11-27T10:14:37.3250289Z    | ^^^^
build (3.11)	Lint with Ruff	2025-11-27T10:14:37.3250448Z 57 |     # 1. Find latest run
build (3.11)	Lint with Ruff	2025-11-27T10:14:37.3250929Z 58 |     latest_run = get_latest_run_id()
build (3.11)	Lint with Ruff	2025-11-27T10:14:37.3251148Z    |
build (3.11)	Lint with Ruff	2025-11-27T10:14:37.3251319Z help: Remove whitespace from blank line
build (3.11)	Lint with Ruff	2025-11-27T10:14:37.3251483Z 
build (3.11)	Lint with Ruff	2025-11-27T10:14:37.3251568Z W293 [*] Blank line contains whitespace
build (3.11)	Lint with Ruff	2025-11-27T10:14:37.3251801Z   --> monitor_ci.py:68:1
build (3.11)	Lint with Ruff	2025-11-27T10:14:37.3251980Z    |
build (3.11)	Lint with Ruff	2025-11-27T10:14:37.3252143Z 66 |     # 2. Monitor until complete
build (3.11)	Lint with Ruff	2025-11-27T10:14:37.3252381Z 67 |     conclusion = monitor_run(run_id)
build (3.11)	Lint with Ruff	2025-11-27T10:14:37.3252608Z 68 |     
build (3.11)	Lint with Ruff	2025-11-27T10:14:37.3252758Z    | ^^^^
build (3.11)	Lint with Ruff	2025-11-27T10:14:37.3252914Z 69 |     if conclusion == "success":
build (3.11)	Lint with Ruff	2025-11-27T10:14:37.3253552Z 70 |         print("Run passed successfully! â")
build (3.11)	Lint with Ruff	2025-11-27T10:14:37.3253794Z    |
build (3.11)	Lint with Ruff	2025-11-27T10:14:37.3253965Z help: Remove whitespace from blank line
build (3.11)	Lint with Ruff	2025-11-27T10:14:37.3254129Z 
build (3.11)	Lint with Ruff	2025-11-27T10:14:37.3254212Z W293 [*] Blank line contains whitespace
build (3.11)	Lint with Ruff	2025-11-27T10:14:37.3254446Z   --> monitor_ci.py:73:1
build (3.11)	Lint with Ruff	2025-11-27T10:14:37.3254625Z    |
build (3.11)	Lint with Ruff	2025-11-27T10:14:37.3254770Z 71 |     else:
build (3.11)	Lint with Ruff	2025-11-27T10:14:37.3255058Z 72 |         print(f"Run failed with conclusion: {conclusion} â")
build (3.11)	Lint with Ruff	2025-11-27T10:14:37.3255333Z 73 |         
build (3.11)	Lint with Ruff	2025-11-27T10:14:37.3255493Z    | ^^^^^^^^
build (3.11)	Lint with Ruff	2025-11-27T10:14:37.3255674Z 74 |         # 3. Get logs and extract DEBUG info
build (3.11)	Lint with Ruff	2025-11-27T10:14:37.3255938Z 75 |         logs = get_failed_logs(run_id)
build (3.11)	Lint with Ruff	2025-11-27T10:14:37.3256295Z    |
build (3.11)	Lint with Ruff	2025-11-27T10:14:37.3256463Z help: Remove whitespace from blank line
build (3.11)	Lint with Ruff	2025-11-27T10:14:37.3256625Z 
build (3.11)	Lint with Ruff	2025-11-27T10:14:37.3256708Z W293 [*] Blank line contains whitespace
build (3.11)	Lint with Ruff	2025-11-27T10:14:37.3256941Z   --> monitor_ci.py:82:1
build (3.11)	Lint with Ruff	2025-11-27T10:14:37.3257122Z    |
build (3.11)	Lint with Ruff	2025-11-27T10:14:37.3257288Z 80 |             for line in debug_lines:
build (3.11)	Lint with Ruff	2025-11-27T10:14:37.3257523Z 81 |                 print(line)
build (3.11)	Lint with Ruff	2025-11-27T10:14:37.3257717Z 82 |             
build (3.11)	Lint with Ruff	2025-11-27T10:14:37.3257875Z    | ^^^^^^^^^^^^
build (3.11)	Lint with Ruff	2025-11-27T10:14:37.3258063Z 83 |             print("\n--- FAILURE DETAILS ---")
build (3.11)	Lint with Ruff	2025-11-27T10:14:37.3258331Z 84 |             # Print the assertion error part
build (3.11)	Lint with Ruff	2025-11-27T10:14:37.3258558Z    |
build (3.11)	Lint with Ruff	2025-11-27T10:14:37.3258726Z help: Remove whitespace from blank line
build (3.11)	Lint with Ruff	2025-11-27T10:14:37.3258887Z 
build (3.11)	Lint with Ruff	2025-11-27T10:14:37.3258992Z RUF013 PEP 484 prohibits implicit `Optional`
build (3.11)	Lint with Ruff	2025-11-27T10:14:37.3259263Z    --> src/dcea_equity_analysis.py:202:44
build (3.11)	Lint with Ruff	2025-11-27T10:14:37.3259489Z     |
build (3.11)	Lint with Ruff	2025-11-27T10:14:37.3259683Z 201 | def calculate_inequality_aversion_sensitivity(
build (3.11)	Lint with Ruff	2025-11-27T10:14:37.3260035Z 202 |     subgroup_results: Dict, epsilon_range: List[float] = None
build (3.11)	Lint with Ruff	2025-11-27T10:14:37.3260339Z     |                                            ^^^^^^^^^^^
build (3.11)	Lint with Ruff	2025-11-27T10:14:37.3260846Z 203 | ) -> pd.DataFrame:
build (3.11)	Lint with Ruff	2025-11-27T10:14:37.3261043Z 204 |     """
build (3.11)	Lint with Ruff	2025-11-27T10:14:37.3261201Z     |
build (3.11)	Lint with Ruff	2025-11-27T10:14:37.3261361Z help: Convert to `Optional[T]`
build (3.11)	Lint with Ruff	2025-11-27T10:14:37.3261506Z 
build (3.11)	Lint with Ruff	2025-11-27T10:14:37.3261607Z RUF059 Unpacked variable `fig` is never used
build (3.11)	Lint with Ruff	2025-11-27T10:14:37.3261876Z    --> src/dcea_equity_analysis.py:279:5
build (3.11)	Lint with Ruff	2025-11-27T10:14:37.3262103Z     |
build (3.11)	Lint with Ruff	2025-11-27T10:14:37.3262308Z 277 |     population_fractions = np.linspace(0, 1, n + 1)
build (3.11)	Lint with Ruff	2025-11-27T10:14:37.3262568Z 278 |
build (3.11)	Lint with Ruff	2025-11-27T10:14:37.3262763Z 279 |     fig, ax = plt.subplots(figsize=(8, 8), dpi=300)
build (3.11)	Lint with Ruff	2025-11-27T10:14:37.3263009Z     |     ^^^
build (3.11)	Lint with Ruff	2025-11-27T10:14:37.3263304Z 280 |     ax.plot(population_fractions, lorenz_curve, marker="o", label="Lorenz Curve")
build (3.11)	Lint with Ruff	2025-11-27T10:14:37.3263757Z 281 |     ax.plot([0, 1], [0, 1], color="black", linestyle="--", label="Line of Equality")
build (3.11)	Lint with Ruff	2025-11-27T10:14:37.3264073Z     |
build (3.11)	Lint with Ruff	2025-11-27T10:14:37.3264327Z help: Prefix it with an underscore or any other dummy variable pattern
build (3.11)	Lint with Ruff	2025-11-27T10:14:37.3264576Z 
build (3.11)	Lint with Ruff	2025-11-27T10:14:37.3264695Z C901 `perform_one_way_dsa` is too complex (32 > 10)
build (3.11)	Lint with Ruff	2025-11-27T10:14:37.3264976Z   --> src/dsa_analysis.py:12:5
build (3.11)	Lint with Ruff	2025-11-27T10:14:37.3265172Z    |
build (3.11)	Lint with Ruff	2025-11-27T10:14:37.3265413Z 12 | def perform_one_way_dsa(models, wtp_threshold=50000, n_points=20):
build (3.11)	Lint with Ruff	2025-11-27T10:14:37.3265724Z    |     ^^^^^^^^^^^^^^^^^^^
build (3.11)	Lint with Ruff	2025-11-27T10:14:37.3265913Z 13 |     """
build (3.11)	Lint with Ruff	2025-11-27T10:14:37.3266103Z 14 |     Perform one-way DSA for all interventions.
build (3.11)	Lint with Ruff	2025-11-27T10:14:37.3266346Z    |
build (3.11)	Lint with Ruff	2025-11-27T10:14:37.3266427Z 
build (3.11)	Lint with Ruff	2025-11-27T10:14:37.3266596Z SIM102 Use a single `if` statement instead of nested `if` statements
build (3.11)	Lint with Ruff	2025-11-27T10:14:37.3266912Z    --> src/dsa_analysis.py:130:17
build (3.11)	Lint with Ruff	2025-11-27T10:14:37.3267125Z     |
build (3.11)	Lint with Ruff	2025-11-27T10:14:37.3267297Z 128 |                                   ] = param_value
build (3.11)	Lint with Ruff	2025-11-27T10:14:37.3267533Z 129 |
build (3.11)	Lint with Ruff	2025-11-27T10:14:37.3267721Z 130 | /                 elif param_name == "friction_period_days":
build (3.11)	Lint with Ruff	2025-11-27T10:14:37.3268028Z 131 | |                     if "friction_cost_params" in temp_params:
build (3.11)	Lint with Ruff	2025-11-27T10:14:37.3268460Z     | |_____________________________________________________________^
build (3.11)	Lint with Ruff	2025-11-27T10:14:37.3268808Z 132 |                           temp_params["friction_cost_params"]["friction_period_days"] = (
build (3.11)	Lint with Ruff	2025-11-27T10:14:37.3269146Z 133 |                               param_value
build (3.11)	Lint with Ruff	2025-11-27T10:14:37.3269368Z     |
build (3.11)	Lint with Ruff	2025-11-27T10:14:37.3269544Z help: Combine `if` statements using `and`
build (3.11)	Lint with Ruff	2025-11-27T10:14:37.3269715Z 
build (3.11)	Lint with Ruff	2025-11-27T10:14:37.3269821Z RUF059 Unpacked variable `p1_grid` is never used
build (3.11)	Lint with Ruff	2025-11-27T10:14:37.3270087Z    --> src/dsa_analysis.py:546:9
build (3.11)	Lint with Ruff	2025-11-27T10:14:37.3270289Z     |
build (3.11)	Lint with Ruff	2025-11-27T10:14:37.3270444Z 545 |         # Create 3D grid
build (3.11)	Lint with Ruff	2025-11-27T10:14:37.3270968Z 546 |         p1_grid, p2_grid, p3_grid = np.meshgrid(
build (3.11)	Lint with Ruff	2025-11-27T10:14:37.3271354Z     |         ^^^^^^^
build (3.11)	Lint with Ruff	2025-11-27T10:14:37.3271618Z 547 |             data["p1_range"], data["p2_range"], data["p3_range"], indexing="ij"
build (3.11)	Lint with Ruff	2025-11-27T10:14:37.3271915Z 548 |         )
build (3.11)	Lint with Ruff	2025-11-27T10:14:37.3272073Z     |
build (3.11)	Lint with Ruff	2025-11-27T10:14:37.3272319Z help: Prefix it with an underscore or any other dummy variable pattern
build (3.11)	Lint with Ruff	2025-11-27T10:14:37.3272569Z 
build (3.11)	Lint with Ruff	2025-11-27T10:14:37.3272674Z RUF059 Unpacked variable `p2_grid` is never used
build (3.11)	Lint with Ruff	2025-11-27T10:14:37.3272941Z    --> src/dsa_analysis.py:546:18
build (3.11)	Lint with Ruff	2025-11-27T10:14:37.3273142Z     |
build (3.11)	Lint with Ruff	2025-11-27T10:14:37.3273301Z 545 |         # Create 3D grid
build (3.11)	Lint with Ruff	2025-11-27T10:14:37.3273531Z 546 |         p1_grid, p2_grid, p3_grid = np.meshgrid(
build (3.11)	Lint with Ruff	2025-11-27T10:14:37.3273777Z     |                  ^^^^^^^
build (3.11)	Lint with Ruff	2025-11-27T10:14:37.3274045Z 547 |             data["p1_range"], data["p2_range"], data["p3_range"], indexing="ij"
build (3.11)	Lint with Ruff	2025-11-27T10:14:37.3274349Z 548 |         )
build (3.11)	Lint with Ruff	2025-11-27T10:14:37.3274497Z     |
build (3.11)	Lint with Ruff	2025-11-27T10:14:37.3274739Z help: Prefix it with an underscore or any other dummy variable pattern
build (3.11)	Lint with Ruff	2025-11-27T10:14:37.3274989Z 
build (3.11)	Lint with Ruff	2025-11-27T10:14:37.3275098Z RUF059 Unpacked variable `p3_grid` is never used
build (3.11)	Lint with Ruff	2025-11-27T10:14:37.3275362Z    --> src/dsa_analysis.py:546:27
build (3.11)	Lint with Ruff	2025-11-27T10:14:37.3275568Z     |
build (3.11)	Lint with Ruff	2025-11-27T10:14:37.3275722Z 545 |         # Create 3D grid
build (3.11)	Lint with Ruff	2025-11-27T10:14:37.3275956Z 546 |         p1_grid, p2_grid, p3_grid = np.meshgrid(
build (3.11)	Lint with Ruff	2025-11-27T10:14:37.3276202Z     |                           ^^^^^^^
build (3.11)	Lint with Ruff	2025-11-27T10:14:37.3276500Z 547 |             data["p1_range"], data["p2_range"], data["p3_range"], indexing="ij"
build (3.11)	Lint with Ruff	2025-11-27T10:14:37.3276790Z 548 |         )
build (3.11)	Lint with Ruff	2025-11-27T10:14:37.3276946Z     |
build (3.11)	Lint with Ruff	2025-11-27T10:14:37.3277186Z help: Prefix it with an underscore or any other dummy variable pattern
build (3.11)	Lint with Ruff	2025-11-27T10:14:37.3277427Z 
build (3.11)	Lint with Ruff	2025-11-27T10:14:37.3277533Z I001 [*] Import block is un-sorted or un-formatted
build (3.11)	Lint with Ruff	2025-11-27T10:14:37.3277802Z   --> src/main_analysis.py:13:1
build (3.11)	Lint with Ruff	2025-11-27T10:14:37.3277997Z    |
build (3.11)	Lint with Ruff	2025-11-27T10:14:37.3278140Z 11 |   """
build (3.11)	Lint with Ruff	2025-11-27T10:14:37.3278284Z 12 |
build (3.11)	Lint with Ruff	2025-11-27T10:14:37.3278440Z 13 | / import json
build (3.11)	Lint with Ruff	2025-11-27T10:14:37.3278599Z 14 | | import os
build (3.11)	Lint with Ruff	2025-11-27T10:14:37.3278784Z 15 | | from typing import Any, Dict
build (3.11)	Lint with Ruff	2025-11-27T10:14:37.3278989Z 16 | |
build (3.11)	Lint with Ruff	2025-11-27T10:14:37.3279147Z 17 | | import numpy as np
build (3.11)	Lint with Ruff	2025-11-27T10:14:37.3279361Z 18 | | import pandas as pd
build (3.11)	Lint with Ruff	2025-11-27T10:14:37.3279543Z 19 | |
build (3.11)	Lint with Ruff	2025-11-27T10:14:37.3279870Z 20 | | # Import our corrected modules (assumes running as installed package or with src on PYTHONPATH)
build (3.11)	Lint with Ruff	2025-11-27T10:14:37.3280388Z 21 | | from .dcea_equity_analysis import plot_equity_impact_plane, plot_lorenz_curve
build (3.11)	Lint with Ruff	2025-11-27T10:14:37.3281160Z 22 | | from .visualizations import plot_discordance_loss
build (3.11)	Lint with Ruff	2025-11-27T10:14:37.3281457Z 23 | | from .dsa_analysis import (
build (3.11)	Lint with Ruff	2025-11-27T10:14:37.3281691Z 24 | |     compose_dsa_dashboard,
build (3.11)	Lint with Ruff	2025-11-27T10:14:37.3281931Z 25 | |     perform_comprehensive_two_way_dsa,
build (3.11)	Lint with Ruff	2025-11-27T10:14:37.3282173Z 26 | |     perform_one_way_dsa,
build (3.11)	Lint with Ruff	2025-11-27T10:14:37.3282387Z 27 | |     perform_three_way_dsa,
build (3.11)	Lint with Ruff	2025-11-27T10:14:37.3282606Z 28 | |     plot_one_way_dsa_tornado,
build (3.11)	Lint with Ruff	2025-11-27T10:14:37.3282829Z 29 | |     plot_three_way_dsa_3d,
build (3.11)	Lint with Ruff	2025-11-27T10:14:37.3283041Z 30 | |     plot_two_way_dsa_heatmaps,
build (3.11)	Lint with Ruff	2025-11-27T10:14:37.3283258Z 31 | | )
build (3.11)	Lint with Ruff	2025-11-27T10:14:37.3283471Z 32 | | from .pipeline.analysis import run_analysis_pipeline
build (3.11)	Lint with Ruff	2025-11-27T10:14:37.3284001Z 33 | | from .policy_brief_generator import generate_policy_brief
build (3.11)	Lint with Ruff	2025-11-27T10:14:37.3284291Z 34 | | from .visualizations import (
build (3.11)	Lint with Ruff	2025-11-27T10:14:37.3284519Z 35 | |     compose_bia_dashboard,
build (3.11)	Lint with Ruff	2025-11-27T10:14:37.3284735Z 36 | |     compose_dashboard,
build (3.11)	Lint with Ruff	2025-11-27T10:14:37.3284939Z 37 | |     compose_equity_dashboard,
build (3.11)	Lint with Ruff	2025-11-27T10:14:37.3285154Z 38 | |     plot_ceac,
build (3.11)	Lint with Ruff	2025-11-27T10:14:37.3285327Z 39 | |     plot_ceaf,
build (3.11)	Lint with Ruff	2025-11-27T10:14:37.3285520Z 40 | |     plot_cost_effectiveness_plane,
build (3.11)	Lint with Ruff	2025-11-27T10:14:37.3285745Z 41 | |     plot_evpi,
build (3.11)	Lint with Ruff	2025-11-27T10:14:37.3285922Z 42 | |     plot_evppi,
build (3.11)	Lint with Ruff	2025-11-27T10:14:37.3286107Z 43 | |     plot_net_benefit_curves,
build (3.11)	Lint with Ruff	2025-11-27T10:14:37.3286357Z 44 | |     plot_pop_evpi,
build (3.11)	Lint with Ruff	2025-11-27T10:14:37.3286829Z 45 | |     plot_value_of_perspective,
build (3.11)	Lint with Ruff	2025-11-27T10:14:37.3287039Z 46 | | )
build (3.11)	Lint with Ruff	2025-11-27T10:14:37.3287184Z    | |_^
build (3.11)	Lint with Ruff	2025-11-27T10:14:37.3287318Z    |
build (3.11)	Lint with Ruff	2025-11-27T10:14:37.3287475Z help: Organize imports
build (3.11)	Lint with Ruff	2025-11-27T10:14:37.3287594Z 
build (3.11)	Lint with Ruff	2025-11-27T10:14:37.3287677Z E741 Ambiguous variable name: `l`
build (3.11)	Lint with Ruff	2025-11-27T10:14:37.3287917Z    --> src/perspective_value_dsa.py:215:33
build (3.11)	Lint with Ruff	2025-11-27T10:14:37.3288146Z     |
build (3.11)	Lint with Ruff	2025-11-27T10:14:37.3288304Z 213 |     # Combine legends
build (3.11)	Lint with Ruff	2025-11-27T10:14:37.3288503Z 214 |     lines = line1 + line2
build (3.11)	Lint with Ruff	2025-11-27T10:14:37.3288735Z 215 |     labels = [l.get_label() for l in lines]
build (3.11)	Lint with Ruff	2025-11-27T10:14:37.3288986Z     |                                 ^
build (3.11)	Lint with Ruff	2025-11-27T10:14:37.3289235Z 216 |     ax1.legend(lines, labels, loc="upper left")
build (3.11)	Lint with Ruff	2025-11-27T10:14:37.3289485Z     |
build (3.11)	Lint with Ruff	2025-11-27T10:14:37.3289587Z 
build (3.11)	Lint with Ruff	2025-11-27T10:14:37.3289902Z RUF059 Unpacked variable `wedges` is never used
build (3.11)	Lint with Ruff	2025-11-27T10:14:37.3290181Z    --> src/perspective_value_viz.py:133:5
build (3.11)	Lint with Ruff	2025-11-27T10:14:37.3290411Z     |
build (3.11)	Lint with Ruff	2025-11-27T10:14:37.3290741Z 131 |     # Pie chart
build (3.11)	Lint with Ruff	2025-11-27T10:14:37.3290974Z 132 |     colors_pie = ["steelblue", "forestgreen", "coral"]
build (3.11)	Lint with Ruff	2025-11-27T10:14:37.3291266Z 133 |     wedges, texts, autotexts = ax3.pie(
build (3.11)	Lint with Ruff	2025-11-27T10:14:37.3291503Z     |     ^^^^^^
build (3.11)	Lint with Ruff	2025-11-27T10:14:37.3291756Z 134 |         [discordance_data[0], discordance_data[1], discordance_data[2]],
build (3.11)	Lint with Ruff	2025-11-27T10:14:37.3292074Z 135 |         labels=labels,
build (3.11)	Lint with Ruff	2025-11-27T10:14:37.3292258Z     |
build (3.11)	Lint with Ruff	2025-11-27T10:14:37.3292509Z help: Prefix it with an underscore or any other dummy variable pattern
build (3.11)	Lint with Ruff	2025-11-27T10:14:37.3292751Z 
build (3.11)	Lint with Ruff	2025-11-27T10:14:37.3292852Z RUF059 Unpacked variable `texts` is never used
build (3.11)	Lint with Ruff	2025-11-27T10:14:37.3293123Z    --> src/perspective_value_viz.py:133:13
build (3.11)	Lint with Ruff	2025-11-27T10:14:37.3293357Z     |
build (3.11)	Lint with Ruff	2025-11-27T10:14:37.3293501Z 131 |     # Pie chart
build (3.11)	Lint with Ruff	2025-11-27T10:14:37.3293727Z 132 |     colors_pie = ["steelblue", "forestgreen", "coral"]
build (3.11)	Lint with Ruff	2025-11-27T10:14:37.3294015Z 133 |     wedges, texts, autotexts = ax3.pie(
build (3.11)	Lint with Ruff	2025-11-27T10:14:37.3294253Z     |             ^^^^^
build (3.11)	Lint with Ruff	2025-11-27T10:14:37.3294513Z 134 |         [discordance_data[0], discordance_data[1], discordance_data[2]],
build (3.11)	Lint with Ruff	2025-11-27T10:14:37.3294826Z 135 |         labels=labels,
build (3.11)	Lint with Ruff	2025-11-27T10:14:37.3295007Z     |
build (3.11)	Lint with Ruff	2025-11-27T10:14:37.3295252Z help: Prefix it with an underscore or any other dummy variable pattern
build (3.11)	Lint with Ruff	2025-11-27T10:14:37.3295496Z 
build (3.11)	Lint with Ruff	2025-11-27T10:14:37.3295607Z RUF059 Unpacked variable `autotexts` is never used
build (3.11)	Lint with Ruff	2025-11-27T10:14:37.3295879Z    --> src/perspective_value_viz.py:133:20
build (3.11)	Lint with Ruff	2025-11-27T10:14:37.3296104Z     |
build (3.11)	Lint with Ruff	2025-11-27T10:14:37.3296242Z 131 |     # Pie chart
build (3.11)	Lint with Ruff	2025-11-27T10:14:37.3296462Z 132 |     colors_pie = ["steelblue", "forestgreen", "coral"]
build (3.11)	Lint with Ruff	2025-11-27T10:14:37.3296745Z 133 |     wedges, texts, autotexts = ax3.pie(
build (3.11)	Lint with Ruff	2025-11-27T10:14:37.3296981Z     |                    ^^^^^^^^^
build (3.11)	Lint with Ruff	2025-11-27T10:14:37.3297267Z 134 |         [discordance_data[0], discordance_data[1], discordance_data[2]],
build (3.11)	Lint with Ruff	2025-11-27T10:14:37.3297569Z 135 |         labels=labels,
build (3.11)	Lint with Ruff	2025-11-27T10:14:37.3297756Z     |
build (3.11)	Lint with Ruff	2025-11-27T10:14:37.3297985Z help: Prefix it with an underscore or any other dummy variable pattern
build (3.11)	Lint with Ruff	2025-11-27T10:14:37.3298228Z 
build (3.11)	Lint with Ruff	2025-11-27T10:14:37.3298342Z C408 Unnecessary `dict()` call (rewrite as a literal)
build (3.11)	Lint with Ruff	2025-11-27T10:14:37.3298623Z    --> src/perspective_value_viz.py:345:14
build (3.11)	Lint with Ruff	2025-11-27T10:14:37.3299013Z     |
build (3.11)	Lint with Ruff	2025-11-27T10:14:37.3299165Z 343 |         fontsize=12,
build (3.11)	Lint with Ruff	2025-11-27T10:14:37.3299380Z 344 |         verticalalignment="top",
build (3.11)	Lint with Ruff	2025-11-27T10:14:37.3299687Z 345 |         bbox=dict(boxstyle="round", facecolor="wheat", alpha=0.5),
build (3.11)	Lint with Ruff	2025-11-27T10:14:37.3299999Z     |              ^^^^^^^^^^^^^^^^^^^^^^^^^^^^^^^^^^^^^^^^^^^^^^^^^^^^
build (3.11)	Lint with Ruff	2025-11-27T10:14:37.3300236Z 346 |     )
build (3.11)	Lint with Ruff	2025-11-27T10:14:37.3300381Z     |
build (3.11)	Lint with Ruff	2025-11-27T10:14:37.3300694Z help: Rewrite as a literal
build (3.11)	Lint with Ruff	2025-11-27T10:14:37.3300826Z 
build (3.11)	Lint with Ruff	2025-11-27T10:14:37.3300939Z C901 `run_analysis_pipeline` is too complex (14 > 10)
build (3.11)	Lint with Ruff	2025-11-27T10:14:37.3301220Z   --> src/pipeline/analysis.py:73:5
build (3.11)	Lint with Ruff	2025-11-27T10:14:37.3301429Z    |
build (3.11)	Lint with Ruff	2025-11-27T10:14:37.3301727Z 73 | def run_analysis_pipeline() -> Dict:
build (3.11)	Lint with Ruff	2025-11-27T10:14:37.3301968Z    |     ^^^^^^^^^^^^^^^^^^^^^
build (3.11)	Lint with Ruff	2025-11-27T10:14:37.3302151Z 74 |     """
build (3.11)	Lint with Ruff	2025-11-27T10:14:37.3302366Z 75 |     Run the complete health economic analysis pipeline.
build (3.11)	Lint with Ruff	2025-11-27T10:14:37.3302624Z    |
build (3.11)	Lint with Ruff	2025-11-27T10:14:37.3302710Z 
build (3.11)	Lint with Ruff	2025-11-27T10:14:37.3302827Z C901 `run_reporting_pipeline` is too complex (14 > 10)
build (3.11)	Lint with Ruff	2025-11-27T10:14:37.3303106Z   --> src/pipeline/reporting.py:43:5
build (3.11)	Lint with Ruff	2025-11-27T10:14:37.3303325Z    |
build (3.11)	Lint with Ruff	2025-11-27T10:14:37.3303569Z 43 | def run_reporting_pipeline(results: dict, output_dir: str = "output"):
build (3.11)	Lint with Ruff	2025-11-27T10:14:37.3303893Z    |     ^^^^^^^^^^^^^^^^^^^^^^
build (3.11)	Lint with Ruff	2025-11-27T10:14:37.3304082Z 44 |     """
build (3.11)	Lint with Ruff	2025-11-27T10:14:37.3304261Z 45 |     Run the complete reporting pipeline.
build (3.11)	Lint with Ruff	2025-11-27T10:14:37.3304496Z    |
build (3.11)	Lint with Ruff	2025-11-27T10:14:37.3304576Z 
build (3.11)	Lint with Ruff	2025-11-27T10:14:37.3304712Z B006 Do not use mutable data structures for argument defaults
build (3.11)	Lint with Ruff	2025-11-27T10:14:37.3305017Z   --> src/profile_scalability.py:22:31
build (3.11)	Lint with Ruff	2025-11-27T10:14:37.3305236Z    |
build (3.11)	Lint with Ruff	2025-11-27T10:14:37.3305399Z 21 | def run_scalability_test(
build (3.11)	Lint with Ruff	2025-11-27T10:14:37.3305650Z 22 |     sample_sizes: List[int] = [100, 500, 1000, 2000, 5000],
build (3.11)	Lint with Ruff	2025-11-27T10:14:37.3305934Z    |                               ^^^^^^^^^^^^^^^^^^^^^^^^^^^^
build (3.11)	Lint with Ruff	2025-11-27T10:14:37.3306213Z 23 |     intervention_name: str = "HPV Vaccination",
build (3.11)	Lint with Ruff	2025-11-27T10:14:37.3306487Z 24 |     output_dir: str = "output/profiling/",
build (3.11)	Lint with Ruff	2025-11-27T10:14:37.3306724Z    |
build (3.11)	Lint with Ruff	2025-11-27T10:14:37.3306917Z help: Replace with `None`; initialize within function
build (3.11)	Lint with Ruff	2025-11-27T10:14:37.3307120Z 
build (3.11)	Lint with Ruff	2025-11-27T10:14:37.3307255Z F841 Local variable `mem_before` is assigned to but never used
build (3.11)	Lint with Ruff	2025-11-27T10:14:37.3307550Z    --> src/profiling.py:141:5
build (3.11)	Lint with Ruff	2025-11-27T10:14:37.3307751Z     |
build (3.11)	Lint with Ruff	2025-11-27T10:14:37.3307893Z 139 |     """
build (3.11)	Lint with Ruff	2025-11-27T10:14:37.3308082Z 140 |     process = psutil.Process(os.getpid())
build (3.11)	Lint with Ruff	2025-11-27T10:14:37.3308382Z 141 |     mem_before = process.memory_info().rss / 1024 / 1024
build (3.11)	Lint with Ruff	2025-11-27T10:14:37.3308643Z     |     ^^^^^^^^^^
build (3.11)	Lint with Ruff	2025-11-27T10:14:37.3308814Z 142 |
build (3.11)	Lint with Ruff	2025-11-27T10:14:37.3308968Z 143 |     start_time = time.time()
build (3.11)	Lint with Ruff	2025-11-27T10:14:37.3309173Z     |
build (3.11)	Lint with Ruff	2025-11-27T10:14:37.3309370Z help: Remove assignment to unused variable `mem_before`
build (3.11)	Lint with Ruff	2025-11-27T10:14:37.3309578Z 
build (3.11)	Lint with Ruff	2025-11-27T10:14:37.3309717Z F841 Local variable `n_samples` is assigned to but never used
build (3.11)	Lint with Ruff	2025-11-27T10:14:37.3310013Z   --> src/sobol_analysis.py:87:9
build (3.11)	Lint with Ruff	2025-11-27T10:14:37.3310210Z    |
build (3.11)	Lint with Ruff	2025-11-27T10:14:37.3310411Z 85 |         from scipy.stats import beta, gamma, norm, uniform
build (3.11)	Lint with Ruff	2025-11-27T10:14:37.3310911Z 86 |
build (3.11)	Lint with Ruff	2025-11-27T10:14:37.3311088Z 87 |         n_samples = samples_01.shape[0]
build (3.11)	Lint with Ruff	2025-11-27T10:14:37.3311311Z    |         ^^^^^^^^^
build (3.11)	Lint with Ruff	2025-11-27T10:14:37.3311498Z 88 |         sampled_params = {}
build (3.11)	Lint with Ruff	2025-11-27T10:14:37.3311691Z    |
build (3.11)	Lint with Ruff	2025-11-27T10:14:37.3311892Z help: Remove assignment to unused variable `n_samples`
build (3.11)	Lint with Ruff	2025-11-27T10:14:37.3312096Z 
build (3.11)	Lint with Ruff	2025-11-27T10:14:37.3312221Z F841 Local variable `ci_df` is assigned to but never used
build (3.11)	Lint with Ruff	2025-11-27T10:14:37.3312513Z    --> src/sobol_analysis.py:282:5
build (3.11)	Lint with Ruff	2025-11-27T10:14:37.3312731Z     |
build (3.11)	Lint with Ruff	2025-11-27T10:14:37.3312904Z 281 |     indices_df = sobol_results["indices"]
build (3.11)	Lint with Ruff	2025-11-27T10:14:37.3313189Z 282 |     ci_df = sobol_results["confidence_intervals"]
build (3.11)	Lint with Ruff	2025-11-27T10:14:37.3313434Z     |     ^^^^^
build (3.11)	Lint with Ruff	2025-11-27T10:14:37.3313731Z 283 |
build (3.11)	Lint with Ruff	2025-11-27T10:14:37.3313891Z 284 |     # Sort by total-order index
build (3.11)	Lint with Ruff	2025-11-27T10:14:37.3314108Z     |
build (3.11)	Lint with Ruff	2025-11-27T10:14:37.3314298Z help: Remove assignment to unused variable `ci_df`
build (3.11)	Lint with Ruff	2025-11-27T10:14:37.3314495Z 
build (3.11)	Lint with Ruff	2025-11-27T10:14:37.3314630Z B007 Loop control variable `param` not used within loop body
build (3.11)	Lint with Ruff	2025-11-27T10:14:37.3314933Z    --> src/sobol_analysis.py:321:13
build (3.11)	Lint with Ruff	2025-11-27T10:14:37.3315146Z     |
build (3.11)	Lint with Ruff	2025-11-27T10:14:37.3315307Z 320 |     # Add interaction annotation
build (3.11)	Lint with Ruff	2025-11-27T10:14:37.3315663Z 321 |     for i, (param, interaction) in enumerate(zip(params, indices_df["interaction"])):
build (3.11)	Lint with Ruff	2025-11-27T10:14:37.3316017Z     |             ^^^^^
build (3.11)	Lint with Ruff	2025-11-27T10:14:37.3316283Z 322 |         if interaction > 0.05:  # Only annotate significant interactions
build (3.11)	Lint with Ruff	2025-11-27T10:14:37.3316706Z 323 |             ax.annotate(
build (3.11)	Lint with Ruff	2025-11-27T10:14:37.3316894Z     |
build (3.11)	Lint with Ruff	2025-11-27T10:14:37.3317059Z help: Rename unused `param` to `_param`
build (3.11)	Lint with Ruff	2025-11-27T10:14:37.3317222Z 
build (3.11)	Lint with Ruff	2025-11-27T10:14:37.3317319Z E402 Module level import not at top of file
build (3.11)	Lint with Ruff	2025-11-27T10:14:37.3317580Z   --> src/test_dsa_enhancements.py:61:1
build (3.11)	Lint with Ruff	2025-11-27T10:14:37.3317806Z    |
build (3.11)	Lint with Ruff	2025-11-27T10:14:37.3317956Z 59 | print(f"{'=' * 80}")
build (3.11)	Lint with Ruff	2025-11-27T10:14:37.3318141Z 60 |
build (3.11)	Lint with Ruff	2025-11-27T10:14:37.3318390Z 61 | from .dsa_analysis import perform_one_way_dsa, plot_one_way_dsa_tornado
build (3.11)	Lint with Ruff	2025-11-27T10:14:37.3318733Z    | ^^^^^^^^^^^^^^^^^^^^^^^^^^^^^^^^^^^^^^^^^^^^^^^^^^^^^^^^^^^^^^^^^^^^^^^
build (3.11)	Lint with Ruff	2025-11-27T10:14:37.3318969Z 62 |
build (3.11)	Lint with Ruff	2025-11-27T10:14:37.3319146Z 63 | with profile_section("General One-Way DSA"):
build (3.11)	Lint with Ruff	2025-11-27T10:14:37.3319393Z    |
build (3.11)	Lint with Ruff	2025-11-27T10:14:37.3319473Z 
build (3.11)	Lint with Ruff	2025-11-27T10:14:37.3319882Z RUF003 Comment contains ambiguous `Ã` (MULTIPLICATION SIGN). Did you mean `x` (LATIN SMALL LETTER X)?
build (3.11)	Lint with Ruff	2025-11-27T10:14:37.3320327Z    --> src/value_of_information.py:439:47
build (3.11)	Lint with Ruff	2025-11-27T10:14:37.3320750Z     |
build (3.11)	Lint with Ruff	2025-11-27T10:14:37.3320926Z 437 |         avg_discordance_cost = 0.0
build (3.11)	Lint with Ruff	2025-11-27T10:14:37.3321140Z 438 |
build (3.11)	Lint with Ruff	2025-11-27T10:14:37.3321481Z 439 |     # Expected discordance cost = probability Ã average cost when discordant
build (3.11)	Lint with Ruff	2025-11-27T10:14:37.3321846Z     |                                               ^
build (3.11)	Lint with Ruff	2025-11-27T10:14:37.3322176Z 440 |     expected_discordance_cost = prop_discordant * avg_discordance_cost
build (3.11)	Lint with Ruff	2025-11-27T10:14:37.3322489Z     |
build (3.11)	Lint with Ruff	2025-11-27T10:14:37.3322570Z 
build (3.11)	Lint with Ruff	2025-11-27T10:14:37.3322674Z I001 [*] Import block is un-sorted or un-formatted
build (3.11)	Lint with Ruff	2025-11-27T10:14:37.3322945Z   --> src/visualizations.py:8:1
build (3.11)	Lint with Ruff	2025-11-27T10:14:37.3323144Z    |
build (3.11)	Lint with Ruff	2025-11-27T10:14:37.3323287Z  6 |   """
build (3.11)	Lint with Ruff	2025-11-27T10:14:37.3323430Z  7 |
build (3.11)	Lint with Ruff	2025-11-27T10:14:37.3323576Z  8 | / import os
build (3.11)	Lint with Ruff	2025-11-27T10:14:37.3323776Z  9 | | from typing import Dict, List, Optional
build (3.11)	Lint with Ruff	2025-11-27T10:14:37.3324004Z 10 | |
build (3.11)	Lint with Ruff	2025-11-27T10:14:37.3324180Z 11 | | import matplotlib.pyplot as plt
build (3.11)	Lint with Ruff	2025-11-27T10:14:37.3324419Z 12 | | import numpy as np
build (3.11)	Lint with Ruff	2025-11-27T10:14:37.3324622Z 13 | | import pandas as pd
build (3.11)	Lint with Ruff	2025-11-27T10:14:37.3324818Z 14 | | import seaborn as sns
build (3.11)	Lint with Ruff	2025-11-27T10:14:37.3325017Z    | |_____________________^
build (3.11)	Lint with Ruff	2025-11-27T10:14:37.3325194Z 15 |   try:
build (3.11)	Lint with Ruff	2025-11-27T10:14:37.3325378Z 16 |       from graphviz import Digraph
build (3.11)	Lint with Ruff	2025-11-27T10:14:37.3325607Z    |
build (3.11)	Lint with Ruff	2025-11-27T10:14:37.3325768Z help: Organize imports
build (3.11)	Lint with Ruff	2025-11-27T10:14:37.3325887Z 
build (3.11)	Lint with Ruff	2025-11-27T10:14:37.3326053Z F811 Redefinition of unused `plot_annual_cash_flow` from line 1397
build (3.11)	Lint with Ruff	2025-11-27T10:14:37.3326377Z     --> src/visualizations.py:2322:5
build (3.11)	Lint with Ruff	2025-11-27T10:14:37.3326598Z      |
build (3.11)	Lint with Ruff	2025-11-27T10:14:37.3326755Z 2322 | def plot_annual_cash_flow(
build (3.11)	Lint with Ruff	2025-11-27T10:14:37.3327007Z      |     ^^^^^^^^^^^^^^^^^^^^^ `plot_annual_cash_flow` redefined here
build (3.11)	Lint with Ruff	2025-11-27T10:14:37.3327266Z 2323 |     years: List[int],
build (3.11)	Lint with Ruff	2025-11-27T10:14:37.3327472Z 2324 |     gross_costs: List[float],
build (3.11)	Lint with Ruff	2025-11-27T10:14:37.3327673Z      |
build (3.11)	Lint with Ruff	2025-11-27T10:14:37.3327949Z     ::: src/visualizations.py:1397:5
build (3.11)	Lint with Ruff	2025-11-27T10:14:37.3328165Z      |
build (3.11)	Lint with Ruff	2025-11-27T10:14:37.3328324Z 1397 | def plot_annual_cash_flow(
build (3.11)	Lint with Ruff	2025-11-27T10:14:37.3328631Z      |     --------------------- previous definition of `plot_annual_cash_flow` here
build (3.11)	Lint with Ruff	2025-11-27T10:14:37.3347247Z 1398 |     bia_results: Dict[str, List[float]],
build (3.11)	Lint with Ruff	2025-11-27T10:14:37.3348027Z 1399 |     output_dir: str = "output/figures/",
build (3.11)	Lint with Ruff	2025-11-27T10:14:37.3348411Z      |
build (3.11)	Lint with Ruff	2025-11-27T10:14:37.3348726Z help: Remove definition: `plot_annual_cash_flow`
build (3.11)	Lint with Ruff	2025-11-27T10:14:37.3349040Z 
build (3.11)	Lint with Ruff	2025-11-27T10:14:37.3349244Z B007 Loop control variable `icer` not used within loop body
build (3.11)	Lint with Ruff	2025-11-27T10:14:37.3349580Z    --> src/visualizations_comparative.py:135:31
build (3.11)	Lint with Ruff	2025-11-27T10:14:37.3349851Z     |
build (3.11)	Lint with Ruff	2025-11-27T10:14:37.3350020Z 133 |     # Plot points
build (3.11)	Lint with Ruff	2025-11-27T10:14:37.3350307Z 134 |     colors = plt.cm.viridis(np.linspace(0, 1, len(interventions)))
build (3.11)	Lint with Ruff	2025-11-27T10:14:37.3350986Z 135 |     for i, (qaly, cost, name, icer) in enumerate(
build (3.11)	Lint with Ruff	2025-11-27T10:14:37.3351254Z     |                               ^^^^
build (3.11)	Lint with Ruff	2025-11-27T10:14:37.3351772Z 136 |         zip(inc_qalys_sorted, inc_costs_sorted, interventions_sorted, icers_sorted)
build (3.11)	Lint with Ruff	2025-11-27T10:14:37.3352105Z 137 |     ):
build (3.11)	Lint with Ruff	2025-11-27T10:14:37.3352265Z     |
build (3.11)	Lint with Ruff	2025-11-27T10:14:37.3352427Z help: Rename unused `icer` to `_icer`
build (3.11)	Lint with Ruff	2025-11-27T10:14:37.3352600Z 
build (3.11)	Lint with Ruff	2025-11-27T10:14:37.3352720Z C408 Unnecessary `dict()` call (rewrite as a literal)
build (3.11)	Lint with Ruff	2025-11-27T10:14:37.3353027Z    --> src/visualizations_comparative.py:154:18
build (3.11)	Lint with Ruff	2025-11-27T10:14:37.3353262Z     |
build (3.11)	Lint with Ruff	2025-11-27T10:14:37.3353441Z 152 |             textcoords="offset points",
build (3.11)	Lint with Ruff	2025-11-27T10:14:37.3353682Z 153 |             fontsize=9,
build (3.11)	Lint with Ruff	2025-11-27T10:14:37.3353994Z 154 |             bbox=dict(boxstyle="round,pad=0.5", facecolor=colors[i], alpha=0.3),
build (3.11)	Lint with Ruff	2025-11-27T10:14:37.3354342Z     |                  ^^^^^^^^^^^^^^^^^^^^^^^^^^^^^^^^^^^^^^^^^^^^^^^^^^^^^^^^^^^^^^
build (3.11)	Lint with Ruff	2025-11-27T10:14:37.3354584Z 155 |         )
build (3.11)	Lint with Ruff	2025-11-27T10:14:37.3354743Z     |
build (3.11)	Lint with Ruff	2025-11-27T10:14:37.3354901Z help: Rewrite as a literal
build (3.11)	Lint with Ruff	2025-11-27T10:14:37.3355037Z 
build (3.11)	Lint with Ruff	2025-11-27T10:14:37.3355145Z RUF013 PEP 484 prohibits implicit `Optional`
build (3.11)	Lint with Ruff	2025-11-27T10:14:37.3355423Z    --> src/visualizations_comparative.py:202:19
build (3.11)	Lint with Ruff	2025-11-27T10:14:37.3355664Z     |
build (3.11)	Lint with Ruff	2025-11-27T10:14:37.3355823Z 200 |     wtp_threshold: float = 50000,
build (3.11)	Lint with Ruff	2025-11-27T10:14:37.3356081Z 201 |     output_dir: str = "output/figures/",
build (3.11)	Lint with Ruff	2025-11-27T10:14:37.3356331Z 202 |     perspectives: List[str] = None,
build (3.11)	Lint with Ruff	2025-11-27T10:14:37.3356562Z     |                   ^^^^^^^^^
build (3.11)	Lint with Ruff	2025-11-27T10:14:37.3356761Z 203 | ):
build (3.11)	Lint with Ruff	2025-11-27T10:14:37.3356904Z 204 |     """
build (3.11)	Lint with Ruff	2025-11-27T10:14:37.3357062Z     |
build (3.11)	Lint with Ruff	2025-11-27T10:14:37.3357222Z help: Convert to `Optional[T]`
build (3.11)	Lint with Ruff	2025-11-27T10:14:37.3357362Z 
build (3.11)	Lint with Ruff	2025-11-27T10:14:37.3357501Z B007 Loop control variable `idx` not used within loop body
build (3.11)	Lint with Ruff	2025-11-27T10:14:37.3357819Z    --> src/visualizations_comparative.py:261:13
build (3.11)	Lint with Ruff	2025-11-27T10:14:37.3358066Z     |
build (3.11)	Lint with Ruff	2025-11-27T10:14:37.3358228Z 260 |         # Add value labels on bars
build (3.11)	Lint with Ruff	2025-11-27T10:14:37.3358484Z 261 |         for idx, bar in enumerate(bars):
build (3.11)	Lint with Ruff	2025-11-27T10:14:37.3358717Z     |             ^^^
build (3.11)	Lint with Ruff	2025-11-27T10:14:37.3358918Z 262 |             height = bar.get_height()
build (3.11)	Lint with Ruff	2025-11-27T10:14:37.3359152Z 263 |             ax.text(
build (3.11)	Lint with Ruff	2025-11-27T10:14:37.3359327Z     |
build (3.11)	Lint with Ruff	2025-11-27T10:14:37.3359500Z help: Rename unused `idx` to `_idx`
build (3.11)	Lint with Ruff	2025-11-27T10:14:37.3359659Z 
build (3.11)	Lint with Ruff	2025-11-27T10:14:37.3359783Z F841 Local variable `bars` is assigned to but never used
build (3.11)	Lint with Ruff	2025-11-27T10:14:37.3360093Z    --> src/visualizations_comparative.py:467:5
build (3.11)	Lint with Ruff	2025-11-27T10:14:37.3360326Z     |
build (3.11)	Lint with Ruff	2025-11-27T10:14:37.3360745Z 466 |     colors_nmb = ["g" if nmb > 0 else "r" for nmb in nmb_values]
build (3.11)	Lint with Ruff	2025-11-27T10:14:37.3361041Z 467 |     bars = ax2.barh(
build (3.11)	Lint with Ruff	2025-11-27T10:14:37.3361229Z     |     ^^^^
build (3.11)	Lint with Ruff	2025-11-27T10:14:37.3361514Z 468 |         interventions, nmb_values, color=colors_nmb, alpha=0.7, edgecolor="black"
build (3.11)	Lint with Ruff	2025-11-27T10:14:37.3361840Z 469 |     )
build (3.11)	Lint with Ruff	2025-11-27T10:14:37.3361988Z     |
build (3.11)	Lint with Ruff	2025-11-27T10:14:37.3362173Z help: Remove assignment to unused variable `bars`
build (3.11)	Lint with Ruff	2025-11-27T10:14:37.3362367Z 
build (3.11)	Lint with Ruff	2025-11-27T10:14:37.3362495Z C408 Unnecessary `dict()` call (rewrite as a literal)
build (3.11)	Lint with Ruff	2025-11-27T10:14:37.3362784Z    --> src/visualizations_extended.py:152:20
build (3.11)	Lint with Ruff	2025-11-27T10:14:37.3363013Z     |
build (3.11)	Lint with Ruff	2025-11-27T10:14:37.3363182Z 150 |         xy=(time_horizon, cumulative_evpi),
build (3.11)	Lint with Ruff	2025-11-27T10:14:37.3363616Z 151 |         xytext=(time_horizon - 2, cumulative_evpi * 0.8),
build (3.11)	Lint with Ruff	2025-11-27T10:14:37.3363944Z 152 |         arrowprops=dict(arrowstyle="->", color="black"),
build (3.11)	Lint with Ruff	2025-11-27T10:14:37.3364219Z     |                    ^^^^^^^^^^^^^^^^^^^^^^^^^^^^^^^^^^^^
build (3.11)	Lint with Ruff	2025-11-27T10:14:37.3364452Z 153 |         fontsize=10,
build (3.11)	Lint with Ruff	2025-11-27T10:14:37.3364641Z 154 |         fontweight="bold",
build (3.11)	Lint with Ruff	2025-11-27T10:14:37.3364839Z     |
build (3.11)	Lint with Ruff	2025-11-27T10:14:37.3364989Z help: Rewrite as a literal
build (3.11)	Lint with Ruff	2025-11-27T10:14:37.3365120Z 
build (3.11)	Lint with Ruff	2025-11-27T10:14:37.3365255Z B007 Loop control variable `param` not used within loop body
build (3.11)	Lint with Ruff	2025-11-27T10:14:37.3365565Z    --> src/visualizations_extended.py:205:13
build (3.11)	Lint with Ruff	2025-11-27T10:14:37.3365789Z     |
build (3.11)	Lint with Ruff	2025-11-27T10:14:37.3365949Z 204 |     # Create horizontal bars
build (3.11)	Lint with Ruff	2025-11-27T10:14:37.3366405Z 205 |     for i, (param, lower, upper) in enumerate(zip(params, lower_bounds, upper_bounds)):
build (3.11)	Lint with Ruff	2025-11-27T10:14:37.3366762Z     |             ^^^^^
build (3.11)	Lint with Ruff	2025-11-27T10:14:37.3366933Z 206 |         ax.barh(
build (3.11)	Lint with Ruff	2025-11-27T10:14:37.3367111Z 207 |             i,
build (3.11)	Lint with Ruff	2025-11-27T10:14:37.3367269Z     |
build (3.11)	Lint with Ruff	2025-11-27T10:14:37.3367445Z help: Rename unused `param` to `_param`
build (3.11)	Lint with Ruff	2025-11-27T10:14:37.3367611Z 
build (3.11)	Lint with Ruff	2025-11-27T10:14:37.3367733Z C408 Unnecessary `dict()` call (rewrite as a literal)
build (3.11)	Lint with Ruff	2025-11-27T10:14:37.3368018Z    --> src/visualizations_extended.py:260:47
build (3.11)	Lint with Ruff	2025-11-27T10:14:37.3368247Z     |
build (3.11)	Lint with Ruff	2025-11-27T10:14:37.3368408Z 259 |     fig, ax = plt.subplots(
build (3.11)	Lint with Ruff	2025-11-27T10:14:37.3368695Z 260 |         figsize=(10, 10), dpi=300, subplot_kw=dict(projection="polar")
build (3.11)	Lint with Ruff	2025-11-27T10:14:37.3369003Z     |                                               ^^^^^^^^^^^^^^^^^^^^^^^^
build (3.11)	Lint with Ruff	2025-11-27T10:14:37.3369235Z 261 |     )
build (3.11)	Lint with Ruff	2025-11-27T10:14:37.3369378Z     |
build (3.11)	Lint with Ruff	2025-11-27T10:14:37.3369536Z help: Rewrite as a literal
build (3.11)	Lint with Ruff	2025-11-27T10:14:37.3369665Z 
build (3.11)	Lint with Ruff	2025-11-27T10:14:37.3369736Z Found 44 errors.
build (3.11)	Lint with Ruff	2025-11-27T10:14:37.3370092Z [*] 14 fixable with the `--fix` option (22 hidden fixes can be enabled with the `--unsafe-fixes` option).
build (3.11)	Test with pytest	ï»¿2025-11-27T10:14:37.3396007Z ##[group]Run pytest
build (3.11)	Test with pytest	2025-11-27T10:14:37.3396263Z [36;1mpytest[0m
build (3.11)	Test with pytest	2025-11-27T10:14:37.3430374Z shell: /usr/bin/bash -e {0}
build (3.11)	Test with pytest	2025-11-27T10:14:37.3430861Z env:
build (3.11)	Test with pytest	2025-11-27T10:14:37.3431117Z   pythonLocation: /opt/hostedtoolcache/Python/3.11.14/x64
build (3.11)	Test with pytest	2025-11-27T10:14:37.3431537Z   PKG_CONFIG_PATH: /opt/hostedtoolcache/Python/3.11.14/x64/lib/pkgconfig
build (3.11)	Test with pytest	2025-11-27T10:14:37.3431925Z   Python_ROOT_DIR: /opt/hostedtoolcache/Python/3.11.14/x64
build (3.11)	Test with pytest	2025-11-27T10:14:37.3432278Z   Python2_ROOT_DIR: /opt/hostedtoolcache/Python/3.11.14/x64
build (3.11)	Test with pytest	2025-11-27T10:14:37.3432617Z   Python3_ROOT_DIR: /opt/hostedtoolcache/Python/3.11.14/x64
build (3.11)	Test with pytest	2025-11-27T10:14:37.3432962Z   LD_LIBRARY_PATH: /opt/hostedtoolcache/Python/3.11.14/x64/lib
build (3.11)	Test with pytest	2025-11-27T10:14:37.3433238Z ##[endgroup]
build (3.11)	Test with pytest	2025-11-27T10:15:22.0062712Z ============================= test session starts ==============================
build (3.11)	Test with pytest	2025-11-27T10:15:22.0067486Z platform linux -- Python 3.11.14, pytest-9.0.1, pluggy-1.6.0
build (3.11)	Test with pytest	2025-11-27T10:15:22.0070692Z rootdir: /home/runner/work/vop_poc_nz/vop_poc_nz
build (3.11)	Test with pytest	2025-11-27T10:15:22.0072350Z configfile: pytest.ini
build (3.11)	Test with pytest	2025-11-27T10:15:22.0072812Z plugins: hypothesis-6.148.3, typeguard-4.4.4
build (3.11)	Test with pytest	2025-11-27T10:15:22.0073265Z collected 65 items
build (3.11)	Test with pytest	2025-11-27T10:15:22.0073478Z 
build (3.11)	Test with pytest	2025-11-27T10:15:30.7213242Z tests/test_additional_smoke.py ....                                      [  6%]
build (3.11)	Test with pytest	2025-11-27T10:15:30.7348143Z tests/test_analysis.py ........                                          [ 18%]
build (3.11)	Test with pytest	2025-11-27T10:15:30.7496393Z tests/test_branch_cover_additional.py ......                             [ 27%]
build (3.11)	Test with pytest	2025-11-27T10:17:18.1482572Z tests/test_cluster_and_dsa_visuals.py ..
build (3.11)	Test with pytest	2025-11-27T10:17:18.1843617Z ##[error]The operation was canceled.
build (3.11)	Complete job	ï»¿2025-11-27T10:17:18.2419238Z Cleaning up orphan processes
build (3.10)	Set up job	ï»¿2025-11-27T10:14:07.4616386Z Current runner version: '2.329.0'
build (3.10)	Set up job	2025-11-27T10:14:07.4691654Z ##[group]Runner Image Provisioner
build (3.10)	Set up job	2025-11-27T10:14:07.4693045Z Hosted Compute Agent
build (3.10)	Set up job	2025-11-27T10:14:07.4694023Z Version: 20251016.436
build (3.10)	Set up job	2025-11-27T10:14:07.4695054Z Commit: 8ab8ac8bfd662a3739dab9fe09456aba92132568
build (3.10)	Set up job	2025-11-27T10:14:07.4696164Z Build Date: 2025-10-15T20:44:12Z
build (3.10)	Set up job	2025-11-27T10:14:07.4697290Z ##[endgroup]
build (3.10)	Set up job	2025-11-27T10:14:07.4698207Z ##[group]Operating System
build (3.10)	Set up job	2025-11-27T10:14:07.4699405Z Ubuntu
build (3.10)	Set up job	2025-11-27T10:14:07.4700289Z 24.04.3
build (3.10)	Set up job	2025-11-27T10:14:07.4701022Z LTS
build (3.10)	Set up job	2025-11-27T10:14:07.4701798Z ##[endgroup]
build (3.10)	Set up job	2025-11-27T10:14:07.4702592Z ##[group]Runner Image
build (3.10)	Set up job	2025-11-27T10:14:07.4703744Z Image: ubuntu-24.04
build (3.10)	Set up job	2025-11-27T10:14:07.4704541Z Version: 20251112.124.1
build (3.10)	Set up job	2025-11-27T10:14:07.4706335Z Included Software: https://github.com/actions/runner-images/blob/ubuntu24/20251112.124/images/ubuntu/Ubuntu2404-Readme.md
build (3.10)	Set up job	2025-11-27T10:14:07.4729328Z Image Release: https://github.com/actions/runner-images/releases/tag/ubuntu24%2F20251112.124
build (3.10)	Set up job	2025-11-27T10:14:07.4731558Z ##[endgroup]
build (3.10)	Set up job	2025-11-27T10:14:07.4733451Z ##[group]GITHUB_TOKEN Permissions
build (3.10)	Set up job	2025-11-27T10:14:07.4735995Z Contents: read
build (3.10)	Set up job	2025-11-27T10:14:07.4736987Z Metadata: read
build (3.10)	Set up job	2025-11-27T10:14:07.4737779Z Packages: read
build (3.10)	Set up job	2025-11-27T10:14:07.4738665Z ##[endgroup]
build (3.10)	Set up job	2025-11-27T10:14:07.4741867Z Secret source: Actions
build (3.10)	Set up job	2025-11-27T10:14:07.4742956Z Prepare workflow directory
build (3.10)	Set up job	2025-11-27T10:14:07.5325704Z Prepare all required actions
build (3.10)	Set up job	2025-11-27T10:14:07.5439867Z Getting action download info
build (3.10)	Set up job	2025-11-27T10:14:08.0411186Z Download action repository 'actions/checkout@v3' (SHA:f43a0e5ff2bd294095638e18286ca9a3d1956744)
build (3.10)	Set up job	2025-11-27T10:14:08.1573156Z Download action repository 'actions/setup-python@v4' (SHA:7f4fc3e22c37d6ff65e88745f38bd3157c663f7c)
build (3.10)	Set up job	2025-11-27T10:14:08.3299339Z Complete job name: build (3.10)
build (3.10)	Run actions/checkout@v3	ï»¿2025-11-27T10:14:08.4000374Z ##[group]Run actions/checkout@v3
build (3.10)	Run actions/checkout@v3	2025-11-27T10:14:08.4001332Z with:
build (3.10)	Run actions/checkout@v3	2025-11-27T10:14:08.4001775Z   repository: edithatogo/vop_poc_nz
build (3.10)	Run actions/checkout@v3	2025-11-27T10:14:08.4002479Z   token: ***
build (3.10)	Run actions/checkout@v3	2025-11-27T10:14:08.4002910Z   ssh-strict: true
build (3.10)	Run actions/checkout@v3	2025-11-27T10:14:08.4003355Z   persist-credentials: true
build (3.10)	Run actions/checkout@v3	2025-11-27T10:14:08.4003831Z   clean: true
build (3.10)	Run actions/checkout@v3	2025-11-27T10:14:08.4004250Z   sparse-checkout-cone-mode: true
build (3.10)	Run actions/checkout@v3	2025-11-27T10:14:08.4004763Z   fetch-depth: 1
build (3.10)	Run actions/checkout@v3	2025-11-27T10:14:08.4005169Z   fetch-tags: false
build (3.10)	Run actions/checkout@v3	2025-11-27T10:14:08.4005585Z   lfs: false
build (3.10)	Run actions/checkout@v3	2025-11-27T10:14:08.4005968Z   submodules: false
build (3.10)	Run actions/checkout@v3	2025-11-27T10:14:08.4006409Z   set-safe-directory: true
build (3.10)	Run actions/checkout@v3	2025-11-27T10:14:08.4007108Z ##[endgroup]
build (3.10)	Run actions/checkout@v3	2025-11-27T10:14:08.5064148Z Syncing repository: edithatogo/vop_poc_nz
build (3.10)	Run actions/checkout@v3	2025-11-27T10:14:08.5068057Z ##[group]Getting Git version info
build (3.10)	Run actions/checkout@v3	2025-11-27T10:14:08.5070160Z Working directory is '/home/runner/work/vop_poc_nz/vop_poc_nz'
build (3.10)	Run actions/checkout@v3	2025-11-27T10:14:08.5073502Z [command]/usr/bin/git version
build (3.10)	Run actions/checkout@v3	2025-11-27T10:14:08.5074602Z git version 2.51.2
build (3.10)	Run actions/checkout@v3	2025-11-27T10:14:08.5078764Z ##[endgroup]
build (3.10)	Run actions/checkout@v3	2025-11-27T10:14:08.5091786Z Temporarily overriding HOME='/home/runner/work/_temp/1201c529-ad23-48ab-8daf-42f33331cadc' before making global git config changes
build (3.10)	Run actions/checkout@v3	2025-11-27T10:14:08.5095588Z Adding repository directory to the temporary git global config as a safe directory
build (3.10)	Run actions/checkout@v3	2025-11-27T10:14:08.5098144Z [command]/usr/bin/git config --global --add safe.directory /home/runner/work/vop_poc_nz/vop_poc_nz
build (3.10)	Run actions/checkout@v3	2025-11-27T10:14:08.5134902Z Deleting the contents of '/home/runner/work/vop_poc_nz/vop_poc_nz'
build (3.10)	Run actions/checkout@v3	2025-11-27T10:14:08.5140057Z ##[group]Initializing the repository
build (3.10)	Run actions/checkout@v3	2025-11-27T10:14:08.5144078Z [command]/usr/bin/git init /home/runner/work/vop_poc_nz/vop_poc_nz
build (3.10)	Run actions/checkout@v3	2025-11-27T10:14:08.5248749Z hint: Using 'master' as the name for the initial branch. This default branch name
build (3.10)	Run actions/checkout@v3	2025-11-27T10:14:08.5254732Z hint: is subject to change. To configure the initial branch name to use in all
build (3.10)	Run actions/checkout@v3	2025-11-27T10:14:08.5256594Z hint: of your new repositories, which will suppress this warning, call:
build (3.10)	Run actions/checkout@v3	2025-11-27T10:14:08.5258048Z hint:
build (3.10)	Run actions/checkout@v3	2025-11-27T10:14:08.5259342Z hint: 	git config --global init.defaultBranch <name>
build (3.10)	Run actions/checkout@v3	2025-11-27T10:14:08.5260557Z hint:
build (3.10)	Run actions/checkout@v3	2025-11-27T10:14:08.5261685Z hint: Names commonly chosen instead of 'master' are 'main', 'trunk' and
build (3.10)	Run actions/checkout@v3	2025-11-27T10:14:08.5264102Z hint: 'development'. The just-created branch can be renamed via this command:
build (3.10)	Run actions/checkout@v3	2025-11-27T10:14:08.5265462Z hint:
build (3.10)	Run actions/checkout@v3	2025-11-27T10:14:08.5266235Z hint: 	git branch -m <name>
build (3.10)	Run actions/checkout@v3	2025-11-27T10:14:08.5267131Z hint:
build (3.10)	Run actions/checkout@v3	2025-11-27T10:14:08.5268294Z hint: Disable this message with "git config set advice.defaultBranchName false"
build (3.10)	Run actions/checkout@v3	2025-11-27T10:14:08.5270657Z Initialized empty Git repository in /home/runner/work/vop_poc_nz/vop_poc_nz/.git/
build (3.10)	Run actions/checkout@v3	2025-11-27T10:14:08.5275332Z [command]/usr/bin/git remote add origin https://github.com/edithatogo/vop_poc_nz
build (3.10)	Run actions/checkout@v3	2025-11-27T10:14:08.5313574Z ##[endgroup]
build (3.10)	Run actions/checkout@v3	2025-11-27T10:14:08.5314848Z ##[group]Disabling automatic garbage collection
build (3.10)	Run actions/checkout@v3	2025-11-27T10:14:08.5316004Z [command]/usr/bin/git config --local gc.auto 0
build (3.10)	Run actions/checkout@v3	2025-11-27T10:14:08.5342126Z ##[endgroup]
build (3.10)	Run actions/checkout@v3	2025-11-27T10:14:08.5343483Z ##[group]Setting up auth
build (3.10)	Run actions/checkout@v3	2025-11-27T10:14:08.5344980Z [command]/usr/bin/git config --local --name-only --get-regexp core\.sshCommand
build (3.10)	Run actions/checkout@v3	2025-11-27T10:14:08.5375032Z [command]/usr/bin/git submodule foreach --recursive sh -c "git config --local --name-only --get-regexp 'core\.sshCommand' && git config --local --unset-all 'core.sshCommand' || :"
build (3.10)	Run actions/checkout@v3	2025-11-27T10:14:08.6304793Z [command]/usr/bin/git config --local --name-only --get-regexp http\.https\:\/\/github\.com\/\.extraheader
build (3.10)	Run actions/checkout@v3	2025-11-27T10:14:08.6309370Z [command]/usr/bin/git submodule foreach --recursive sh -c "git config --local --name-only --get-regexp 'http\.https\:\/\/github\.com\/\.extraheader' && git config --local --unset-all 'http.https://github.com/.extraheader' || :"
build (3.10)	Run actions/checkout@v3	2025-11-27T10:14:08.6313808Z [command]/usr/bin/git config --local http.https://github.com/.extraheader AUTHORIZATION: basic ***
build (3.10)	Run actions/checkout@v3	2025-11-27T10:14:08.6325555Z ##[endgroup]
build (3.10)	Run actions/checkout@v3	2025-11-27T10:14:08.6326868Z ##[group]Fetching the repository
build (3.10)	Run actions/checkout@v3	2025-11-27T10:14:08.6330073Z [command]/usr/bin/git -c protocol.version=2 fetch --no-tags --prune --progress --no-recurse-submodules --depth=1 origin +624deb44522aad1c5eabab159276c6e71471b4e5:refs/remotes/origin/main
build (3.10)	Run actions/checkout@v3	2025-11-27T10:14:09.0274972Z remote: Enumerating objects: 117, done.        
build (3.10)	Run actions/checkout@v3	2025-11-27T10:14:09.0277687Z remote: Counting objects:   0% (1/117)        
build (3.10)	Run actions/checkout@v3	2025-11-27T10:14:09.0278883Z remote: Counting objects:   1% (2/117)        
build (3.10)	Run actions/checkout@v3	2025-11-27T10:14:09.0280354Z remote: Counting objects:   2% (3/117)        
build (3.10)	Run actions/checkout@v3	2025-11-27T10:14:09.0281480Z remote: Counting objects:   3% (4/117)        
build (3.10)	Run actions/checkout@v3	2025-11-27T10:14:09.0282582Z remote: Counting objects:   4% (5/117)        
build (3.10)	Run actions/checkout@v3	2025-11-27T10:14:09.0283656Z remote: Counting objects:   5% (6/117)        
build (3.10)	Run actions/checkout@v3	2025-11-27T10:14:09.0284750Z remote: Counting objects:   6% (8/117)        
build (3.10)	Run actions/checkout@v3	2025-11-27T10:14:09.0285832Z remote: Counting objects:   7% (9/117)        
build (3.10)	Run actions/checkout@v3	2025-11-27T10:14:09.0286928Z remote: Counting objects:   8% (10/117)        
build (3.10)	Run actions/checkout@v3	2025-11-27T10:14:09.0288021Z remote: Counting objects:   9% (11/117)        
build (3.10)	Run actions/checkout@v3	2025-11-27T10:14:09.0289169Z remote: Counting objects:  10% (12/117)        
build (3.10)	Run actions/checkout@v3	2025-11-27T10:14:09.0290198Z remote: Counting objects:  11% (13/117)        
build (3.10)	Run actions/checkout@v3	2025-11-27T10:14:09.0291162Z remote: Counting objects:  12% (15/117)        
build (3.10)	Run actions/checkout@v3	2025-11-27T10:14:09.0292165Z remote: Counting objects:  13% (16/117)        
build (3.10)	Run actions/checkout@v3	2025-11-27T10:14:09.0293127Z remote: Counting objects:  14% (17/117)        
build (3.10)	Run actions/checkout@v3	2025-11-27T10:14:09.0294080Z remote: Counting objects:  15% (18/117)        
build (3.10)	Run actions/checkout@v3	2025-11-27T10:14:09.0295044Z remote: Counting objects:  16% (19/117)        
build (3.10)	Run actions/checkout@v3	2025-11-27T10:14:09.0296003Z remote: Counting objects:  17% (20/117)        
build (3.10)	Run actions/checkout@v3	2025-11-27T10:14:09.0296948Z remote: Counting objects:  18% (22/117)        
build (3.10)	Run actions/checkout@v3	2025-11-27T10:14:09.0297916Z remote: Counting objects:  19% (23/117)        
build (3.10)	Run actions/checkout@v3	2025-11-27T10:14:09.0298869Z remote: Counting objects:  20% (24/117)        
build (3.10)	Run actions/checkout@v3	2025-11-27T10:14:09.0300219Z remote: Counting objects:  21% (25/117)        
build (3.10)	Run actions/checkout@v3	2025-11-27T10:14:09.0301186Z remote: Counting objects:  22% (26/117)        
build (3.10)	Run actions/checkout@v3	2025-11-27T10:14:09.0302174Z remote: Counting objects:  23% (27/117)        
build (3.10)	Run actions/checkout@v3	2025-11-27T10:14:09.0303132Z remote: Counting objects:  24% (29/117)        
build (3.10)	Run actions/checkout@v3	2025-11-27T10:14:09.0304071Z remote: Counting objects:  25% (30/117)        
build (3.10)	Run actions/checkout@v3	2025-11-27T10:14:09.0305331Z remote: Counting objects:  26% (31/117)        
build (3.10)	Run actions/checkout@v3	2025-11-27T10:14:09.0306293Z remote: Counting objects:  27% (32/117)        
build (3.10)	Run actions/checkout@v3	2025-11-27T10:14:09.0307233Z remote: Counting objects:  28% (33/117)        
build (3.10)	Run actions/checkout@v3	2025-11-27T10:14:09.0308204Z remote: Counting objects:  29% (34/117)        
build (3.10)	Run actions/checkout@v3	2025-11-27T10:14:09.0309320Z remote: Counting objects:  30% (36/117)        
build (3.10)	Run actions/checkout@v3	2025-11-27T10:14:09.0310432Z remote: Counting objects:  31% (37/117)        
build (3.10)	Run actions/checkout@v3	2025-11-27T10:14:09.0311439Z remote: Counting objects:  32% (38/117)        
build (3.10)	Run actions/checkout@v3	2025-11-27T10:14:09.0312432Z remote: Counting objects:  33% (39/117)        
build (3.10)	Run actions/checkout@v3	2025-11-27T10:14:09.0313437Z remote: Counting objects:  34% (40/117)        
build (3.10)	Run actions/checkout@v3	2025-11-27T10:14:09.0314422Z remote: Counting objects:  35% (41/117)        
build (3.10)	Run actions/checkout@v3	2025-11-27T10:14:09.0315423Z remote: Counting objects:  36% (43/117)        
build (3.10)	Run actions/checkout@v3	2025-11-27T10:14:09.0316454Z remote: Counting objects:  37% (44/117)        
build (3.10)	Run actions/checkout@v3	2025-11-27T10:14:09.0317466Z remote: Counting objects:  38% (45/117)        
build (3.10)	Run actions/checkout@v3	2025-11-27T10:14:09.0318539Z remote: Counting objects:  39% (46/117)        
build (3.10)	Run actions/checkout@v3	2025-11-27T10:14:09.0319807Z remote: Counting objects:  40% (47/117)        
build (3.10)	Run actions/checkout@v3	2025-11-27T10:14:09.0320812Z remote: Counting objects:  41% (48/117)        
build (3.10)	Run actions/checkout@v3	2025-11-27T10:14:09.0321819Z remote: Counting objects:  42% (50/117)        
build (3.10)	Run actions/checkout@v3	2025-11-27T10:14:09.0322815Z remote: Counting objects:  43% (51/117)        
build (3.10)	Run actions/checkout@v3	2025-11-27T10:14:09.0323823Z remote: Counting objects:  44% (52/117)        
build (3.10)	Run actions/checkout@v3	2025-11-27T10:14:09.0324819Z remote: Counting objects:  45% (53/117)        
build (3.10)	Run actions/checkout@v3	2025-11-27T10:14:09.0325811Z remote: Counting objects:  46% (54/117)        
build (3.10)	Run actions/checkout@v3	2025-11-27T10:14:09.0326847Z remote: Counting objects:  47% (55/117)        
build (3.10)	Run actions/checkout@v3	2025-11-27T10:14:09.0327847Z remote: Counting objects:  48% (57/117)        
build (3.10)	Run actions/checkout@v3	2025-11-27T10:14:09.0328842Z remote: Counting objects:  49% (58/117)        
build (3.10)	Run actions/checkout@v3	2025-11-27T10:14:09.0330276Z remote: Counting objects:  50% (59/117)        
build (3.10)	Run actions/checkout@v3	2025-11-27T10:14:09.0331299Z remote: Counting objects:  51% (60/117)        
build (3.10)	Run actions/checkout@v3	2025-11-27T10:14:09.0332323Z remote: Counting objects:  52% (61/117)        
build (3.10)	Run actions/checkout@v3	2025-11-27T10:14:09.0333327Z remote: Counting objects:  53% (63/117)        
build (3.10)	Run actions/checkout@v3	2025-11-27T10:14:09.0334328Z remote: Counting objects:  54% (64/117)        
build (3.10)	Run actions/checkout@v3	2025-11-27T10:14:09.0335333Z remote: Counting objects:  55% (65/117)        
build (3.10)	Run actions/checkout@v3	2025-11-27T10:14:09.0336318Z remote: Counting objects:  56% (66/117)        
build (3.10)	Run actions/checkout@v3	2025-11-27T10:14:09.0337338Z remote: Counting objects:  57% (67/117)        
build (3.10)	Run actions/checkout@v3	2025-11-27T10:14:09.0338333Z remote: Counting objects:  58% (68/117)        
build (3.10)	Run actions/checkout@v3	2025-11-27T10:14:09.0339937Z remote: Counting objects:  59% (70/117)        
build (3.10)	Run actions/checkout@v3	2025-11-27T10:14:09.0342152Z remote: Counting objects:  60% (71/117)        
build (3.10)	Run actions/checkout@v3	2025-11-27T10:14:09.0343340Z remote: Counting objects:  61% (72/117)        
build (3.10)	Run actions/checkout@v3	2025-11-27T10:14:09.0344029Z remote: Counting objects:  62% (73/117)        
build (3.10)	Run actions/checkout@v3	2025-11-27T10:14:09.0344708Z remote: Counting objects:  63% (74/117)        
build (3.10)	Run actions/checkout@v3	2025-11-27T10:14:09.0345387Z remote: Counting objects:  64% (75/117)        
build (3.10)	Run actions/checkout@v3	2025-11-27T10:14:09.0346000Z remote: Counting objects:  65% (77/117)        
build (3.10)	Run actions/checkout@v3	2025-11-27T10:14:09.0346608Z remote: Counting objects:  66% (78/117)        
build (3.10)	Run actions/checkout@v3	2025-11-27T10:14:09.0347223Z remote: Counting objects:  67% (79/117)        
build (3.10)	Run actions/checkout@v3	2025-11-27T10:14:09.0347825Z remote: Counting objects:  68% (80/117)        
build (3.10)	Run actions/checkout@v3	2025-11-27T10:14:09.0348405Z remote: Counting objects:  69% (81/117)        
build (3.10)	Run actions/checkout@v3	2025-11-27T10:14:09.0349141Z remote: Counting objects:  70% (82/117)        
build (3.10)	Run actions/checkout@v3	2025-11-27T10:14:09.0349735Z remote: Counting objects:  71% (84/117)        
build (3.10)	Run actions/checkout@v3	2025-11-27T10:14:09.0350327Z remote: Counting objects:  72% (85/117)        
build (3.10)	Run actions/checkout@v3	2025-11-27T10:14:09.0350915Z remote: Counting objects:  73% (86/117)        
build (3.10)	Run actions/checkout@v3	2025-11-27T10:14:09.0351502Z remote: Counting objects:  74% (87/117)        
build (3.10)	Run actions/checkout@v3	2025-11-27T10:14:09.0352098Z remote: Counting objects:  75% (88/117)        
build (3.10)	Run actions/checkout@v3	2025-11-27T10:14:09.0352678Z remote: Counting objects:  76% (89/117)        
build (3.10)	Run actions/checkout@v3	2025-11-27T10:14:09.0353279Z remote: Counting objects:  77% (91/117)        
build (3.10)	Run actions/checkout@v3	2025-11-27T10:14:09.0354336Z remote: Counting objects:  78% (92/117)        
build (3.10)	Run actions/checkout@v3	2025-11-27T10:14:09.0355691Z remote: Counting objects:  79% (93/117)        
build (3.10)	Run actions/checkout@v3	2025-11-27T10:14:09.0356720Z remote: Counting objects:  80% (94/117)        
build (3.10)	Run actions/checkout@v3	2025-11-27T10:14:09.0357742Z remote: Counting objects:  81% (95/117)        
build (3.10)	Run actions/checkout@v3	2025-11-27T10:14:09.0358747Z remote: Counting objects:  82% (96/117)        
build (3.10)	Run actions/checkout@v3	2025-11-27T10:14:09.0359891Z remote: Counting objects:  83% (98/117)        
build (3.10)	Run actions/checkout@v3	2025-11-27T10:14:09.0360918Z remote: Counting objects:  84% (99/117)        
build (3.10)	Run actions/checkout@v3	2025-11-27T10:14:09.0361938Z remote: Counting objects:  85% (100/117)        
build (3.10)	Run actions/checkout@v3	2025-11-27T10:14:09.0362936Z remote: Counting objects:  86% (101/117)        
build (3.10)	Run actions/checkout@v3	2025-11-27T10:14:09.0363961Z remote: Counting objects:  87% (102/117)        
build (3.10)	Run actions/checkout@v3	2025-11-27T10:14:09.0364965Z remote: Counting objects:  88% (103/117)        
build (3.10)	Run actions/checkout@v3	2025-11-27T10:14:09.0366003Z remote: Counting objects:  89% (105/117)        
build (3.10)	Run actions/checkout@v3	2025-11-27T10:14:09.0367043Z remote: Counting objects:  90% (106/117)        
build (3.10)	Run actions/checkout@v3	2025-11-27T10:14:09.0368044Z remote: Counting objects:  91% (107/117)        
build (3.10)	Run actions/checkout@v3	2025-11-27T10:14:09.0369324Z remote: Counting objects:  92% (108/117)        
build (3.10)	Run actions/checkout@v3	2025-11-27T10:14:09.0370366Z remote: Counting objects:  93% (109/117)        
build (3.10)	Run actions/checkout@v3	2025-11-27T10:14:09.0371374Z remote: Counting objects:  94% (110/117)        
build (3.10)	Run actions/checkout@v3	2025-11-27T10:14:09.0372390Z remote: Counting objects:  95% (112/117)        
build (3.10)	Run actions/checkout@v3	2025-11-27T10:14:09.0373386Z remote: Counting objects:  96% (113/117)        
build (3.10)	Run actions/checkout@v3	2025-11-27T10:14:09.0374400Z remote: Counting objects:  97% (114/117)        
build (3.10)	Run actions/checkout@v3	2025-11-27T10:14:09.0375400Z remote: Counting objects:  98% (115/117)        
build (3.10)	Run actions/checkout@v3	2025-11-27T10:14:09.0376407Z remote: Counting objects:  99% (116/117)        
build (3.10)	Run actions/checkout@v3	2025-11-27T10:14:09.0377426Z remote: Counting objects: 100% (117/117)        
build (3.10)	Run actions/checkout@v3	2025-11-27T10:14:09.0378489Z remote: Counting objects: 100% (117/117), done.        
build (3.10)	Run actions/checkout@v3	2025-11-27T10:14:09.0379768Z remote: Compressing objects:   1% (1/100)        
build (3.10)	Run actions/checkout@v3	2025-11-27T10:14:09.0381052Z remote: Compressing objects:   2% (2/100)        
build (3.10)	Run actions/checkout@v3	2025-11-27T10:14:09.0382122Z remote: Compressing objects:   3% (3/100)        
build (3.10)	Run actions/checkout@v3	2025-11-27T10:14:09.0383196Z remote: Compressing objects:   4% (4/100)        
build (3.10)	Run actions/checkout@v3	2025-11-27T10:14:09.0384231Z remote: Compressing objects:   5% (5/100)        
build (3.10)	Run actions/checkout@v3	2025-11-27T10:14:09.0385266Z remote: Compressing objects:   6% (6/100)        
build (3.10)	Run actions/checkout@v3	2025-11-27T10:14:09.0386301Z remote: Compressing objects:   7% (7/100)        
build (3.10)	Run actions/checkout@v3	2025-11-27T10:14:09.0387319Z remote: Compressing objects:   8% (8/100)        
build (3.10)	Run actions/checkout@v3	2025-11-27T10:14:09.0388367Z remote: Compressing objects:   9% (9/100)        
build (3.10)	Run actions/checkout@v3	2025-11-27T10:14:09.0389534Z remote: Compressing objects:  10% (10/100)        
build (3.10)	Run actions/checkout@v3	2025-11-27T10:14:09.0390715Z remote: Compressing objects:  11% (11/100)        
build (3.10)	Run actions/checkout@v3	2025-11-27T10:14:09.0392163Z remote: Compressing objects:  12% (12/100)        
build (3.10)	Run actions/checkout@v3	2025-11-27T10:14:09.0394043Z remote: Compressing objects:  13% (13/100)        
build (3.10)	Run actions/checkout@v3	2025-11-27T10:14:09.0395168Z remote: Compressing objects:  14% (14/100)        
build (3.10)	Run actions/checkout@v3	2025-11-27T10:14:09.0396266Z remote: Compressing objects:  15% (15/100)        
build (3.10)	Run actions/checkout@v3	2025-11-27T10:14:09.0397336Z remote: Compressing objects:  16% (16/100)        
build (3.10)	Run actions/checkout@v3	2025-11-27T10:14:09.0398469Z remote: Compressing objects:  17% (17/100)        
build (3.10)	Run actions/checkout@v3	2025-11-27T10:14:09.0400149Z remote: Compressing objects:  18% (18/100)        
build (3.10)	Run actions/checkout@v3	2025-11-27T10:14:09.0401645Z remote: Compressing objects:  19% (19/100)        
build (3.10)	Run actions/checkout@v3	2025-11-27T10:14:09.0402678Z remote: Compressing objects:  20% (20/100)        
build (3.10)	Run actions/checkout@v3	2025-11-27T10:14:09.0403713Z remote: Compressing objects:  21% (21/100)        
build (3.10)	Run actions/checkout@v3	2025-11-27T10:14:09.0404738Z remote: Compressing objects:  22% (22/100)        
build (3.10)	Run actions/checkout@v3	2025-11-27T10:14:09.0405755Z remote: Compressing objects:  23% (23/100)        
build (3.10)	Run actions/checkout@v3	2025-11-27T10:14:09.0406775Z remote: Compressing objects:  24% (24/100)        
build (3.10)	Run actions/checkout@v3	2025-11-27T10:14:09.0407806Z remote: Compressing objects:  25% (25/100)        
build (3.10)	Run actions/checkout@v3	2025-11-27T10:14:09.0408813Z remote: Compressing objects:  26% (26/100)        
build (3.10)	Run actions/checkout@v3	2025-11-27T10:14:09.0410636Z remote: Compressing objects:  27% (27/100)        
build (3.10)	Run actions/checkout@v3	2025-11-27T10:14:09.0412316Z remote: Compressing objects:  28% (28/100)        
build (3.10)	Run actions/checkout@v3	2025-11-27T10:14:09.0413015Z remote: Compressing objects:  29% (29/100)        
build (3.10)	Run actions/checkout@v3	2025-11-27T10:14:09.0413870Z remote: Compressing objects:  30% (30/100)        
build (3.10)	Run actions/checkout@v3	2025-11-27T10:14:09.0414482Z remote: Compressing objects:  31% (31/100)        
build (3.10)	Run actions/checkout@v3	2025-11-27T10:14:09.0415116Z remote: Compressing objects:  32% (32/100)        
build (3.10)	Run actions/checkout@v3	2025-11-27T10:14:09.0415731Z remote: Compressing objects:  33% (33/100)        
build (3.10)	Run actions/checkout@v3	2025-11-27T10:14:09.0416335Z remote: Compressing objects:  34% (34/100)        
build (3.10)	Run actions/checkout@v3	2025-11-27T10:14:09.0416948Z remote: Compressing objects:  35% (35/100)        
build (3.10)	Run actions/checkout@v3	2025-11-27T10:14:09.0417557Z remote: Compressing objects:  36% (36/100)        
build (3.10)	Run actions/checkout@v3	2025-11-27T10:14:09.0418159Z remote: Compressing objects:  37% (37/100)        
build (3.10)	Run actions/checkout@v3	2025-11-27T10:14:09.0418781Z remote: Compressing objects:  38% (38/100)        
build (3.10)	Run actions/checkout@v3	2025-11-27T10:14:09.0419567Z remote: Compressing objects:  39% (39/100)        
build (3.10)	Run actions/checkout@v3	2025-11-27T10:14:09.0420188Z remote: Compressing objects:  40% (40/100)        
build (3.10)	Run actions/checkout@v3	2025-11-27T10:14:09.0420796Z remote: Compressing objects:  41% (41/100)        
build (3.10)	Run actions/checkout@v3	2025-11-27T10:14:09.0421415Z remote: Compressing objects:  42% (42/100)        
build (3.10)	Run actions/checkout@v3	2025-11-27T10:14:09.0422054Z remote: Compressing objects:  43% (43/100)        
build (3.10)	Run actions/checkout@v3	2025-11-27T10:14:09.0422663Z remote: Compressing objects:  44% (44/100)        
build (3.10)	Run actions/checkout@v3	2025-11-27T10:14:09.0423273Z remote: Compressing objects:  45% (45/100)        
build (3.10)	Run actions/checkout@v3	2025-11-27T10:14:09.0423882Z remote: Compressing objects:  46% (46/100)        
build (3.10)	Run actions/checkout@v3	2025-11-27T10:14:09.0424486Z remote: Compressing objects:  47% (47/100)        
build (3.10)	Run actions/checkout@v3	2025-11-27T10:14:09.0425092Z remote: Compressing objects:  48% (48/100)        
build (3.10)	Run actions/checkout@v3	2025-11-27T10:14:09.0425687Z remote: Compressing objects:  49% (49/100)        
build (3.10)	Run actions/checkout@v3	2025-11-27T10:14:09.0426298Z remote: Compressing objects:  50% (50/100)        
build (3.10)	Run actions/checkout@v3	2025-11-27T10:14:09.0426907Z remote: Compressing objects:  51% (51/100)        
build (3.10)	Run actions/checkout@v3	2025-11-27T10:14:09.0427532Z remote: Compressing objects:  52% (52/100)        
build (3.10)	Run actions/checkout@v3	2025-11-27T10:14:09.0428294Z remote: Compressing objects:  53% (53/100)        
build (3.10)	Run actions/checkout@v3	2025-11-27T10:14:09.0428913Z remote: Compressing objects:  54% (54/100)        
build (3.10)	Run actions/checkout@v3	2025-11-27T10:14:09.0429650Z remote: Compressing objects:  55% (55/100)        
build (3.10)	Run actions/checkout@v3	2025-11-27T10:14:09.0430748Z remote: Compressing objects:  56% (56/100)        
build (3.10)	Run actions/checkout@v3	2025-11-27T10:14:09.0431470Z remote: Compressing objects:  57% (57/100)        
build (3.10)	Run actions/checkout@v3	2025-11-27T10:14:09.0432096Z remote: Compressing objects:  58% (58/100)        
build (3.10)	Run actions/checkout@v3	2025-11-27T10:14:09.0433092Z remote: Compressing objects:  59% (59/100)        
build (3.10)	Run actions/checkout@v3	2025-11-27T10:14:09.0434135Z remote: Compressing objects:  60% (60/100)        
build (3.10)	Run actions/checkout@v3	2025-11-27T10:14:09.0435195Z remote: Compressing objects:  61% (61/100)        
build (3.10)	Run actions/checkout@v3	2025-11-27T10:14:09.0436312Z remote: Compressing objects:  62% (62/100)        
build (3.10)	Run actions/checkout@v3	2025-11-27T10:14:09.0437430Z remote: Compressing objects:  63% (63/100)        
build (3.10)	Run actions/checkout@v3	2025-11-27T10:14:09.0438511Z remote: Compressing objects:  64% (64/100)        
build (3.10)	Run actions/checkout@v3	2025-11-27T10:14:09.0439712Z remote: Compressing objects:  65% (65/100)        
build (3.10)	Run actions/checkout@v3	2025-11-27T10:14:09.0440893Z remote: Compressing objects:  66% (66/100)        
build (3.10)	Run actions/checkout@v3	2025-11-27T10:14:09.0442048Z remote: Compressing objects:  67% (67/100)        
build (3.10)	Run actions/checkout@v3	2025-11-27T10:14:09.0443149Z remote: Compressing objects:  68% (68/100)        
build (3.10)	Run actions/checkout@v3	2025-11-27T10:14:09.0444193Z remote: Compressing objects:  69% (69/100)        
build (3.10)	Run actions/checkout@v3	2025-11-27T10:14:09.0445281Z remote: Compressing objects:  70% (70/100)        
build (3.10)	Run actions/checkout@v3	2025-11-27T10:14:09.0446347Z remote: Compressing objects:  71% (71/100)        
build (3.10)	Run actions/checkout@v3	2025-11-27T10:14:09.0447386Z remote: Compressing objects:  72% (72/100)        
build (3.10)	Run actions/checkout@v3	2025-11-27T10:14:09.0448429Z remote: Compressing objects:  73% (73/100)        
build (3.10)	Run actions/checkout@v3	2025-11-27T10:14:09.0449716Z remote: Compressing objects:  74% (74/100)        
build (3.10)	Run actions/checkout@v3	2025-11-27T10:14:09.0450764Z remote: Compressing objects:  75% (75/100)        
build (3.10)	Run actions/checkout@v3	2025-11-27T10:14:09.0451793Z remote: Compressing objects:  76% (76/100)        
build (3.10)	Run actions/checkout@v3	2025-11-27T10:14:09.0452824Z remote: Compressing objects:  77% (77/100)        
build (3.10)	Run actions/checkout@v3	2025-11-27T10:14:09.0453866Z remote: Compressing objects:  78% (78/100)        
build (3.10)	Run actions/checkout@v3	2025-11-27T10:14:09.0454911Z remote: Compressing objects:  79% (79/100)        
build (3.10)	Run actions/checkout@v3	2025-11-27T10:14:09.0455991Z remote: Compressing objects:  80% (80/100)        
build (3.10)	Run actions/checkout@v3	2025-11-27T10:14:09.0457269Z remote: Compressing objects:  81% (81/100)        
build (3.10)	Run actions/checkout@v3	2025-11-27T10:14:09.0458308Z remote: Compressing objects:  82% (82/100)        
build (3.10)	Run actions/checkout@v3	2025-11-27T10:14:09.0459489Z remote: Compressing objects:  83% (83/100)        
build (3.10)	Run actions/checkout@v3	2025-11-27T10:14:09.0460550Z remote: Compressing objects:  84% (84/100)        
build (3.10)	Run actions/checkout@v3	2025-11-27T10:14:09.0461587Z remote: Compressing objects:  85% (85/100)        
build (3.10)	Run actions/checkout@v3	2025-11-27T10:14:09.0462631Z remote: Compressing objects:  86% (86/100)        
build (3.10)	Run actions/checkout@v3	2025-11-27T10:14:09.0463667Z remote: Compressing objects:  87% (87/100)        
build (3.10)	Run actions/checkout@v3	2025-11-27T10:14:09.0464726Z remote: Compressing objects:  88% (88/100)        
build (3.10)	Run actions/checkout@v3	2025-11-27T10:14:09.0465811Z remote: Compressing objects:  89% (89/100)        
build (3.10)	Run actions/checkout@v3	2025-11-27T10:14:09.0466842Z remote: Compressing objects:  90% (90/100)        
build (3.10)	Run actions/checkout@v3	2025-11-27T10:14:09.0467902Z remote: Compressing objects:  91% (91/100)        
build (3.10)	Run actions/checkout@v3	2025-11-27T10:14:09.0469146Z remote: Compressing objects:  92% (92/100)        
build (3.10)	Run actions/checkout@v3	2025-11-27T10:14:09.0470242Z remote: Compressing objects:  93% (93/100)        
build (3.10)	Run actions/checkout@v3	2025-11-27T10:14:09.0471301Z remote: Compressing objects:  94% (94/100)        
build (3.10)	Run actions/checkout@v3	2025-11-27T10:14:09.0472297Z remote: Compressing objects:  95% (95/100)        
build (3.10)	Run actions/checkout@v3	2025-11-27T10:14:09.0473288Z remote: Compressing objects:  96% (96/100)        
build (3.10)	Run actions/checkout@v3	2025-11-27T10:14:09.0474282Z remote: Compressing objects:  97% (97/100)        
build (3.10)	Run actions/checkout@v3	2025-11-27T10:14:09.0475267Z remote: Compressing objects:  98% (98/100)        
build (3.10)	Run actions/checkout@v3	2025-11-27T10:14:09.0476258Z remote: Compressing objects:  99% (99/100)        
build (3.10)	Run actions/checkout@v3	2025-11-27T10:14:09.0477245Z remote: Compressing objects: 100% (100/100)        
build (3.10)	Run actions/checkout@v3	2025-11-27T10:14:09.0478209Z remote: Compressing objects: 100% (100/100), done.        
build (3.10)	Run actions/checkout@v3	2025-11-27T10:14:09.0684377Z Receiving objects:   0% (1/117)
build (3.10)	Run actions/checkout@v3	2025-11-27T10:14:09.0686521Z Receiving objects:   1% (2/117)
build (3.10)	Run actions/checkout@v3	2025-11-27T10:14:09.0687588Z Receiving objects:   2% (3/117)
build (3.10)	Run actions/checkout@v3	2025-11-27T10:14:09.0688881Z Receiving objects:   3% (4/117)
build (3.10)	Run actions/checkout@v3	2025-11-27T10:14:09.0690154Z Receiving objects:   4% (5/117)
build (3.10)	Run actions/checkout@v3	2025-11-27T10:14:09.0691164Z Receiving objects:   5% (6/117)
build (3.10)	Run actions/checkout@v3	2025-11-27T10:14:09.0692133Z Receiving objects:   6% (8/117)
build (3.10)	Run actions/checkout@v3	2025-11-27T10:14:09.0693111Z Receiving objects:   7% (9/117)
build (3.10)	Run actions/checkout@v3	2025-11-27T10:14:09.0693713Z Receiving objects:   8% (10/117)
build (3.10)	Run actions/checkout@v3	2025-11-27T10:14:09.0694284Z Receiving objects:   9% (11/117)
build (3.10)	Run actions/checkout@v3	2025-11-27T10:14:09.0694840Z Receiving objects:  10% (12/117)
build (3.10)	Run actions/checkout@v3	2025-11-27T10:14:09.0695401Z Receiving objects:  11% (13/117)
build (3.10)	Run actions/checkout@v3	2025-11-27T10:14:09.0695952Z Receiving objects:  12% (15/117)
build (3.10)	Run actions/checkout@v3	2025-11-27T10:14:09.0696508Z Receiving objects:  13% (16/117)
build (3.10)	Run actions/checkout@v3	2025-11-27T10:14:09.0697075Z Receiving objects:  14% (17/117)
build (3.10)	Run actions/checkout@v3	2025-11-27T10:14:09.0697631Z Receiving objects:  15% (18/117)
build (3.10)	Run actions/checkout@v3	2025-11-27T10:14:09.0698191Z Receiving objects:  16% (19/117)
build (3.10)	Run actions/checkout@v3	2025-11-27T10:14:09.0699428Z Receiving objects:  17% (20/117)
build (3.10)	Run actions/checkout@v3	2025-11-27T10:14:09.0700751Z Receiving objects:  18% (22/117)
build (3.10)	Run actions/checkout@v3	2025-11-27T10:14:09.0701851Z Receiving objects:  19% (23/117)
build (3.10)	Run actions/checkout@v3	2025-11-27T10:14:09.0702977Z Receiving objects:  20% (24/117)
build (3.10)	Run actions/checkout@v3	2025-11-27T10:14:09.0703799Z Receiving objects:  21% (25/117)
build (3.10)	Run actions/checkout@v3	2025-11-27T10:14:09.1198740Z Receiving objects:  22% (26/117)
build (3.10)	Run actions/checkout@v3	2025-11-27T10:14:09.1201332Z Receiving objects:  23% (27/117)
build (3.10)	Run actions/checkout@v3	2025-11-27T10:14:09.1202264Z Receiving objects:  24% (29/117)
build (3.10)	Run actions/checkout@v3	2025-11-27T10:14:09.1206903Z Receiving objects:  25% (30/117)
build (3.10)	Run actions/checkout@v3	2025-11-27T10:14:09.1211910Z Receiving objects:  26% (31/117)
build (3.10)	Run actions/checkout@v3	2025-11-27T10:14:09.1217186Z Receiving objects:  27% (32/117)
build (3.10)	Run actions/checkout@v3	2025-11-27T10:14:09.1218209Z Receiving objects:  28% (33/117)
build (3.10)	Run actions/checkout@v3	2025-11-27T10:14:09.1219383Z Receiving objects:  29% (34/117)
build (3.10)	Run actions/checkout@v3	2025-11-27T10:14:09.1220366Z Receiving objects:  30% (36/117)
build (3.10)	Run actions/checkout@v3	2025-11-27T10:14:09.1221326Z Receiving objects:  31% (37/117)
build (3.10)	Run actions/checkout@v3	2025-11-27T10:14:09.1222209Z Receiving objects:  32% (38/117)
build (3.10)	Run actions/checkout@v3	2025-11-27T10:14:09.1223122Z Receiving objects:  33% (39/117)
build (3.10)	Run actions/checkout@v3	2025-11-27T10:14:09.1224089Z Receiving objects:  34% (40/117)
build (3.10)	Run actions/checkout@v3	2025-11-27T10:14:09.1224954Z Receiving objects:  35% (41/117)
build (3.10)	Run actions/checkout@v3	2025-11-27T10:14:09.1225829Z Receiving objects:  36% (43/117)
build (3.10)	Run actions/checkout@v3	2025-11-27T10:14:09.1226667Z Receiving objects:  37% (44/117)
build (3.10)	Run actions/checkout@v3	2025-11-27T10:14:09.1227582Z Receiving objects:  38% (45/117)
build (3.10)	Run actions/checkout@v3	2025-11-27T10:14:09.1228765Z Receiving objects:  39% (46/117)
build (3.10)	Run actions/checkout@v3	2025-11-27T10:14:09.1229907Z Receiving objects:  40% (47/117)
build (3.10)	Run actions/checkout@v3	2025-11-27T10:14:09.1230765Z Receiving objects:  41% (48/117)
build (3.10)	Run actions/checkout@v3	2025-11-27T10:14:09.1231491Z Receiving objects:  42% (50/117)
build (3.10)	Run actions/checkout@v3	2025-11-27T10:14:09.1231988Z Receiving objects:  43% (51/117)
build (3.10)	Run actions/checkout@v3	2025-11-27T10:14:09.1232485Z Receiving objects:  44% (52/117)
build (3.10)	Run actions/checkout@v3	2025-11-27T10:14:10.0342300Z Receiving objects:  45% (53/117)
build (3.10)	Run actions/checkout@v3	2025-11-27T10:14:10.0798499Z Receiving objects:  46% (54/117), 10.61 MiB | 20.89 MiB/s
build (3.10)	Run actions/checkout@v3	2025-11-27T10:14:10.1494678Z Receiving objects:  46% (54/117), 21.97 MiB | 21.71 MiB/s
build (3.10)	Run actions/checkout@v3	2025-11-27T10:14:10.1701400Z Receiving objects:  47% (55/117), 21.97 MiB | 21.71 MiB/s
build (3.10)	Run actions/checkout@v3	2025-11-27T10:14:10.1704414Z Receiving objects:  48% (57/117), 21.97 MiB | 21.71 MiB/s
build (3.10)	Run actions/checkout@v3	2025-11-27T10:14:10.1706094Z Receiving objects:  49% (58/117), 21.97 MiB | 21.71 MiB/s
build (3.10)	Run actions/checkout@v3	2025-11-27T10:14:10.1707748Z Receiving objects:  50% (59/117), 21.97 MiB | 21.71 MiB/s
build (3.10)	Run actions/checkout@v3	2025-11-27T10:14:10.1709590Z Receiving objects:  51% (60/117), 21.97 MiB | 21.71 MiB/s
build (3.10)	Run actions/checkout@v3	2025-11-27T10:14:10.1711281Z Receiving objects:  52% (61/117), 21.97 MiB | 21.71 MiB/s
build (3.10)	Run actions/checkout@v3	2025-11-27T10:14:10.1712948Z Receiving objects:  53% (63/117), 21.97 MiB | 21.71 MiB/s
build (3.10)	Run actions/checkout@v3	2025-11-27T10:14:10.1714733Z Receiving objects:  54% (64/117), 21.97 MiB | 21.71 MiB/s
build (3.10)	Run actions/checkout@v3	2025-11-27T10:14:10.1716490Z Receiving objects:  55% (65/117), 21.97 MiB | 21.71 MiB/s
build (3.10)	Run actions/checkout@v3	2025-11-27T10:14:10.1718299Z Receiving objects:  56% (66/117), 21.97 MiB | 21.71 MiB/s
build (3.10)	Run actions/checkout@v3	2025-11-27T10:14:10.1724969Z Receiving objects:  57% (67/117), 21.97 MiB | 21.71 MiB/s
build (3.10)	Run actions/checkout@v3	2025-11-27T10:14:10.1730516Z Receiving objects:  58% (68/117), 21.97 MiB | 21.71 MiB/s
build (3.10)	Run actions/checkout@v3	2025-11-27T10:14:10.1736854Z Receiving objects:  59% (70/117), 21.97 MiB | 21.71 MiB/s
build (3.10)	Run actions/checkout@v3	2025-11-27T10:14:10.1742171Z Receiving objects:  60% (71/117), 21.97 MiB | 21.71 MiB/s
build (3.10)	Run actions/checkout@v3	2025-11-27T10:14:10.1753258Z Receiving objects:  61% (72/117), 21.97 MiB | 21.71 MiB/s
build (3.10)	Run actions/checkout@v3	2025-11-27T10:14:10.1761045Z Receiving objects:  62% (73/117), 21.97 MiB | 21.71 MiB/s
build (3.10)	Run actions/checkout@v3	2025-11-27T10:14:10.1763237Z Receiving objects:  63% (74/117), 21.97 MiB | 21.71 MiB/s
build (3.10)	Run actions/checkout@v3	2025-11-27T10:14:10.1765407Z Receiving objects:  64% (75/117), 21.97 MiB | 21.71 MiB/s
build (3.10)	Run actions/checkout@v3	2025-11-27T10:14:10.1767522Z Receiving objects:  65% (77/117), 21.97 MiB | 21.71 MiB/s
build (3.10)	Run actions/checkout@v3	2025-11-27T10:14:10.1769926Z Receiving objects:  66% (78/117), 21.97 MiB | 21.71 MiB/s
build (3.10)	Run actions/checkout@v3	2025-11-27T10:14:10.1772169Z Receiving objects:  67% (79/117), 21.97 MiB | 21.71 MiB/s
build (3.10)	Run actions/checkout@v3	2025-11-27T10:14:10.1774262Z Receiving objects:  68% (80/117), 21.97 MiB | 21.71 MiB/s
build (3.10)	Run actions/checkout@v3	2025-11-27T10:14:10.1776447Z Receiving objects:  69% (81/117), 21.97 MiB | 21.71 MiB/s
build (3.10)	Run actions/checkout@v3	2025-11-27T10:14:10.1778915Z Receiving objects:  70% (82/117), 21.97 MiB | 21.71 MiB/s
build (3.10)	Run actions/checkout@v3	2025-11-27T10:14:10.1786606Z remote: Total 117 (delta 13), reused 85 (delta 12), pack-reused 0 (from 0)        
build (3.10)	Run actions/checkout@v3	2025-11-27T10:14:10.1789801Z Receiving objects:  71% (84/117), 21.97 MiB | 21.71 MiB/s
build (3.10)	Run actions/checkout@v3	2025-11-27T10:14:10.1803663Z Receiving objects:  72% (85/117), 21.97 MiB | 21.71 MiB/s
build (3.10)	Run actions/checkout@v3	2025-11-27T10:14:10.1806408Z Receiving objects:  73% (86/117), 21.97 MiB | 21.71 MiB/s
build (3.10)	Run actions/checkout@v3	2025-11-27T10:14:10.1809217Z Receiving objects:  74% (87/117), 21.97 MiB | 21.71 MiB/s
build (3.10)	Run actions/checkout@v3	2025-11-27T10:14:10.1811865Z Receiving objects:  75% (88/117), 21.97 MiB | 21.71 MiB/s
build (3.10)	Run actions/checkout@v3	2025-11-27T10:14:10.1814468Z Receiving objects:  76% (89/117), 21.97 MiB | 21.71 MiB/s
build (3.10)	Run actions/checkout@v3	2025-11-27T10:14:10.1817101Z Receiving objects:  77% (91/117), 21.97 MiB | 21.71 MiB/s
build (3.10)	Run actions/checkout@v3	2025-11-27T10:14:10.1820810Z Receiving objects:  78% (92/117), 21.97 MiB | 21.71 MiB/s
build (3.10)	Run actions/checkout@v3	2025-11-27T10:14:10.1823571Z Receiving objects:  79% (93/117), 21.97 MiB | 21.71 MiB/s
build (3.10)	Run actions/checkout@v3	2025-11-27T10:14:10.1826296Z Receiving objects:  80% (94/117), 21.97 MiB | 21.71 MiB/s
build (3.10)	Run actions/checkout@v3	2025-11-27T10:14:10.1829147Z Receiving objects:  81% (95/117), 21.97 MiB | 21.71 MiB/s
build (3.10)	Run actions/checkout@v3	2025-11-27T10:14:10.1838349Z Receiving objects:  82% (96/117), 21.97 MiB | 21.71 MiB/s
build (3.10)	Run actions/checkout@v3	2025-11-27T10:14:10.1841288Z Receiving objects:  83% (98/117), 21.97 MiB | 21.71 MiB/s
build (3.10)	Run actions/checkout@v3	2025-11-27T10:14:10.1843947Z Receiving objects:  84% (99/117), 21.97 MiB | 21.71 MiB/s
build (3.10)	Run actions/checkout@v3	2025-11-27T10:14:10.1846605Z Receiving objects:  85% (100/117), 21.97 MiB | 21.71 MiB/s
build (3.10)	Run actions/checkout@v3	2025-11-27T10:14:10.1849713Z Receiving objects:  86% (101/117), 21.97 MiB | 21.71 MiB/s
build (3.10)	Run actions/checkout@v3	2025-11-27T10:14:10.1852533Z Receiving objects:  87% (102/117), 21.97 MiB | 21.71 MiB/s
build (3.10)	Run actions/checkout@v3	2025-11-27T10:14:10.1855249Z Receiving objects:  88% (103/117), 21.97 MiB | 21.71 MiB/s
build (3.10)	Run actions/checkout@v3	2025-11-27T10:14:10.1858266Z Receiving objects:  89% (105/117), 21.97 MiB | 21.71 MiB/s
build (3.10)	Run actions/checkout@v3	2025-11-27T10:14:10.1861180Z Receiving objects:  90% (106/117), 21.97 MiB | 21.71 MiB/s
build (3.10)	Run actions/checkout@v3	2025-11-27T10:14:10.1864170Z Receiving objects:  91% (107/117), 21.97 MiB | 21.71 MiB/s
build (3.10)	Run actions/checkout@v3	2025-11-27T10:14:10.1866995Z Receiving objects:  92% (108/117), 21.97 MiB | 21.71 MiB/s
build (3.10)	Run actions/checkout@v3	2025-11-27T10:14:10.1890161Z Receiving objects:  93% (109/117), 21.97 MiB | 21.71 MiB/s
build (3.10)	Run actions/checkout@v3	2025-11-27T10:14:10.1892956Z Receiving objects:  94% (110/117), 21.97 MiB | 21.71 MiB/s
build (3.10)	Run actions/checkout@v3	2025-11-27T10:14:10.1895666Z Receiving objects:  95% (112/117), 21.97 MiB | 21.71 MiB/s
build (3.10)	Run actions/checkout@v3	2025-11-27T10:14:10.1898301Z Receiving objects:  96% (113/117), 21.97 MiB | 21.71 MiB/s
build (3.10)	Run actions/checkout@v3	2025-11-27T10:14:10.1901087Z Receiving objects:  97% (114/117), 21.97 MiB | 21.71 MiB/s
build (3.10)	Run actions/checkout@v3	2025-11-27T10:14:10.1903703Z Receiving objects:  98% (115/117), 21.97 MiB | 21.71 MiB/s
build (3.10)	Run actions/checkout@v3	2025-11-27T10:14:10.1906295Z Receiving objects:  99% (116/117), 21.97 MiB | 21.71 MiB/s
build (3.10)	Run actions/checkout@v3	2025-11-27T10:14:10.1908881Z Receiving objects: 100% (117/117), 21.97 MiB | 21.71 MiB/s
build (3.10)	Run actions/checkout@v3	2025-11-27T10:14:10.1931887Z Receiving objects: 100% (117/117), 24.19 MiB | 21.75 MiB/s, done.
build (3.10)	Run actions/checkout@v3	2025-11-27T10:14:10.1934318Z Resolving deltas:   0% (0/13)
build (3.10)	Run actions/checkout@v3	2025-11-27T10:14:10.1935987Z Resolving deltas:   7% (1/13)
build (3.10)	Run actions/checkout@v3	2025-11-27T10:14:10.1937677Z Resolving deltas:  15% (2/13)
build (3.10)	Run actions/checkout@v3	2025-11-27T10:14:10.1939475Z Resolving deltas:  23% (3/13)
build (3.10)	Run actions/checkout@v3	2025-11-27T10:14:10.1951804Z Resolving deltas:  30% (4/13)
build (3.10)	Run actions/checkout@v3	2025-11-27T10:14:10.1953766Z Resolving deltas:  38% (5/13)
build (3.10)	Run actions/checkout@v3	2025-11-27T10:14:10.1955574Z Resolving deltas:  46% (6/13)
build (3.10)	Run actions/checkout@v3	2025-11-27T10:14:10.1957510Z Resolving deltas:  53% (7/13)
build (3.10)	Run actions/checkout@v3	2025-11-27T10:14:10.1959416Z Resolving deltas:  61% (8/13)
build (3.10)	Run actions/checkout@v3	2025-11-27T10:14:10.2115286Z Resolving deltas:  69% (9/13)
build (3.10)	Run actions/checkout@v3	2025-11-27T10:14:10.2428055Z Resolving deltas:  76% (10/13)
build (3.10)	Run actions/checkout@v3	2025-11-27T10:14:10.2433568Z Resolving deltas:  84% (11/13)
build (3.10)	Run actions/checkout@v3	2025-11-27T10:14:10.2506001Z Resolving deltas:  92% (12/13)
build (3.10)	Run actions/checkout@v3	2025-11-27T10:14:10.2509380Z Resolving deltas: 100% (13/13)
build (3.10)	Run actions/checkout@v3	2025-11-27T10:14:10.2513288Z Resolving deltas: 100% (13/13), done.
build (3.10)	Run actions/checkout@v3	2025-11-27T10:14:10.2690951Z From https://github.com/edithatogo/vop_poc_nz
build (3.10)	Run actions/checkout@v3	2025-11-27T10:14:10.2693747Z  * [new ref]         624deb44522aad1c5eabab159276c6e71471b4e5 -> origin/main
build (3.10)	Run actions/checkout@v3	2025-11-27T10:14:10.2732138Z ##[endgroup]
build (3.10)	Run actions/checkout@v3	2025-11-27T10:14:10.2734619Z ##[group]Determining the checkout info
build (3.10)	Run actions/checkout@v3	2025-11-27T10:14:10.2737410Z ##[endgroup]
build (3.10)	Run actions/checkout@v3	2025-11-27T10:14:10.2740113Z ##[group]Checking out the ref
build (3.10)	Run actions/checkout@v3	2025-11-27T10:14:10.2743174Z [command]/usr/bin/git checkout --progress --force -B main refs/remotes/origin/main
build (3.10)	Run actions/checkout@v3	2025-11-27T10:14:10.3505069Z Switched to a new branch 'main'
build (3.10)	Run actions/checkout@v3	2025-11-27T10:14:10.3510519Z branch 'main' set up to track 'origin/main'.
build (3.10)	Run actions/checkout@v3	2025-11-27T10:14:10.3532518Z ##[endgroup]
build (3.10)	Run actions/checkout@v3	2025-11-27T10:14:10.3568355Z [command]/usr/bin/git log -1 --format='%H'
build (3.10)	Run actions/checkout@v3	2025-11-27T10:14:10.3590721Z '624deb44522aad1c5eabab159276c6e71471b4e5'
build (3.10)	Set up Python 3.10	ï»¿2025-11-27T10:14:10.3894250Z ##[group]Run actions/setup-python@v4
build (3.10)	Set up Python 3.10	2025-11-27T10:14:10.3895373Z with:
build (3.10)	Set up Python 3.10	2025-11-27T10:14:10.3896146Z   python-version: 3.10
build (3.10)	Set up Python 3.10	2025-11-27T10:14:10.3897081Z   check-latest: false
build (3.10)	Set up Python 3.10	2025-11-27T10:14:10.3898254Z   token: ***
build (3.10)	Set up Python 3.10	2025-11-27T10:14:10.3899237Z   update-environment: true
build (3.10)	Set up Python 3.10	2025-11-27T10:14:10.3900275Z   allow-prereleases: false
build (3.10)	Set up Python 3.10	2025-11-27T10:14:10.3901212Z ##[endgroup]
build (3.10)	Set up Python 3.10	2025-11-27T10:14:10.5826507Z ##[group]Installed versions
build (3.10)	Set up Python 3.10	2025-11-27T10:14:10.6046520Z Successfully set up CPython (3.10.19)
build (3.10)	Set up Python 3.10	2025-11-27T10:14:10.6052448Z ##[endgroup]
build (3.10)	Install dependencies	ï»¿2025-11-27T10:14:10.6208751Z ##[group]Run python -m pip install --upgrade pip
build (3.10)	Install dependencies	2025-11-27T10:14:10.6210538Z [36;1mpython -m pip install --upgrade pip[0m
build (3.10)	Install dependencies	2025-11-27T10:14:10.6212144Z [36;1mif [ -f requirements.txt ]; then pip install -r requirements.txt; fi[0m
build (3.10)	Install dependencies	2025-11-27T10:14:10.6213669Z [36;1mpip install pytest ruff[0m
build (3.10)	Install dependencies	2025-11-27T10:14:10.6265599Z shell: /usr/bin/bash -e {0}
build (3.10)	Install dependencies	2025-11-27T10:14:10.6266753Z env:
build (3.10)	Install dependencies	2025-11-27T10:14:10.6267710Z   pythonLocation: /opt/hostedtoolcache/Python/3.10.19/x64
build (3.10)	Install dependencies	2025-11-27T10:14:10.6269571Z   PKG_CONFIG_PATH: /opt/hostedtoolcache/Python/3.10.19/x64/lib/pkgconfig
build (3.10)	Install dependencies	2025-11-27T10:14:10.6271259Z   Python_ROOT_DIR: /opt/hostedtoolcache/Python/3.10.19/x64
build (3.10)	Install dependencies	2025-11-27T10:14:10.6272756Z   Python2_ROOT_DIR: /opt/hostedtoolcache/Python/3.10.19/x64
build (3.10)	Install dependencies	2025-11-27T10:14:10.6274255Z   Python3_ROOT_DIR: /opt/hostedtoolcache/Python/3.10.19/x64
build (3.10)	Install dependencies	2025-11-27T10:14:10.6275755Z   LD_LIBRARY_PATH: /opt/hostedtoolcache/Python/3.10.19/x64/lib
build (3.10)	Install dependencies	2025-11-27T10:14:10.6277004Z ##[endgroup]
build (3.10)	Install dependencies	2025-11-27T10:14:11.5014607Z Requirement already satisfied: pip in /opt/hostedtoolcache/Python/3.10.19/x64/lib/python3.10/site-packages (25.3)
build (3.10)	Install dependencies	2025-11-27T10:14:12.3932848Z Collecting pylogit (from -r requirements.txt (line 1))
build (3.10)	Install dependencies	2025-11-27T10:14:12.4954728Z   Downloading pylogit-1.0.1-py3-none-any.whl.metadata (3.5 kB)
build (3.10)	Install dependencies	2025-11-27T10:14:12.7291009Z Collecting scipy (from -r requirements.txt (line 2))
build (3.10)	Install dependencies	2025-11-27T10:14:12.7487985Z   Downloading scipy-1.15.3-cp310-cp310-manylinux_2_17_x86_64.manylinux2014_x86_64.whl.metadata (61 kB)
build (3.10)	Install dependencies	2025-11-27T10:14:12.9729730Z Collecting pandas (from -r requirements.txt (line 3))
build (3.10)	Install dependencies	2025-11-27T10:14:12.9925567Z   Downloading pandas-2.3.3-cp310-cp310-manylinux_2_24_x86_64.manylinux_2_28_x86_64.whl.metadata (91 kB)
build (3.10)	Install dependencies	2025-11-27T10:14:13.2604194Z Collecting matplotlib (from -r requirements.txt (line 4))
build (3.10)	Install dependencies	2025-11-27T10:14:13.2799759Z   Downloading matplotlib-3.10.7-cp310-cp310-manylinux2014_x86_64.manylinux_2_17_x86_64.whl.metadata (11 kB)
build (3.10)	Install dependencies	2025-11-27T10:14:13.3134353Z Collecting seaborn (from -r requirements.txt (line 5))
build (3.10)	Install dependencies	2025-11-27T10:14:13.3323892Z   Downloading seaborn-0.13.2-py3-none-any.whl.metadata (5.4 kB)
build (3.10)	Install dependencies	2025-11-27T10:14:13.4914645Z Collecting scikit-learn (from -r requirements.txt (line 6))
build (3.10)	Install dependencies	2025-11-27T10:14:13.5109498Z   Downloading scikit_learn-1.7.2-cp310-cp310-manylinux2014_x86_64.manylinux_2_17_x86_64.whl.metadata (11 kB)
build (3.10)	Install dependencies	2025-11-27T10:14:13.5911538Z Collecting PyYAML (from -r requirements.txt (line 7))
build (3.10)	Install dependencies	2025-11-27T10:14:13.6107332Z   Downloading pyyaml-6.0.3-cp310-cp310-manylinux2014_x86_64.manylinux_2_17_x86_64.manylinux_2_28_x86_64.whl.metadata (2.4 kB)
build (3.10)	Install dependencies	2025-11-27T10:14:13.6496852Z Collecting graphviz (from -r requirements.txt (line 8))
build (3.10)	Install dependencies	2025-11-27T10:14:13.6686933Z   Downloading graphviz-0.21-py3-none-any.whl.metadata (12 kB)
build (3.10)	Install dependencies	2025-11-27T10:14:14.0330973Z Collecting hypothesis (from -r requirements.txt (line 9))
build (3.10)	Install dependencies	2025-11-27T10:14:14.0527092Z   Downloading hypothesis-6.148.3-py3-none-any.whl.metadata (5.6 kB)
build (3.10)	Install dependencies	2025-11-27T10:14:14.1132802Z Collecting pandera (from -r requirements.txt (line 10))
build (3.10)	Install dependencies	2025-11-27T10:14:14.1337270Z   Downloading pandera-0.27.0-py3-none-any.whl.metadata (10 kB)
build (3.10)	Install dependencies	2025-11-27T10:14:14.2616963Z Collecting psutil (from -r requirements.txt (line 11))
build (3.10)	Install dependencies	2025-11-27T10:14:14.2810168Z   Downloading psutil-7.1.3-cp36-abi3-manylinux2010_x86_64.manylinux_2_12_x86_64.manylinux_2_28_x86_64.whl.metadata (23 kB)
build (3.10)	Install dependencies	2025-11-27T10:14:14.3240645Z Collecting openpyxl (from -r requirements.txt (line 12))
build (3.10)	Install dependencies	2025-11-27T10:14:14.3433604Z   Downloading openpyxl-3.1.5-py2.py3-none-any.whl.metadata (2.5 kB)
build (3.10)	Install dependencies	2025-11-27T10:14:14.6438410Z Collecting numpy>=1.10.2 (from pylogit->-r requirements.txt (line 1))
build (3.10)	Install dependencies	2025-11-27T10:14:14.6634590Z   Downloading numpy-2.2.6-cp310-cp310-manylinux_2_17_x86_64.manylinux2014_x86_64.whl.metadata (62 kB)
build (3.10)	Install dependencies	2025-11-27T10:14:14.7098829Z Collecting future>=0.16 (from pylogit->-r requirements.txt (line 1))
build (3.10)	Install dependencies	2025-11-27T10:14:14.7293266Z   Downloading future-1.0.0-py3-none-any.whl.metadata (4.0 kB)
build (3.10)	Install dependencies	2025-11-27T10:14:14.8058556Z Collecting statsmodels>=0.6.1 (from pylogit->-r requirements.txt (line 1))
build (3.10)	Install dependencies	2025-11-27T10:14:14.8249709Z   Downloading statsmodels-0.14.5-cp310-cp310-manylinux2014_x86_64.manylinux_2_17_x86_64.manylinux_2_28_x86_64.whl.metadata (9.5 kB)
build (3.10)	Install dependencies	2025-11-27T10:14:14.8891171Z Collecting tqdm>=4.15.0 (from pylogit->-r requirements.txt (line 1))
build (3.10)	Install dependencies	2025-11-27T10:14:14.9082722Z   Downloading tqdm-4.67.1-py3-none-any.whl.metadata (57 kB)
build (3.10)	Install dependencies	2025-11-27T10:14:14.9718671Z Collecting python-dateutil>=2.8.2 (from pandas->-r requirements.txt (line 3))
build (3.10)	Install dependencies	2025-11-27T10:14:14.9910967Z   Downloading python_dateutil-2.9.0.post0-py2.py3-none-any.whl.metadata (8.4 kB)
build (3.10)	Install dependencies	2025-11-27T10:14:15.0522209Z Collecting pytz>=2020.1 (from pandas->-r requirements.txt (line 3))
build (3.10)	Install dependencies	2025-11-27T10:14:15.0714077Z   Downloading pytz-2025.2-py2.py3-none-any.whl.metadata (22 kB)
build (3.10)	Install dependencies	2025-11-27T10:14:15.1055099Z Collecting tzdata>=2022.7 (from pandas->-r requirements.txt (line 3))
build (3.10)	Install dependencies	2025-11-27T10:14:15.1244756Z   Downloading tzdata-2025.2-py2.py3-none-any.whl.metadata (1.4 kB)
build (3.10)	Install dependencies	2025-11-27T10:14:15.2340681Z Collecting contourpy>=1.0.1 (from matplotlib->-r requirements.txt (line 4))
build (3.10)	Install dependencies	2025-11-27T10:14:15.2533401Z   Downloading contourpy-1.3.2-cp310-cp310-manylinux_2_17_x86_64.manylinux2014_x86_64.whl.metadata (5.5 kB)
build (3.10)	Install dependencies	2025-11-27T10:14:15.2840808Z Collecting cycler>=0.10 (from matplotlib->-r requirements.txt (line 4))
build (3.10)	Install dependencies	2025-11-27T10:14:15.3030921Z   Downloading cycler-0.12.1-py3-none-any.whl.metadata (3.8 kB)
build (3.10)	Install dependencies	2025-11-27T10:14:15.5607811Z Collecting fonttools>=4.22.0 (from matplotlib->-r requirements.txt (line 4))
build (3.10)	Install dependencies	2025-11-27T10:14:15.5802856Z   Downloading fonttools-4.60.1-cp310-cp310-manylinux2014_x86_64.manylinux_2_17_x86_64.whl.metadata (112 kB)
build (3.10)	Install dependencies	2025-11-27T10:14:15.7091228Z Collecting kiwisolver>=1.3.1 (from matplotlib->-r requirements.txt (line 4))
build (3.10)	Install dependencies	2025-11-27T10:14:15.7286724Z   Downloading kiwisolver-1.4.9-cp310-cp310-manylinux_2_12_x86_64.manylinux2010_x86_64.whl.metadata (6.3 kB)
build (3.10)	Install dependencies	2025-11-27T10:14:15.7750832Z Collecting packaging>=20.0 (from matplotlib->-r requirements.txt (line 4))
build (3.10)	Install dependencies	2025-11-27T10:14:15.7941783Z   Downloading packaging-25.0-py3-none-any.whl.metadata (3.3 kB)
build (3.10)	Install dependencies	2025-11-27T10:14:16.0427553Z Collecting pillow>=8 (from matplotlib->-r requirements.txt (line 4))
build (3.10)	Install dependencies	2025-11-27T10:14:16.0623295Z   Downloading pillow-12.0.0-cp310-cp310-manylinux_2_27_x86_64.manylinux_2_28_x86_64.whl.metadata (8.8 kB)
build (3.10)	Install dependencies	2025-11-27T10:14:16.1137854Z Collecting pyparsing>=3 (from matplotlib->-r requirements.txt (line 4))
build (3.10)	Install dependencies	2025-11-27T10:14:16.1328522Z   Downloading pyparsing-3.2.5-py3-none-any.whl.metadata (5.0 kB)
build (3.10)	Install dependencies	2025-11-27T10:14:16.2308723Z Collecting joblib>=1.2.0 (from scikit-learn->-r requirements.txt (line 6))
build (3.10)	Install dependencies	2025-11-27T10:14:16.2498564Z   Downloading joblib-1.5.2-py3-none-any.whl.metadata (5.6 kB)
build (3.10)	Install dependencies	2025-11-27T10:14:16.2778299Z Collecting threadpoolctl>=3.1.0 (from scikit-learn->-r requirements.txt (line 6))
build (3.10)	Install dependencies	2025-11-27T10:14:16.2971499Z   Downloading threadpoolctl-3.6.0-py3-none-any.whl.metadata (13 kB)
build (3.10)	Install dependencies	2025-11-27T10:14:16.3304428Z Collecting exceptiongroup>=1.0.0 (from hypothesis->-r requirements.txt (line 9))
build (3.10)	Install dependencies	2025-11-27T10:14:16.3495699Z   Downloading exceptiongroup-1.3.1-py3-none-any.whl.metadata (6.7 kB)
build (3.10)	Install dependencies	2025-11-27T10:14:16.3843371Z Collecting sortedcontainers<3.0.0,>=2.1.0 (from hypothesis->-r requirements.txt (line 9))
build (3.10)	Install dependencies	2025-11-27T10:14:16.4033015Z   Downloading sortedcontainers-2.4.0-py2.py3-none-any.whl.metadata (10 kB)
build (3.10)	Install dependencies	2025-11-27T10:14:16.6196488Z Collecting pydantic (from pandera->-r requirements.txt (line 10))
build (3.10)	Install dependencies	2025-11-27T10:14:16.6389785Z   Downloading pydantic-2.12.5-py3-none-any.whl.metadata (90 kB)
build (3.10)	Install dependencies	2025-11-27T10:14:16.6988324Z Collecting typeguard (from pandera->-r requirements.txt (line 10))
build (3.10)	Install dependencies	2025-11-27T10:14:16.7186124Z   Downloading typeguard-4.4.4-py3-none-any.whl.metadata (3.3 kB)
build (3.10)	Install dependencies	2025-11-27T10:14:16.7550076Z Collecting typing_extensions (from pandera->-r requirements.txt (line 10))
build (3.10)	Install dependencies	2025-11-27T10:14:16.7743712Z   Downloading typing_extensions-4.15.0-py3-none-any.whl.metadata (3.3 kB)
build (3.10)	Install dependencies	2025-11-27T10:14:16.8029329Z Collecting typing_inspect>=0.6.0 (from pandera->-r requirements.txt (line 10))
build (3.10)	Install dependencies	2025-11-27T10:14:16.8218227Z   Downloading typing_inspect-0.9.0-py3-none-any.whl.metadata (1.5 kB)
build (3.10)	Install dependencies	2025-11-27T10:14:16.8489886Z Collecting et-xmlfile (from openpyxl->-r requirements.txt (line 12))
build (3.10)	Install dependencies	2025-11-27T10:14:16.8679834Z   Downloading et_xmlfile-2.0.0-py3-none-any.whl.metadata (2.7 kB)
build (3.10)	Install dependencies	2025-11-27T10:14:16.9130252Z Collecting six>=1.5 (from python-dateutil>=2.8.2->pandas->-r requirements.txt (line 3))
build (3.10)	Install dependencies	2025-11-27T10:14:16.9323018Z   Downloading six-1.17.0-py2.py3-none-any.whl.metadata (1.7 kB)
build (3.10)	Install dependencies	2025-11-27T10:14:17.0005127Z Collecting patsy>=0.5.6 (from statsmodels>=0.6.1->pylogit->-r requirements.txt (line 1))
build (3.10)	Install dependencies	2025-11-27T10:14:17.0197185Z   Downloading patsy-1.0.2-py2.py3-none-any.whl.metadata (3.6 kB)
build (3.10)	Install dependencies	2025-11-27T10:14:17.0765322Z Collecting mypy-extensions>=0.3.0 (from typing_inspect>=0.6.0->pandera->-r requirements.txt (line 10))
build (3.10)	Install dependencies	2025-11-27T10:14:17.0955967Z   Downloading mypy_extensions-1.1.0-py3-none-any.whl.metadata (1.1 kB)
build (3.10)	Install dependencies	2025-11-27T10:14:17.1324612Z Collecting annotated-types>=0.6.0 (from pydantic->pandera->-r requirements.txt (line 10))
build (3.10)	Install dependencies	2025-11-27T10:14:17.1518478Z   Downloading annotated_types-0.7.0-py3-none-any.whl.metadata (15 kB)
build (3.10)	Install dependencies	2025-11-27T10:14:18.1119224Z Collecting pydantic-core==2.41.5 (from pydantic->pandera->-r requirements.txt (line 10))
build (3.10)	Install dependencies	2025-11-27T10:14:18.1316630Z   Downloading pydantic_core-2.41.5-cp310-cp310-manylinux_2_17_x86_64.manylinux2014_x86_64.whl.metadata (7.3 kB)
build (3.10)	Install dependencies	2025-11-27T10:14:18.1634419Z Collecting typing-inspection>=0.4.2 (from pydantic->pandera->-r requirements.txt (line 10))
build (3.10)	Install dependencies	2025-11-27T10:14:18.1827910Z   Downloading typing_inspection-0.4.2-py3-none-any.whl.metadata (2.6 kB)
build (3.10)	Install dependencies	2025-11-27T10:14:18.2201464Z Downloading pylogit-1.0.1-py3-none-any.whl (151 kB)
build (3.10)	Install dependencies	2025-11-27T10:14:18.2674542Z Downloading scipy-1.15.3-cp310-cp310-manylinux_2_17_x86_64.manylinux2014_x86_64.whl (37.7 MB)
build (3.10)	Install dependencies	2025-11-27T10:14:19.3820497Z    ââââââââââââââââââââââââââââââââââââââââ 37.7/37.7 MB 35.0 MB/s  0:00:01
build (3.10)	Install dependencies	2025-11-27T10:14:19.4050413Z Downloading numpy-2.2.6-cp310-cp310-manylinux_2_17_x86_64.manylinux2014_x86_64.whl (16.8 MB)
build (3.10)	Install dependencies	2025-11-27T10:14:19.5558322Z    ââââââââââââââââââââââââââââââââââââââââ 16.8/16.8 MB 113.0 MB/s  0:00:00
build (3.10)	Install dependencies	2025-11-27T10:14:19.5743012Z Downloading pandas-2.3.3-cp310-cp310-manylinux_2_24_x86_64.manylinux_2_28_x86_64.whl (12.8 MB)
build (3.10)	Install dependencies	2025-11-27T10:14:19.6718637Z    ââââââââââââââââââââââââââââââââââââââââ 12.8/12.8 MB 132.5 MB/s  0:00:00
build (3.10)	Install dependencies	2025-11-27T10:14:19.6914585Z Downloading matplotlib-3.10.7-cp310-cp310-manylinux2014_x86_64.manylinux_2_17_x86_64.whl (8.7 MB)
build (3.10)	Install dependencies	2025-11-27T10:14:19.7500893Z    ââââââââââââââââââââââââââââââââââââââââ 8.7/8.7 MB 153.8 MB/s  0:00:00
build (3.10)	Install dependencies	2025-11-27T10:14:19.7684683Z Downloading seaborn-0.13.2-py3-none-any.whl (294 kB)
build (3.10)	Install dependencies	2025-11-27T10:14:19.7924312Z Downloading scikit_learn-1.7.2-cp310-cp310-manylinux2014_x86_64.manylinux_2_17_x86_64.whl (9.7 MB)
build (3.10)	Install dependencies	2025-11-27T10:14:19.8504785Z    ââââââââââââââââââââââââââââââââââââââââ 9.7/9.7 MB 171.1 MB/s  0:00:00
build (3.10)	Install dependencies	2025-11-27T10:14:19.8700998Z Downloading pyyaml-6.0.3-cp310-cp310-manylinux2014_x86_64.manylinux_2_17_x86_64.manylinux_2_28_x86_64.whl (770 kB)
build (3.10)	Install dependencies	2025-11-27T10:14:19.8772388Z    ââââââââââââââââââââââââââââââââââââââââ 770.3/770.3 kB 117.4 MB/s  0:00:00
build (3.10)	Install dependencies	2025-11-27T10:14:19.8963312Z Downloading graphviz-0.21-py3-none-any.whl (47 kB)
build (3.10)	Install dependencies	2025-11-27T10:14:19.9198386Z Downloading hypothesis-6.148.3-py3-none-any.whl (536 kB)
build (3.10)	Install dependencies	2025-11-27T10:14:19.9279533Z    ââââââââââââââââââââââââââââââââââââââââ 536.9/536.9 kB 55.8 MB/s  0:00:00
build (3.10)	Install dependencies	2025-11-27T10:14:19.9473687Z Downloading sortedcontainers-2.4.0-py2.py3-none-any.whl (29 kB)
build (3.10)	Install dependencies	2025-11-27T10:14:19.9705453Z Downloading pandera-0.27.0-py3-none-any.whl (295 kB)
build (3.10)	Install dependencies	2025-11-27T10:14:19.9934511Z Downloading psutil-7.1.3-cp36-abi3-manylinux2010_x86_64.manylinux_2_12_x86_64.manylinux_2_28_x86_64.whl (263 kB)
build (3.10)	Install dependencies	2025-11-27T10:14:20.0159186Z Downloading openpyxl-3.1.5-py2.py3-none-any.whl (250 kB)
build (3.10)	Install dependencies	2025-11-27T10:14:20.0380138Z Downloading contourpy-1.3.2-cp310-cp310-manylinux_2_17_x86_64.manylinux2014_x86_64.whl (325 kB)
build (3.10)	Install dependencies	2025-11-27T10:14:20.0601905Z Downloading cycler-0.12.1-py3-none-any.whl (8.3 kB)
build (3.10)	Install dependencies	2025-11-27T10:14:20.0812600Z Downloading exceptiongroup-1.3.1-py3-none-any.whl (16 kB)
build (3.10)	Install dependencies	2025-11-27T10:14:20.1053535Z Downloading fonttools-4.60.1-cp310-cp310-manylinux2014_x86_64.manylinux_2_17_x86_64.whl (4.8 MB)
build (3.10)	Install dependencies	2025-11-27T10:14:20.1364048Z    ââââââââââââââââââââââââââââââââââââââââ 4.8/4.8 MB 164.9 MB/s  0:00:00
build (3.10)	Install dependencies	2025-11-27T10:14:20.1557678Z Downloading future-1.0.0-py3-none-any.whl (491 kB)
build (3.10)	Install dependencies	2025-11-27T10:14:20.1788084Z Downloading joblib-1.5.2-py3-none-any.whl (308 kB)
build (3.10)	Install dependencies	2025-11-27T10:14:20.2017887Z Downloading kiwisolver-1.4.9-cp310-cp310-manylinux_2_12_x86_64.manylinux2010_x86_64.whl (1.6 MB)
build (3.10)	Install dependencies	2025-11-27T10:14:20.2140112Z    ââââââââââââââââââââââââââââââââââââââââ 1.6/1.6 MB 157.6 MB/s  0:00:00
build (3.10)	Install dependencies	2025-11-27T10:14:20.2321479Z Downloading packaging-25.0-py3-none-any.whl (66 kB)
build (3.10)	Install dependencies	2025-11-27T10:14:20.2540743Z Downloading pillow-12.0.0-cp310-cp310-manylinux_2_27_x86_64.manylinux_2_28_x86_64.whl (7.0 MB)
build (3.10)	Install dependencies	2025-11-27T10:14:20.2940361Z    ââââââââââââââââââââââââââââââââââââââââ 7.0/7.0 MB 183.6 MB/s  0:00:00
build (3.10)	Install dependencies	2025-11-27T10:14:20.3134156Z Downloading pyparsing-3.2.5-py3-none-any.whl (113 kB)
build (3.10)	Install dependencies	2025-11-27T10:14:20.3353889Z Downloading python_dateutil-2.9.0.post0-py2.py3-none-any.whl (229 kB)
build (3.10)	Install dependencies	2025-11-27T10:14:20.3579416Z Downloading pytz-2025.2-py2.py3-none-any.whl (509 kB)
build (3.10)	Install dependencies	2025-11-27T10:14:20.3807784Z Downloading six-1.17.0-py2.py3-none-any.whl (11 kB)
build (3.10)	Install dependencies	2025-11-27T10:14:20.4030655Z Downloading statsmodels-0.14.5-cp310-cp310-manylinux2014_x86_64.manylinux_2_17_x86_64.manylinux_2_28_x86_64.whl (10.7 MB)
build (3.10)	Install dependencies	2025-11-27T10:14:20.4643708Z    ââââââââââââââââââââââââââââââââââââââââ 10.7/10.7 MB 179.7 MB/s  0:00:00
build (3.10)	Install dependencies	2025-11-27T10:14:20.4839241Z Downloading patsy-1.0.2-py2.py3-none-any.whl (233 kB)
build (3.10)	Install dependencies	2025-11-27T10:14:20.5061968Z Downloading threadpoolctl-3.6.0-py3-none-any.whl (18 kB)
build (3.10)	Install dependencies	2025-11-27T10:14:20.5276423Z Downloading tqdm-4.67.1-py3-none-any.whl (78 kB)
build (3.10)	Install dependencies	2025-11-27T10:14:20.5489535Z Downloading typing_extensions-4.15.0-py3-none-any.whl (44 kB)
build (3.10)	Install dependencies	2025-11-27T10:14:20.5701340Z Downloading typing_inspect-0.9.0-py3-none-any.whl (8.8 kB)
build (3.10)	Install dependencies	2025-11-27T10:14:20.5912227Z Downloading mypy_extensions-1.1.0-py3-none-any.whl (5.0 kB)
build (3.10)	Install dependencies	2025-11-27T10:14:20.6126046Z Downloading tzdata-2025.2-py2.py3-none-any.whl (347 kB)
build (3.10)	Install dependencies	2025-11-27T10:14:20.6349445Z Downloading et_xmlfile-2.0.0-py3-none-any.whl (18 kB)
build (3.10)	Install dependencies	2025-11-27T10:14:20.6568727Z Downloading pydantic-2.12.5-py3-none-any.whl (463 kB)
build (3.10)	Install dependencies	2025-11-27T10:14:20.6803001Z Downloading pydantic_core-2.41.5-cp310-cp310-manylinux_2_17_x86_64.manylinux2014_x86_64.whl (2.1 MB)
build (3.10)	Install dependencies	2025-11-27T10:14:20.6941239Z    ââââââââââââââââââââââââââââââââââââââââ 2.1/2.1 MB 177.3 MB/s  0:00:00
build (3.10)	Install dependencies	2025-11-27T10:14:20.7130938Z Downloading annotated_types-0.7.0-py3-none-any.whl (13 kB)
build (3.10)	Install dependencies	2025-11-27T10:14:20.7343830Z Downloading typing_inspection-0.4.2-py3-none-any.whl (14 kB)
build (3.10)	Install dependencies	2025-11-27T10:14:20.7588703Z Downloading typeguard-4.4.4-py3-none-any.whl (34 kB)
build (3.10)	Install dependencies	2025-11-27T10:14:21.1507145Z Installing collected packages: sortedcontainers, pytz, tzdata, typing_extensions, tqdm, threadpoolctl, six, PyYAML, pyparsing, psutil, pillow, packaging, numpy, mypy-extensions, kiwisolver, joblib, graphviz, future, fonttools, et-xmlfile, cycler, annotated-types, typing-inspection, typing_inspect, typeguard, scipy, python-dateutil, pydantic-core, patsy, openpyxl, exceptiongroup, contourpy, scikit-learn, pydantic, pandas, matplotlib, hypothesis, statsmodels, seaborn, pandera, pylogit
build (3.10)	Install dependencies	2025-11-27T10:14:39.7956300Z 
build (3.10)	Install dependencies	2025-11-27T10:14:39.8030331Z Successfully installed PyYAML-6.0.3 annotated-types-0.7.0 contourpy-1.3.2 cycler-0.12.1 et-xmlfile-2.0.0 exceptiongroup-1.3.1 fonttools-4.60.1 future-1.0.0 graphviz-0.21 hypothesis-6.148.3 joblib-1.5.2 kiwisolver-1.4.9 matplotlib-3.10.7 mypy-extensions-1.1.0 numpy-2.2.6 openpyxl-3.1.5 packaging-25.0 pandas-2.3.3 pandera-0.27.0 patsy-1.0.2 pillow-12.0.0 psutil-7.1.3 pydantic-2.12.5 pydantic-core-2.41.5 pylogit-1.0.1 pyparsing-3.2.5 python-dateutil-2.9.0.post0 pytz-2025.2 scikit-learn-1.7.2 scipy-1.15.3 seaborn-0.13.2 six-1.17.0 sortedcontainers-2.4.0 statsmodels-0.14.5 threadpoolctl-3.6.0 tqdm-4.67.1 typeguard-4.4.4 typing-inspection-0.4.2 typing_extensions-4.15.0 typing_inspect-0.9.0 tzdata-2025.2
build (3.10)	Install dependencies	2025-11-27T10:14:40.7502843Z Collecting pytest
build (3.10)	Install dependencies	2025-11-27T10:14:40.8514751Z   Downloading pytest-9.0.1-py3-none-any.whl.metadata (7.6 kB)
build (3.10)	Install dependencies	2025-11-27T10:14:41.4295968Z Collecting ruff
build (3.10)	Install dependencies	2025-11-27T10:14:41.4489226Z   Downloading ruff-0.14.6-py3-none-manylinux_2_17_x86_64.manylinux2014_x86_64.whl.metadata (25 kB)
build (3.10)	Install dependencies	2025-11-27T10:14:41.4648914Z Requirement already satisfied: exceptiongroup>=1 in /opt/hostedtoolcache/Python/3.10.19/x64/lib/python3.10/site-packages (from pytest) (1.3.1)
build (3.10)	Install dependencies	2025-11-27T10:14:41.4892875Z Collecting iniconfig>=1.0.1 (from pytest)
build (3.10)	Install dependencies	2025-11-27T10:14:41.5081841Z   Downloading iniconfig-2.3.0-py3-none-any.whl.metadata (2.5 kB)
build (3.10)	Install dependencies	2025-11-27T10:14:41.5114300Z Requirement already satisfied: packaging>=22 in /opt/hostedtoolcache/Python/3.10.19/x64/lib/python3.10/site-packages (from pytest) (25.0)
build (3.10)	Install dependencies	2025-11-27T10:14:41.5387337Z Collecting pluggy<2,>=1.5 (from pytest)
build (3.10)	Install dependencies	2025-11-27T10:14:41.5575378Z   Downloading pluggy-1.6.0-py3-none-any.whl.metadata (4.8 kB)
build (3.10)	Install dependencies	2025-11-27T10:14:41.5991274Z Collecting pygments>=2.7.2 (from pytest)
build (3.10)	Install dependencies	2025-11-27T10:14:41.6178211Z   Downloading pygments-2.19.2-py3-none-any.whl.metadata (2.5 kB)
build (3.10)	Install dependencies	2025-11-27T10:14:41.6547806Z Collecting tomli>=1 (from pytest)
build (3.10)	Install dependencies	2025-11-27T10:14:41.6737521Z   Downloading tomli-2.3.0-py3-none-any.whl.metadata (10 kB)
build (3.10)	Install dependencies	2025-11-27T10:14:41.6801340Z Requirement already satisfied: typing-extensions>=4.6.0 in /opt/hostedtoolcache/Python/3.10.19/x64/lib/python3.10/site-packages (from exceptiongroup>=1->pytest) (4.15.0)
build (3.10)	Install dependencies	2025-11-27T10:14:41.7014875Z Downloading pytest-9.0.1-py3-none-any.whl (373 kB)
build (3.10)	Install dependencies	2025-11-27T10:14:41.7694561Z Downloading pluggy-1.6.0-py3-none-any.whl (20 kB)
build (3.10)	Install dependencies	2025-11-27T10:14:41.7907231Z Downloading ruff-0.14.6-py3-none-manylinux_2_17_x86_64.manylinux2014_x86_64.whl (13.9 MB)
build (3.10)	Install dependencies	2025-11-27T10:14:41.9079741Z    ââââââââââââââââââââââââââââââââââââââââ 13.9/13.9 MB 123.0 MB/s  0:00:00
build (3.10)	Install dependencies	2025-11-27T10:14:41.9272138Z Downloading iniconfig-2.3.0-py3-none-any.whl (7.5 kB)
build (3.10)	Install dependencies	2025-11-27T10:14:41.9487825Z Downloading pygments-2.19.2-py3-none-any.whl (1.2 MB)
build (3.10)	Install dependencies	2025-11-27T10:14:41.9580098Z    ââââââââââââââââââââââââââââââââââââââââ 1.2/1.2 MB 166.3 MB/s  0:00:00
build (3.10)	Install dependencies	2025-11-27T10:14:41.9759132Z Downloading tomli-2.3.0-py3-none-any.whl (14 kB)
build (3.10)	Install dependencies	2025-11-27T10:14:42.1637349Z Installing collected packages: tomli, ruff, pygments, pluggy, iniconfig, pytest
build (3.10)	Install dependencies	2025-11-27T10:14:43.1766148Z 
build (3.10)	Install dependencies	2025-11-27T10:14:43.1842946Z Successfully installed iniconfig-2.3.0 pluggy-1.6.0 pygments-2.19.2 pytest-9.0.1 ruff-0.14.6 tomli-2.3.0
build (3.10)	Lint with Ruff	ï»¿2025-11-27T10:14:43.2672757Z ##[group]Run # stop the build if there are Python syntax errors or undefined names
build (3.10)	Lint with Ruff	2025-11-27T10:14:43.2673328Z [36;1m# stop the build if there are Python syntax errors or undefined names[0m
build (3.10)	Lint with Ruff	2025-11-27T10:14:43.2673782Z [36;1mruff check . --select=E9,F63,F7,F82 --target-version=py310[0m
build (3.10)	Lint with Ruff	2025-11-27T10:14:43.2674244Z [36;1m# exit-zero treats all errors as warnings. The GitHub editor is 127 chars wide[0m
build (3.10)	Lint with Ruff	2025-11-27T10:14:43.2674629Z [36;1mruff check . --exit-zero[0m
build (3.10)	Lint with Ruff	2025-11-27T10:14:43.2707492Z shell: /usr/bin/bash -e {0}
build (3.10)	Lint with Ruff	2025-11-27T10:14:43.2707736Z env:
build (3.10)	Lint with Ruff	2025-11-27T10:14:43.2707986Z   pythonLocation: /opt/hostedtoolcache/Python/3.10.19/x64
build (3.10)	Lint with Ruff	2025-11-27T10:14:43.2708419Z   PKG_CONFIG_PATH: /opt/hostedtoolcache/Python/3.10.19/x64/lib/pkgconfig
build (3.10)	Lint with Ruff	2025-11-27T10:14:43.2708824Z   Python_ROOT_DIR: /opt/hostedtoolcache/Python/3.10.19/x64
build (3.10)	Lint with Ruff	2025-11-27T10:14:43.2709529Z   Python2_ROOT_DIR: /opt/hostedtoolcache/Python/3.10.19/x64
build (3.10)	Lint with Ruff	2025-11-27T10:14:43.2710082Z   Python3_ROOT_DIR: /opt/hostedtoolcache/Python/3.10.19/x64
build (3.10)	Lint with Ruff	2025-11-27T10:14:43.2710479Z   LD_LIBRARY_PATH: /opt/hostedtoolcache/Python/3.10.19/x64/lib
build (3.10)	Lint with Ruff	2025-11-27T10:14:43.2710786Z ##[endgroup]
build (3.10)	Lint with Ruff	2025-11-27T10:14:43.2970086Z All checks passed!
build (3.10)	Lint with Ruff	2025-11-27T10:14:43.3274142Z I001 [*] Import block is un-sorted or un-formatted
build (3.10)	Lint with Ruff	2025-11-27T10:14:43.3275093Z   --> generate_presentation.py:1:1
build (3.10)	Lint with Ruff	2025-11-27T10:14:43.3275635Z    |
build (3.10)	Lint with Ruff	2025-11-27T10:14:43.3275895Z  1 | / import csv
build (3.10)	Lint with Ruff	2025-11-27T10:14:43.3276207Z  2 | | import datetime
build (3.10)	Lint with Ruff	2025-11-27T10:14:43.3276516Z  3 | | import glob
build (3.10)	Lint with Ruff	2025-11-27T10:14:43.3276711Z  4 | | import os
build (3.10)	Lint with Ruff	2025-11-27T10:14:43.3276887Z  5 | |
build (3.10)	Lint with Ruff	2025-11-27T10:14:43.3277083Z  6 | | from pptx import Presentation
build (3.10)	Lint with Ruff	2025-11-27T10:14:43.3277612Z  7 | | from pptx.dml.color import RGBColor
build (3.10)	Lint with Ruff	2025-11-27T10:14:43.3277972Z  8 | | from pptx.util import Inches, Pt
build (3.10)	Lint with Ruff	2025-11-27T10:14:43.3278238Z    | |________________________________^
build (3.10)	Lint with Ruff	2025-11-27T10:14:43.3278455Z  9 |
build (3.10)	Lint with Ruff	2025-11-27T10:14:43.3278642Z 10 |   # Constants
build (3.10)	Lint with Ruff	2025-11-27T10:14:43.3278812Z    |
build (3.10)	Lint with Ruff	2025-11-27T10:14:43.3279175Z help: Organize imports
build (3.10)	Lint with Ruff	2025-11-27T10:14:43.3279368Z 
build (3.10)	Lint with Ruff	2025-11-27T10:14:43.3279493Z I001 [*] Import block is un-sorted or un-formatted
build (3.10)	Lint with Ruff	2025-11-27T10:14:43.3279784Z  --> monitor_ci.py:1:1
build (3.10)	Lint with Ruff	2025-11-27T10:14:43.3280186Z   |
build (3.10)	Lint with Ruff	2025-11-27T10:14:43.3280507Z 1 | / import subprocess
build (3.10)	Lint with Ruff	2025-11-27T10:14:43.3280907Z 2 | | import time
build (3.10)	Lint with Ruff	2025-11-27T10:14:43.3281308Z 3 | | import json
build (3.10)	Lint with Ruff	2025-11-27T10:14:43.3281739Z 4 | | import sys
build (3.10)	Lint with Ruff	2025-11-27T10:14:43.3282141Z 5 | | import re
build (3.10)	Lint with Ruff	2025-11-27T10:14:43.3282516Z   | |_________^
build (3.10)	Lint with Ruff	2025-11-27T10:14:43.3282892Z 6 |
build (3.10)	Lint with Ruff	2025-11-27T10:14:43.3283272Z 7 |   def run_command(cmd):
build (3.10)	Lint with Ruff	2025-11-27T10:14:43.3283736Z   |
build (3.10)	Lint with Ruff	2025-11-27T10:14:43.3284078Z help: Organize imports
build (3.10)	Lint with Ruff	2025-11-27T10:14:43.3284365Z 
build (3.10)	Lint with Ruff	2025-11-27T10:14:43.3295428Z F401 [*] `sys` imported but unused
build (3.10)	Lint with Ruff	2025-11-27T10:14:43.3296162Z  --> monitor_ci.py:4:8
build (3.10)	Lint with Ruff	2025-11-27T10:14:43.3296829Z   |
build (3.10)	Lint with Ruff	2025-11-27T10:14:43.3297262Z 2 | import time
build (3.10)	Lint with Ruff	2025-11-27T10:14:43.3297732Z 3 | import json
build (3.10)	Lint with Ruff	2025-11-27T10:14:43.3298412Z 4 | import sys
build (3.10)	Lint with Ruff	2025-11-27T10:14:43.3299177Z   |        ^^^
build (3.10)	Lint with Ruff	2025-11-27T10:14:43.3299949Z 5 | import re
build (3.10)	Lint with Ruff	2025-11-27T10:14:43.3300234Z   |
build (3.10)	Lint with Ruff	2025-11-27T10:14:43.3300538Z help: Remove unused import: `sys`
build (3.10)	Lint with Ruff	2025-11-27T10:14:43.3300812Z 
build (3.10)	Lint with Ruff	2025-11-27T10:14:43.3300963Z F401 [*] `re` imported but unused
build (3.10)	Lint with Ruff	2025-11-27T10:14:43.3301344Z  --> monitor_ci.py:5:8
build (3.10)	Lint with Ruff	2025-11-27T10:14:43.3301666Z   |
build (3.10)	Lint with Ruff	2025-11-27T10:14:43.3302023Z 3 | import json
build (3.10)	Lint with Ruff	2025-11-27T10:14:43.3302321Z 4 | import sys
build (3.10)	Lint with Ruff	2025-11-27T10:14:43.3302597Z 5 | import re
build (3.10)	Lint with Ruff	2025-11-27T10:14:43.3302875Z   |        ^^
build (3.10)	Lint with Ruff	2025-11-27T10:14:43.3303138Z 6 |
build (3.10)	Lint with Ruff	2025-11-27T10:14:43.3303413Z 7 | def run_command(cmd):
build (3.10)	Lint with Ruff	2025-11-27T10:14:43.3303732Z   |
build (3.10)	Lint with Ruff	2025-11-27T10:14:43.3304021Z help: Remove unused import: `re`
build (3.10)	Lint with Ruff	2025-11-27T10:14:43.3304274Z 
build (3.10)	Lint with Ruff	2025-11-27T10:14:43.3304437Z W293 [*] Blank line contains whitespace
build (3.10)	Lint with Ruff	2025-11-27T10:14:43.3304853Z   --> monitor_ci.py:34:1
build (3.10)	Lint with Ruff	2025-11-27T10:14:43.3305178Z    |
build (3.10)	Lint with Ruff	2025-11-27T10:14:43.3305482Z 32 |             status = status_data.get("status")
build (3.10)	Lint with Ruff	2025-11-27T10:14:43.3305982Z 33 |             conclusion = status_data.get("conclusion")
build (3.10)	Lint with Ruff	2025-11-27T10:14:43.3306715Z 34 |             
build (3.10)	Lint with Ruff	2025-11-27T10:14:43.3307003Z    | ^^^^^^^^^^^^
build (3.10)	Lint with Ruff	2025-11-27T10:14:43.3307432Z 35 |             print(f"Current Status: {status}, Conclusion: {conclusion}")
build (3.10)	Lint with Ruff	2025-11-27T10:14:43.3307945Z    |
build (3.10)	Lint with Ruff	2025-11-27T10:14:43.3308252Z help: Remove whitespace from blank line
build (3.10)	Lint with Ruff	2025-11-27T10:14:43.3308544Z 
build (3.10)	Lint with Ruff	2025-11-27T10:14:43.3308698Z W293 [*] Blank line contains whitespace
build (3.10)	Lint with Ruff	2025-11-27T10:14:43.3309289Z   --> monitor_ci.py:36:1
build (3.10)	Lint with Ruff	2025-11-27T10:14:43.3309511Z    |
build (3.10)	Lint with Ruff	2025-11-27T10:14:43.3309772Z 35 |             print(f"Current Status: {status}, Conclusion: {conclusion}")
build (3.10)	Lint with Ruff	2025-11-27T10:14:43.3310087Z 36 |             
build (3.10)	Lint with Ruff	2025-11-27T10:14:43.3310267Z    | ^^^^^^^^^^^^
build (3.10)	Lint with Ruff	2025-11-27T10:14:43.3310469Z 37 |             if status == "completed":
build (3.10)	Lint with Ruff	2025-11-27T10:14:43.3310733Z 38 |                 return conclusion
build (3.10)	Lint with Ruff	2025-11-27T10:14:43.3310960Z    |
build (3.10)	Lint with Ruff	2025-11-27T10:14:43.3311138Z help: Remove whitespace from blank line
build (3.10)	Lint with Ruff	2025-11-27T10:14:43.3311493Z 
build (3.10)	Lint with Ruff	2025-11-27T10:14:43.3311594Z W293 [*] Blank line contains whitespace
build (3.10)	Lint with Ruff	2025-11-27T10:14:43.3311845Z   --> monitor_ci.py:39:1
build (3.10)	Lint with Ruff	2025-11-27T10:14:43.3312055Z    |
build (3.10)	Lint with Ruff	2025-11-27T10:14:43.3312239Z 37 |             if status == "completed":
build (3.10)	Lint with Ruff	2025-11-27T10:14:43.3312498Z 38 |                 return conclusion
build (3.10)	Lint with Ruff	2025-11-27T10:14:43.3312721Z 39 |             
build (3.10)	Lint with Ruff	2025-11-27T10:14:43.3312901Z    | ^^^^^^^^^^^^
build (3.10)	Lint with Ruff	2025-11-27T10:14:43.3313081Z 40 |         time.sleep(10)
build (3.10)	Lint with Ruff	2025-11-27T10:14:43.3313283Z    |
build (3.10)	Lint with Ruff	2025-11-27T10:14:43.3313465Z help: Remove whitespace from blank line
build (3.10)	Lint with Ruff	2025-11-27T10:14:43.3313635Z 
build (3.10)	Lint with Ruff	2025-11-27T10:14:43.3313717Z W291 [*] Trailing whitespace
build (3.10)	Lint with Ruff	2025-11-27T10:14:43.3313944Z   --> monitor_ci.py:44:41
build (3.10)	Lint with Ruff	2025-11-27T10:14:43.3314141Z    |
build (3.10)	Lint with Ruff	2025-11-27T10:14:43.3314319Z 42 | def get_failed_logs(run_id):
build (3.10)	Lint with Ruff	2025-11-27T10:14:43.3314590Z 43 |     print(f"Fetching logs for failed run {run_id}...")
build (3.10)	Lint with Ruff	2025-11-27T10:14:43.3314904Z 44 |     # Fetch the log for the failed step. 
build (3.10)	Lint with Ruff	2025-11-27T10:14:43.3315162Z    |                                         ^
build (3.10)	Lint with Ruff	2025-11-27T10:14:43.3315440Z 45 |     # We look for the 'Test with pytest' step failure.
build (3.10)	Lint with Ruff	2025-11-27T10:14:43.3315765Z 46 |     cmd = f"gh run view {run_id} --log-failed"
build (3.10)	Lint with Ruff	2025-11-27T10:14:43.3316020Z    |
build (3.10)	Lint with Ruff	2025-11-27T10:14:43.3316212Z help: Remove trailing whitespace
build (3.10)	Lint with Ruff	2025-11-27T10:14:43.3316372Z 
build (3.10)	Lint with Ruff	2025-11-27T10:14:43.3316465Z W293 [*] Blank line contains whitespace
build (3.10)	Lint with Ruff	2025-11-27T10:14:43.3316722Z   --> monitor_ci.py:56:1
build (3.10)	Lint with Ruff	2025-11-27T10:14:43.3316912Z    |
build (3.10)	Lint with Ruff	2025-11-27T10:14:43.3317070Z 54 | def main():
build (3.10)	Lint with Ruff	2025-11-27T10:14:43.3317276Z 55 |     print("Starting CI Monitor...")
build (3.10)	Lint with Ruff	2025-11-27T10:14:43.3317519Z 56 |     
build (3.10)	Lint with Ruff	2025-11-27T10:14:43.3317677Z    | ^^^^
build (3.10)	Lint with Ruff	2025-11-27T10:14:43.3317841Z 57 |     # 1. Find latest run
build (3.10)	Lint with Ruff	2025-11-27T10:14:43.3318071Z 58 |     latest_run = get_latest_run_id()
build (3.10)	Lint with Ruff	2025-11-27T10:14:43.3318302Z    |
build (3.10)	Lint with Ruff	2025-11-27T10:14:43.3318488Z help: Remove whitespace from blank line
build (3.10)	Lint with Ruff	2025-11-27T10:14:43.3318661Z 
build (3.10)	Lint with Ruff	2025-11-27T10:14:43.3318748Z W293 [*] Blank line contains whitespace
build (3.10)	Lint with Ruff	2025-11-27T10:14:43.3319200Z   --> monitor_ci.py:68:1
build (3.10)	Lint with Ruff	2025-11-27T10:14:43.3319622Z    |
build (3.10)	Lint with Ruff	2025-11-27T10:14:43.3319908Z 66 |     # 2. Monitor until complete
build (3.10)	Lint with Ruff	2025-11-27T10:14:43.3320301Z 67 |     conclusion = monitor_run(run_id)
build (3.10)	Lint with Ruff	2025-11-27T10:14:43.3320693Z 68 |     
build (3.10)	Lint with Ruff	2025-11-27T10:14:43.3320948Z    | ^^^^
build (3.10)	Lint with Ruff	2025-11-27T10:14:43.3321230Z 69 |     if conclusion == "success":
build (3.10)	Lint with Ruff	2025-11-27T10:14:43.3321929Z 70 |         print("Run passed successfully! â")
build (3.10)	Lint with Ruff	2025-11-27T10:14:43.3322330Z    |
build (3.10)	Lint with Ruff	2025-11-27T10:14:43.3322623Z help: Remove whitespace from blank line
build (3.10)	Lint with Ruff	2025-11-27T10:14:43.3322906Z 
build (3.10)	Lint with Ruff	2025-11-27T10:14:43.3323058Z W293 [*] Blank line contains whitespace
build (3.10)	Lint with Ruff	2025-11-27T10:14:43.3323491Z   --> monitor_ci.py:73:1
build (3.10)	Lint with Ruff	2025-11-27T10:14:43.3323814Z    |
build (3.10)	Lint with Ruff	2025-11-27T10:14:43.3324067Z 71 |     else:
build (3.10)	Lint with Ruff	2025-11-27T10:14:43.3324570Z 72 |         print(f"Run failed with conclusion: {conclusion} â")
build (3.10)	Lint with Ruff	2025-11-27T10:14:43.3325039Z 73 |         
build (3.10)	Lint with Ruff	2025-11-27T10:14:43.3325313Z    | ^^^^^^^^
build (3.10)	Lint with Ruff	2025-11-27T10:14:43.3325619Z 74 |         # 3. Get logs and extract DEBUG info
build (3.10)	Lint with Ruff	2025-11-27T10:14:43.3326070Z 75 |         logs = get_failed_logs(run_id)
build (3.10)	Lint with Ruff	2025-11-27T10:14:43.3326634Z    |
build (3.10)	Lint with Ruff	2025-11-27T10:14:43.3326913Z help: Remove whitespace from blank line
build (3.10)	Lint with Ruff	2025-11-27T10:14:43.3327188Z 
build (3.10)	Lint with Ruff	2025-11-27T10:14:43.3327339Z W293 [*] Blank line contains whitespace
build (3.10)	Lint with Ruff	2025-11-27T10:14:43.3327749Z   --> monitor_ci.py:82:1
build (3.10)	Lint with Ruff	2025-11-27T10:14:43.3328061Z    |
build (3.10)	Lint with Ruff	2025-11-27T10:14:43.3328333Z 80 |             for line in debug_lines:
build (3.10)	Lint with Ruff	2025-11-27T10:14:43.3328771Z 81 |                 print(line)
build (3.10)	Lint with Ruff	2025-11-27T10:14:43.3329402Z 82 |             
build (3.10)	Lint with Ruff	2025-11-27T10:14:43.3329691Z    | ^^^^^^^^^^^^
build (3.10)	Lint with Ruff	2025-11-27T10:14:43.3330017Z 83 |             print("\n--- FAILURE DETAILS ---")
build (3.10)	Lint with Ruff	2025-11-27T10:14:43.3330483Z 84 |             # Print the assertion error part
build (3.10)	Lint with Ruff	2025-11-27T10:14:43.3330877Z    |
build (3.10)	Lint with Ruff	2025-11-27T10:14:43.3331173Z help: Remove whitespace from blank line
build (3.10)	Lint with Ruff	2025-11-27T10:14:43.3331464Z 
build (3.10)	Lint with Ruff	2025-11-27T10:14:43.3331643Z RUF013 PEP 484 prohibits implicit `Optional`
build (3.10)	Lint with Ruff	2025-11-27T10:14:43.3332102Z    --> src/dcea_equity_analysis.py:202:44
build (3.10)	Lint with Ruff	2025-11-27T10:14:43.3332702Z     |
build (3.10)	Lint with Ruff	2025-11-27T10:14:43.3333054Z 201 | def calculate_inequality_aversion_sensitivity(
build (3.10)	Lint with Ruff	2025-11-27T10:14:43.3333657Z 202 |     subgroup_results: Dict, epsilon_range: List[float] = None
build (3.10)	Lint with Ruff	2025-11-27T10:14:43.3334186Z     |                                            ^^^^^^^^^^^
build (3.10)	Lint with Ruff	2025-11-27T10:14:43.3334611Z 203 | ) -> pd.DataFrame:
build (3.10)	Lint with Ruff	2025-11-27T10:14:43.3334887Z 204 |     """
build (3.10)	Lint with Ruff	2025-11-27T10:14:43.3335061Z     |
build (3.10)	Lint with Ruff	2025-11-27T10:14:43.3335243Z help: Convert to `Optional[T]`
build (3.10)	Lint with Ruff	2025-11-27T10:14:43.3335401Z 
build (3.10)	Lint with Ruff	2025-11-27T10:14:43.3335508Z RUF059 Unpacked variable `fig` is never used
build (3.10)	Lint with Ruff	2025-11-27T10:14:43.3335798Z    --> src/dcea_equity_analysis.py:279:5
build (3.10)	Lint with Ruff	2025-11-27T10:14:43.3336036Z     |
build (3.10)	Lint with Ruff	2025-11-27T10:14:43.3336256Z 277 |     population_fractions = np.linspace(0, 1, n + 1)
build (3.10)	Lint with Ruff	2025-11-27T10:14:43.3336527Z 278 |
build (3.10)	Lint with Ruff	2025-11-27T10:14:43.3336737Z 279 |     fig, ax = plt.subplots(figsize=(8, 8), dpi=300)
build (3.10)	Lint with Ruff	2025-11-27T10:14:43.3336996Z     |     ^^^
build (3.10)	Lint with Ruff	2025-11-27T10:14:43.3337304Z 280 |     ax.plot(population_fractions, lorenz_curve, marker="o", label="Lorenz Curve")
build (3.10)	Lint with Ruff	2025-11-27T10:14:43.3337795Z 281 |     ax.plot([0, 1], [0, 1], color="black", linestyle="--", label="Line of Equality")
build (3.10)	Lint with Ruff	2025-11-27T10:14:43.3338114Z     |
build (3.10)	Lint with Ruff	2025-11-27T10:14:43.3338382Z help: Prefix it with an underscore or any other dummy variable pattern
build (3.10)	Lint with Ruff	2025-11-27T10:14:43.3338650Z 
build (3.10)	Lint with Ruff	2025-11-27T10:14:43.3338775Z C901 `perform_one_way_dsa` is too complex (32 > 10)
build (3.10)	Lint with Ruff	2025-11-27T10:14:43.3339436Z   --> src/dsa_analysis.py:12:5
build (3.10)	Lint with Ruff	2025-11-27T10:14:43.3339786Z    |
build (3.10)	Lint with Ruff	2025-11-27T10:14:43.3340210Z 12 | def perform_one_way_dsa(models, wtp_threshold=50000, n_points=20):
build (3.10)	Lint with Ruff	2025-11-27T10:14:43.3340714Z    |     ^^^^^^^^^^^^^^^^^^^
build (3.10)	Lint with Ruff	2025-11-27T10:14:43.3341045Z 13 |     """
build (3.10)	Lint with Ruff	2025-11-27T10:14:43.3341389Z 14 |     Perform one-way DSA for all interventions.
build (3.10)	Lint with Ruff	2025-11-27T10:14:43.3341813Z    |
build (3.10)	Lint with Ruff	2025-11-27T10:14:43.3341959Z 
build (3.10)	Lint with Ruff	2025-11-27T10:14:43.3342244Z SIM102 Use a single `if` statement instead of nested `if` statements
build (3.10)	Lint with Ruff	2025-11-27T10:14:43.3342796Z    --> src/dsa_analysis.py:130:17
build (3.10)	Lint with Ruff	2025-11-27T10:14:43.3343090Z     |
build (3.10)	Lint with Ruff	2025-11-27T10:14:43.3343280Z 128 |                                   ] = param_value
build (3.10)	Lint with Ruff	2025-11-27T10:14:43.3343538Z 129 |
build (3.10)	Lint with Ruff	2025-11-27T10:14:43.3343742Z 130 | /                 elif param_name == "friction_period_days":
build (3.10)	Lint with Ruff	2025-11-27T10:14:43.3344069Z 131 | |                     if "friction_cost_params" in temp_params:
build (3.10)	Lint with Ruff	2025-11-27T10:14:43.3344380Z     | |_____________________________________________________________^
build (3.10)	Lint with Ruff	2025-11-27T10:14:43.3344743Z 132 |                           temp_params["friction_cost_params"]["friction_period_days"] = (
build (3.10)	Lint with Ruff	2025-11-27T10:14:43.3345093Z 133 |                               param_value
build (3.10)	Lint with Ruff	2025-11-27T10:14:43.3345326Z     |
build (3.10)	Lint with Ruff	2025-11-27T10:14:43.3345517Z help: Combine `if` statements using `and`
build (3.10)	Lint with Ruff	2025-11-27T10:14:43.3345694Z 
build (3.10)	Lint with Ruff	2025-11-27T10:14:43.3345810Z RUF059 Unpacked variable `p1_grid` is never used
build (3.10)	Lint with Ruff	2025-11-27T10:14:43.3346100Z    --> src/dsa_analysis.py:546:9
build (3.10)	Lint with Ruff	2025-11-27T10:14:43.3346318Z     |
build (3.10)	Lint with Ruff	2025-11-27T10:14:43.3346483Z 545 |         # Create 3D grid
build (3.10)	Lint with Ruff	2025-11-27T10:14:43.3346743Z 546 |         p1_grid, p2_grid, p3_grid = np.meshgrid(
build (3.10)	Lint with Ruff	2025-11-27T10:14:43.3347197Z     |         ^^^^^^^
build (3.10)	Lint with Ruff	2025-11-27T10:14:43.3347478Z 547 |             data["p1_range"], data["p2_range"], data["p3_range"], indexing="ij"
build (3.10)	Lint with Ruff	2025-11-27T10:14:43.3347795Z 548 |         )
build (3.10)	Lint with Ruff	2025-11-27T10:14:43.3347972Z     |
build (3.10)	Lint with Ruff	2025-11-27T10:14:43.3348230Z help: Prefix it with an underscore or any other dummy variable pattern
build (3.10)	Lint with Ruff	2025-11-27T10:14:43.3348492Z 
build (3.10)	Lint with Ruff	2025-11-27T10:14:43.3348603Z RUF059 Unpacked variable `p2_grid` is never used
build (3.10)	Lint with Ruff	2025-11-27T10:14:43.3348884Z    --> src/dsa_analysis.py:546:18
build (3.10)	Lint with Ruff	2025-11-27T10:14:43.3349386Z     |
build (3.10)	Lint with Ruff	2025-11-27T10:14:43.3349592Z 545 |         # Create 3D grid
build (3.10)	Lint with Ruff	2025-11-27T10:14:43.3349839Z 546 |         p1_grid, p2_grid, p3_grid = np.meshgrid(
build (3.10)	Lint with Ruff	2025-11-27T10:14:43.3350111Z     |                  ^^^^^^^
build (3.10)	Lint with Ruff	2025-11-27T10:14:43.3350398Z 547 |             data["p1_range"], data["p2_range"], data["p3_range"], indexing="ij"
build (3.10)	Lint with Ruff	2025-11-27T10:14:43.3350712Z 548 |         )
build (3.10)	Lint with Ruff	2025-11-27T10:14:43.3351011Z     |
build (3.10)	Lint with Ruff	2025-11-27T10:14:43.3351272Z help: Prefix it with an underscore or any other dummy variable pattern
build (3.10)	Lint with Ruff	2025-11-27T10:14:43.3351529Z 
build (3.10)	Lint with Ruff	2025-11-27T10:14:43.3351648Z RUF059 Unpacked variable `p3_grid` is never used
build (3.10)	Lint with Ruff	2025-11-27T10:14:43.3351925Z    --> src/dsa_analysis.py:546:27
build (3.10)	Lint with Ruff	2025-11-27T10:14:43.3352147Z     |
build (3.10)	Lint with Ruff	2025-11-27T10:14:43.3352309Z 545 |         # Create 3D grid
build (3.10)	Lint with Ruff	2025-11-27T10:14:43.3352555Z 546 |         p1_grid, p2_grid, p3_grid = np.meshgrid(
build (3.10)	Lint with Ruff	2025-11-27T10:14:43.3352826Z     |                           ^^^^^^^
build (3.10)	Lint with Ruff	2025-11-27T10:14:43.3353136Z 547 |             data["p1_range"], data["p2_range"], data["p3_range"], indexing="ij"
build (3.10)	Lint with Ruff	2025-11-27T10:14:43.3353447Z 548 |         )
build (3.10)	Lint with Ruff	2025-11-27T10:14:43.3353610Z     |
build (3.10)	Lint with Ruff	2025-11-27T10:14:43.3353867Z help: Prefix it with an underscore or any other dummy variable pattern
build (3.10)	Lint with Ruff	2025-11-27T10:14:43.3354117Z 
build (3.10)	Lint with Ruff	2025-11-27T10:14:43.3354231Z I001 [*] Import block is un-sorted or un-formatted
build (3.10)	Lint with Ruff	2025-11-27T10:14:43.3354522Z   --> src/main_analysis.py:13:1
build (3.10)	Lint with Ruff	2025-11-27T10:14:43.3354739Z    |
build (3.10)	Lint with Ruff	2025-11-27T10:14:43.3354897Z 11 |   """
build (3.10)	Lint with Ruff	2025-11-27T10:14:43.3355050Z 12 |
build (3.10)	Lint with Ruff	2025-11-27T10:14:43.3355215Z 13 | / import json
build (3.10)	Lint with Ruff	2025-11-27T10:14:43.3355388Z 14 | | import os
build (3.10)	Lint with Ruff	2025-11-27T10:14:43.3355582Z 15 | | from typing import Any, Dict
build (3.10)	Lint with Ruff	2025-11-27T10:14:43.3355809Z 16 | |
build (3.10)	Lint with Ruff	2025-11-27T10:14:43.3355977Z 17 | | import numpy as np
build (3.10)	Lint with Ruff	2025-11-27T10:14:43.3356196Z 18 | | import pandas as pd
build (3.10)	Lint with Ruff	2025-11-27T10:14:43.3356391Z 19 | |
build (3.10)	Lint with Ruff	2025-11-27T10:14:43.3356739Z 20 | | # Import our corrected modules (assumes running as installed package or with src on PYTHONPATH)
build (3.10)	Lint with Ruff	2025-11-27T10:14:43.3357276Z 21 | | from .dcea_equity_analysis import plot_equity_impact_plane, plot_lorenz_curve
build (3.10)	Lint with Ruff	2025-11-27T10:14:43.3357692Z 22 | | from .visualizations import plot_discordance_loss
build (3.10)	Lint with Ruff	2025-11-27T10:14:43.3357988Z 23 | | from .dsa_analysis import (
build (3.10)	Lint with Ruff	2025-11-27T10:14:43.3358227Z 24 | |     compose_dsa_dashboard,
build (3.10)	Lint with Ruff	2025-11-27T10:14:43.3358484Z 25 | |     perform_comprehensive_two_way_dsa,
build (3.10)	Lint with Ruff	2025-11-27T10:14:43.3358747Z 26 | |     perform_one_way_dsa,
build (3.10)	Lint with Ruff	2025-11-27T10:14:43.3359147Z 27 | |     perform_three_way_dsa,
build (3.10)	Lint with Ruff	2025-11-27T10:14:43.3359438Z 28 | |     plot_one_way_dsa_tornado,
build (3.10)	Lint with Ruff	2025-11-27T10:14:43.3359680Z 29 | |     plot_three_way_dsa_3d,
build (3.10)	Lint with Ruff	2025-11-27T10:14:43.3359907Z 30 | |     plot_two_way_dsa_heatmaps,
build (3.10)	Lint with Ruff	2025-11-27T10:14:43.3360137Z 31 | | )
build (3.10)	Lint with Ruff	2025-11-27T10:14:43.3360367Z 32 | | from .pipeline.analysis import run_analysis_pipeline
build (3.10)	Lint with Ruff	2025-11-27T10:14:43.3360731Z 33 | | from .policy_brief_generator import generate_policy_brief
build (3.10)	Lint with Ruff	2025-11-27T10:14:43.3361052Z 34 | | from .visualizations import (
build (3.10)	Lint with Ruff	2025-11-27T10:14:43.3361290Z 35 | |     compose_bia_dashboard,
build (3.10)	Lint with Ruff	2025-11-27T10:14:43.3361518Z 36 | |     compose_dashboard,
build (3.10)	Lint with Ruff	2025-11-27T10:14:43.3361738Z 37 | |     compose_equity_dashboard,
build (3.10)	Lint with Ruff	2025-11-27T10:14:43.3361963Z 38 | |     plot_ceac,
build (3.10)	Lint with Ruff	2025-11-27T10:14:43.3362150Z 39 | |     plot_ceaf,
build (3.10)	Lint with Ruff	2025-11-27T10:14:43.3362363Z 40 | |     plot_cost_effectiveness_plane,
build (3.10)	Lint with Ruff	2025-11-27T10:14:43.3362607Z 41 | |     plot_evpi,
build (3.10)	Lint with Ruff	2025-11-27T10:14:43.3362807Z 42 | |     plot_evppi,
build (3.10)	Lint with Ruff	2025-11-27T10:14:43.3363047Z 43 | |     plot_net_benefit_curves,
build (3.10)	Lint with Ruff	2025-11-27T10:14:43.3363381Z 44 | |     plot_pop_evpi,
build (3.10)	Lint with Ruff	2025-11-27T10:14:43.3363733Z 45 | |     plot_value_of_perspective,
build (3.10)	Lint with Ruff	2025-11-27T10:14:43.3363956Z 46 | | )
build (3.10)	Lint with Ruff	2025-11-27T10:14:43.3364114Z    | |_^
build (3.10)	Lint with Ruff	2025-11-27T10:14:43.3364264Z    |
build (3.10)	Lint with Ruff	2025-11-27T10:14:43.3364434Z help: Organize imports
build (3.10)	Lint with Ruff	2025-11-27T10:14:43.3364558Z 
build (3.10)	Lint with Ruff	2025-11-27T10:14:43.3364658Z E741 Ambiguous variable name: `l`
build (3.10)	Lint with Ruff	2025-11-27T10:14:43.3364922Z    --> src/perspective_value_dsa.py:215:33
build (3.10)	Lint with Ruff	2025-11-27T10:14:43.3365166Z     |
build (3.10)	Lint with Ruff	2025-11-27T10:14:43.3365340Z 213 |     # Combine legends
build (3.10)	Lint with Ruff	2025-11-27T10:14:43.3365553Z 214 |     lines = line1 + line2
build (3.10)	Lint with Ruff	2025-11-27T10:14:43.3365792Z 215 |     labels = [l.get_label() for l in lines]
build (3.10)	Lint with Ruff	2025-11-27T10:14:43.3366058Z     |                                 ^
build (3.10)	Lint with Ruff	2025-11-27T10:14:43.3366318Z 216 |     ax1.legend(lines, labels, loc="upper left")
build (3.10)	Lint with Ruff	2025-11-27T10:14:43.3366592Z     |
build (3.10)	Lint with Ruff	2025-11-27T10:14:43.3366682Z 
build (3.10)	Lint with Ruff	2025-11-27T10:14:43.3366792Z RUF059 Unpacked variable `wedges` is never used
build (3.10)	Lint with Ruff	2025-11-27T10:14:43.3367199Z    --> src/perspective_value_viz.py:133:5
build (3.10)	Lint with Ruff	2025-11-27T10:14:43.3367439Z     |
build (3.10)	Lint with Ruff	2025-11-27T10:14:43.3367603Z 131 |     # Pie chart
build (3.10)	Lint with Ruff	2025-11-27T10:14:43.3367850Z 132 |     colors_pie = ["steelblue", "forestgreen", "coral"]
build (3.10)	Lint with Ruff	2025-11-27T10:14:43.3368155Z 133 |     wedges, texts, autotexts = ax3.pie(
build (3.10)	Lint with Ruff	2025-11-27T10:14:43.3368405Z     |     ^^^^^^
build (3.10)	Lint with Ruff	2025-11-27T10:14:43.3368671Z 134 |         [discordance_data[0], discordance_data[1], discordance_data[2]],
build (3.10)	Lint with Ruff	2025-11-27T10:14:43.3369196Z 135 |         labels=labels,
build (3.10)	Lint with Ruff	2025-11-27T10:14:43.3369463Z     |
build (3.10)	Lint with Ruff	2025-11-27T10:14:43.3369733Z help: Prefix it with an underscore or any other dummy variable pattern
build (3.10)	Lint with Ruff	2025-11-27T10:14:43.3369991Z 
build (3.10)	Lint with Ruff	2025-11-27T10:14:43.3370112Z RUF059 Unpacked variable `texts` is never used
build (3.10)	Lint with Ruff	2025-11-27T10:14:43.3370396Z    --> src/perspective_value_viz.py:133:13
build (3.10)	Lint with Ruff	2025-11-27T10:14:43.3370645Z     |
build (3.10)	Lint with Ruff	2025-11-27T10:14:43.3370805Z 131 |     # Pie chart
build (3.10)	Lint with Ruff	2025-11-27T10:14:43.3371051Z 132 |     colors_pie = ["steelblue", "forestgreen", "coral"]
build (3.10)	Lint with Ruff	2025-11-27T10:14:43.3371357Z 133 |     wedges, texts, autotexts = ax3.pie(
build (3.10)	Lint with Ruff	2025-11-27T10:14:43.3371621Z     |             ^^^^^
build (3.10)	Lint with Ruff	2025-11-27T10:14:43.3371900Z 134 |         [discordance_data[0], discordance_data[1], discordance_data[2]],
build (3.10)	Lint with Ruff	2025-11-27T10:14:43.3372228Z 135 |         labels=labels,
build (3.10)	Lint with Ruff	2025-11-27T10:14:43.3372430Z     |
build (3.10)	Lint with Ruff	2025-11-27T10:14:43.3372684Z help: Prefix it with an underscore or any other dummy variable pattern
build (3.10)	Lint with Ruff	2025-11-27T10:14:43.3372936Z 
build (3.10)	Lint with Ruff	2025-11-27T10:14:43.3373058Z RUF059 Unpacked variable `autotexts` is never used
build (3.10)	Lint with Ruff	2025-11-27T10:14:43.3373351Z    --> src/perspective_value_viz.py:133:20
build (3.10)	Lint with Ruff	2025-11-27T10:14:43.3373592Z     |
build (3.10)	Lint with Ruff	2025-11-27T10:14:43.3373747Z 131 |     # Pie chart
build (3.10)	Lint with Ruff	2025-11-27T10:14:43.3373997Z 132 |     colors_pie = ["steelblue", "forestgreen", "coral"]
build (3.10)	Lint with Ruff	2025-11-27T10:14:43.3374306Z 133 |     wedges, texts, autotexts = ax3.pie(
build (3.10)	Lint with Ruff	2025-11-27T10:14:43.3374568Z     |                    ^^^^^^^^^
build (3.10)	Lint with Ruff	2025-11-27T10:14:43.3374879Z 134 |         [discordance_data[0], discordance_data[1], discordance_data[2]],
build (3.10)	Lint with Ruff	2025-11-27T10:14:43.3375211Z 135 |         labels=labels,
build (3.10)	Lint with Ruff	2025-11-27T10:14:43.3375431Z     |
build (3.10)	Lint with Ruff	2025-11-27T10:14:43.3375691Z help: Prefix it with an underscore or any other dummy variable pattern
build (3.10)	Lint with Ruff	2025-11-27T10:14:43.3375950Z 
build (3.10)	Lint with Ruff	2025-11-27T10:14:43.3376075Z C408 Unnecessary `dict()` call (rewrite as a literal)
build (3.10)	Lint with Ruff	2025-11-27T10:14:43.3376376Z    --> src/perspective_value_viz.py:345:14
build (3.10)	Lint with Ruff	2025-11-27T10:14:43.3376622Z     |
build (3.10)	Lint with Ruff	2025-11-27T10:14:43.3376791Z 343 |         fontsize=12,
build (3.10)	Lint with Ruff	2025-11-27T10:14:43.3377018Z 344 |         verticalalignment="top",
build (3.10)	Lint with Ruff	2025-11-27T10:14:43.3377334Z 345 |         bbox=dict(boxstyle="round", facecolor="wheat", alpha=0.5),
build (3.10)	Lint with Ruff	2025-11-27T10:14:43.3377659Z     |              ^^^^^^^^^^^^^^^^^^^^^^^^^^^^^^^^^^^^^^^^^^^^^^^^^^^^
build (3.10)	Lint with Ruff	2025-11-27T10:14:43.3377909Z 346 |     )
build (3.10)	Lint with Ruff	2025-11-27T10:14:43.3378068Z     |
build (3.10)	Lint with Ruff	2025-11-27T10:14:43.3378242Z help: Rewrite as a literal
build (3.10)	Lint with Ruff	2025-11-27T10:14:43.3378377Z 
build (3.10)	Lint with Ruff	2025-11-27T10:14:43.3378498Z C901 `run_analysis_pipeline` is too complex (14 > 10)
build (3.10)	Lint with Ruff	2025-11-27T10:14:43.3378803Z   --> src/pipeline/analysis.py:73:5
build (3.10)	Lint with Ruff	2025-11-27T10:14:43.3379285Z    |
build (3.10)	Lint with Ruff	2025-11-27T10:14:43.3379634Z 73 | def run_analysis_pipeline() -> Dict:
build (3.10)	Lint with Ruff	2025-11-27T10:14:43.3379903Z    |     ^^^^^^^^^^^^^^^^^^^^^
build (3.10)	Lint with Ruff	2025-11-27T10:14:43.3380108Z 74 |     """
build (3.10)	Lint with Ruff	2025-11-27T10:14:43.3380347Z 75 |     Run the complete health economic analysis pipeline.
build (3.10)	Lint with Ruff	2025-11-27T10:14:43.3380631Z    |
build (3.10)	Lint with Ruff	2025-11-27T10:14:43.3380727Z 
build (3.10)	Lint with Ruff	2025-11-27T10:14:43.3380855Z C901 `run_reporting_pipeline` is too complex (14 > 10)
build (3.10)	Lint with Ruff	2025-11-27T10:14:43.3381154Z   --> src/pipeline/reporting.py:43:5
build (3.10)	Lint with Ruff	2025-11-27T10:14:43.3381385Z    |
build (3.10)	Lint with Ruff	2025-11-27T10:14:43.3381648Z 43 | def run_reporting_pipeline(results: dict, output_dir: str = "output"):
build (3.10)	Lint with Ruff	2025-11-27T10:14:43.3381989Z    |     ^^^^^^^^^^^^^^^^^^^^^^
build (3.10)	Lint with Ruff	2025-11-27T10:14:43.3382192Z 44 |     """
build (3.10)	Lint with Ruff	2025-11-27T10:14:43.3382389Z 45 |     Run the complete reporting pipeline.
build (3.10)	Lint with Ruff	2025-11-27T10:14:43.3382636Z    |
build (3.10)	Lint with Ruff	2025-11-27T10:14:43.3382724Z 
build (3.10)	Lint with Ruff	2025-11-27T10:14:43.3382872Z B006 Do not use mutable data structures for argument defaults
build (3.10)	Lint with Ruff	2025-11-27T10:14:43.3383325Z   --> src/profile_scalability.py:22:31
build (3.10)	Lint with Ruff	2025-11-27T10:14:43.3383601Z    |
build (3.10)	Lint with Ruff	2025-11-27T10:14:43.3383777Z 21 | def run_scalability_test(
build (3.10)	Lint with Ruff	2025-11-27T10:14:43.3384042Z 22 |     sample_sizes: List[int] = [100, 500, 1000, 2000, 5000],
build (3.10)	Lint with Ruff	2025-11-27T10:14:43.3384345Z    |                               ^^^^^^^^^^^^^^^^^^^^^^^^^^^^
build (3.10)	Lint with Ruff	2025-11-27T10:14:43.3384634Z 23 |     intervention_name: str = "HPV Vaccination",
build (3.10)	Lint with Ruff	2025-11-27T10:14:43.3384925Z 24 |     output_dir: str = "output/profiling/",
build (3.10)	Lint with Ruff	2025-11-27T10:14:43.3385173Z    |
build (3.10)	Lint with Ruff	2025-11-27T10:14:43.3385383Z help: Replace with `None`; initialize within function
build (3.10)	Lint with Ruff	2025-11-27T10:14:43.3385600Z 
build (3.10)	Lint with Ruff	2025-11-27T10:14:43.3385747Z F841 Local variable `mem_before` is assigned to but never used
build (3.10)	Lint with Ruff	2025-11-27T10:14:43.3386058Z    --> src/profiling.py:141:5
build (3.10)	Lint with Ruff	2025-11-27T10:14:43.3386276Z     |
build (3.10)	Lint with Ruff	2025-11-27T10:14:43.3386438Z 139 |     """
build (3.10)	Lint with Ruff	2025-11-27T10:14:43.3386643Z 140 |     process = psutil.Process(os.getpid())
build (3.10)	Lint with Ruff	2025-11-27T10:14:43.3386961Z 141 |     mem_before = process.memory_info().rss / 1024 / 1024
build (3.10)	Lint with Ruff	2025-11-27T10:14:43.3387243Z     |     ^^^^^^^^^^
build (3.10)	Lint with Ruff	2025-11-27T10:14:43.3387429Z 142 |
build (3.10)	Lint with Ruff	2025-11-27T10:14:43.3387599Z 143 |     start_time = time.time()
build (3.10)	Lint with Ruff	2025-11-27T10:14:43.3387818Z     |
build (3.10)	Lint with Ruff	2025-11-27T10:14:43.3388033Z help: Remove assignment to unused variable `mem_before`
build (3.10)	Lint with Ruff	2025-11-27T10:14:43.3388251Z 
build (3.10)	Lint with Ruff	2025-11-27T10:14:43.3388394Z F841 Local variable `n_samples` is assigned to but never used
build (3.10)	Lint with Ruff	2025-11-27T10:14:43.3388714Z   --> src/sobol_analysis.py:87:9
build (3.10)	Lint with Ruff	2025-11-27T10:14:43.3388926Z    |
build (3.10)	Lint with Ruff	2025-11-27T10:14:43.3389340Z 85 |         from scipy.stats import beta, gamma, norm, uniform
build (3.10)	Lint with Ruff	2025-11-27T10:14:43.3389618Z 86 |
build (3.10)	Lint with Ruff	2025-11-27T10:14:43.3389806Z 87 |         n_samples = samples_01.shape[0]
build (3.10)	Lint with Ruff	2025-11-27T10:14:43.3390046Z    |         ^^^^^^^^^
build (3.10)	Lint with Ruff	2025-11-27T10:14:43.3390247Z 88 |         sampled_params = {}
build (3.10)	Lint with Ruff	2025-11-27T10:14:43.3390454Z    |
build (3.10)	Lint with Ruff	2025-11-27T10:14:43.3390673Z help: Remove assignment to unused variable `n_samples`
build (3.10)	Lint with Ruff	2025-11-27T10:14:43.3390885Z 
build (3.10)	Lint with Ruff	2025-11-27T10:14:43.3391022Z F841 Local variable `ci_df` is assigned to but never used
build (3.10)	Lint with Ruff	2025-11-27T10:14:43.3391326Z    --> src/sobol_analysis.py:282:5
build (3.10)	Lint with Ruff	2025-11-27T10:14:43.3391556Z     |
build (3.10)	Lint with Ruff	2025-11-27T10:14:43.3391740Z 281 |     indices_df = sobol_results["indices"]
build (3.10)	Lint with Ruff	2025-11-27T10:14:43.3392035Z 282 |     ci_df = sobol_results["confidence_intervals"]
build (3.10)	Lint with Ruff	2025-11-27T10:14:43.3392294Z     |     ^^^^^
build (3.10)	Lint with Ruff	2025-11-27T10:14:43.3392478Z 283 |
build (3.10)	Lint with Ruff	2025-11-27T10:14:43.3392649Z 284 |     # Sort by total-order index
build (3.10)	Lint with Ruff	2025-11-27T10:14:43.3392880Z     |
build (3.10)	Lint with Ruff	2025-11-27T10:14:43.3393080Z help: Remove assignment to unused variable `ci_df`
build (3.10)	Lint with Ruff	2025-11-27T10:14:43.3393287Z 
build (3.10)	Lint with Ruff	2025-11-27T10:14:43.3393429Z B007 Loop control variable `param` not used within loop body
build (3.10)	Lint with Ruff	2025-11-27T10:14:43.3393745Z    --> src/sobol_analysis.py:321:13
build (3.10)	Lint with Ruff	2025-11-27T10:14:43.3393965Z     |
build (3.10)	Lint with Ruff	2025-11-27T10:14:43.3394141Z 320 |     # Add interaction annotation
build (3.10)	Lint with Ruff	2025-11-27T10:14:43.3394514Z 321 |     for i, (param, interaction) in enumerate(zip(params, indices_df["interaction"])):
build (3.10)	Lint with Ruff	2025-11-27T10:14:43.3394898Z     |             ^^^^^
build (3.10)	Lint with Ruff	2025-11-27T10:14:43.3395185Z 322 |         if interaction > 0.05:  # Only annotate significant interactions
build (3.10)	Lint with Ruff	2025-11-27T10:14:43.3395643Z 323 |             ax.annotate(
build (3.10)	Lint with Ruff	2025-11-27T10:14:43.3395849Z     |
build (3.10)	Lint with Ruff	2025-11-27T10:14:43.3396029Z help: Rename unused `param` to `_param`
build (3.10)	Lint with Ruff	2025-11-27T10:14:43.3396200Z 
build (3.10)	Lint with Ruff	2025-11-27T10:14:43.3396305Z E402 Module level import not at top of file
build (3.10)	Lint with Ruff	2025-11-27T10:14:43.3396572Z   --> src/test_dsa_enhancements.py:61:1
build (3.10)	Lint with Ruff	2025-11-27T10:14:43.3396808Z    |
build (3.10)	Lint with Ruff	2025-11-27T10:14:43.3396968Z 59 | print(f"{'=' * 80}")
build (3.10)	Lint with Ruff	2025-11-27T10:14:43.3397165Z 60 |
build (3.10)	Lint with Ruff	2025-11-27T10:14:43.3397423Z 61 | from .dsa_analysis import perform_one_way_dsa, plot_one_way_dsa_tornado
build (3.10)	Lint with Ruff	2025-11-27T10:14:43.3397785Z    | ^^^^^^^^^^^^^^^^^^^^^^^^^^^^^^^^^^^^^^^^^^^^^^^^^^^^^^^^^^^^^^^^^^^^^^^
build (3.10)	Lint with Ruff	2025-11-27T10:14:43.3398033Z 62 |
build (3.10)	Lint with Ruff	2025-11-27T10:14:43.3398229Z 63 | with profile_section("General One-Way DSA"):
build (3.10)	Lint with Ruff	2025-11-27T10:14:43.3398490Z    |
build (3.10)	Lint with Ruff	2025-11-27T10:14:43.3398576Z 
build (3.10)	Lint with Ruff	2025-11-27T10:14:43.3399169Z RUF003 Comment contains ambiguous `Ã` (MULTIPLICATION SIGN). Did you mean `x` (LATIN SMALL LETTER X)?
build (3.10)	Lint with Ruff	2025-11-27T10:14:43.3399830Z    --> src/value_of_information.py:439:47
build (3.10)	Lint with Ruff	2025-11-27T10:14:43.3400089Z     |
build (3.10)	Lint with Ruff	2025-11-27T10:14:43.3400276Z 437 |         avg_discordance_cost = 0.0
build (3.10)	Lint with Ruff	2025-11-27T10:14:43.3400504Z 438 |
build (3.10)	Lint with Ruff	2025-11-27T10:14:43.3400867Z 439 |     # Expected discordance cost = probability Ã average cost when discordant
build (3.10)	Lint with Ruff	2025-11-27T10:14:43.3401244Z     |                                               ^
build (3.10)	Lint with Ruff	2025-11-27T10:14:43.3401590Z 440 |     expected_discordance_cost = prop_discordant * avg_discordance_cost
build (3.10)	Lint with Ruff	2025-11-27T10:14:43.3401923Z     |
build (3.10)	Lint with Ruff	2025-11-27T10:14:43.3402012Z 
build (3.10)	Lint with Ruff	2025-11-27T10:14:43.3402126Z I001 [*] Import block is un-sorted or un-formatted
build (3.10)	Lint with Ruff	2025-11-27T10:14:43.3402415Z   --> src/visualizations.py:8:1
build (3.10)	Lint with Ruff	2025-11-27T10:14:43.3402627Z    |
build (3.10)	Lint with Ruff	2025-11-27T10:14:43.3420364Z  6 |   """
build (3.10)	Lint with Ruff	2025-11-27T10:14:43.3420650Z  7 |
build (3.10)	Lint with Ruff	2025-11-27T10:14:43.3420916Z  8 | / import os
build (3.10)	Lint with Ruff	2025-11-27T10:14:43.3421170Z  9 | | from typing import Dict, List, Optional
build (3.10)	Lint with Ruff	2025-11-27T10:14:43.3421457Z 10 | |
build (3.10)	Lint with Ruff	2025-11-27T10:14:43.3421646Z 11 | | import matplotlib.pyplot as plt
build (3.10)	Lint with Ruff	2025-11-27T10:14:43.3421910Z 12 | | import numpy as np
build (3.10)	Lint with Ruff	2025-11-27T10:14:43.3422120Z 13 | | import pandas as pd
build (3.10)	Lint with Ruff	2025-11-27T10:14:43.3422340Z 14 | | import seaborn as sns
build (3.10)	Lint with Ruff	2025-11-27T10:14:43.3422545Z    | |_____________________^
build (3.10)	Lint with Ruff	2025-11-27T10:14:43.3422739Z 15 |   try:
build (3.10)	Lint with Ruff	2025-11-27T10:14:43.3422921Z 16 |       from graphviz import Digraph
build (3.10)	Lint with Ruff	2025-11-27T10:14:43.3423155Z    |
build (3.10)	Lint with Ruff	2025-11-27T10:14:43.3423320Z help: Organize imports
build (3.10)	Lint with Ruff	2025-11-27T10:14:43.3423441Z 
build (3.10)	Lint with Ruff	2025-11-27T10:14:43.3423609Z F811 Redefinition of unused `plot_annual_cash_flow` from line 1397
build (3.10)	Lint with Ruff	2025-11-27T10:14:43.3423956Z     --> src/visualizations.py:2322:5
build (3.10)	Lint with Ruff	2025-11-27T10:14:43.3424183Z      |
build (3.10)	Lint with Ruff	2025-11-27T10:14:43.3424359Z 2322 | def plot_annual_cash_flow(
build (3.10)	Lint with Ruff	2025-11-27T10:14:43.3424612Z      |     ^^^^^^^^^^^^^^^^^^^^^ `plot_annual_cash_flow` redefined here
build (3.10)	Lint with Ruff	2025-11-27T10:14:43.3424888Z 2323 |     years: List[int],
build (3.10)	Lint with Ruff	2025-11-27T10:14:43.3425103Z 2324 |     gross_costs: List[float],
build (3.10)	Lint with Ruff	2025-11-27T10:14:43.3425335Z      |
build (3.10)	Lint with Ruff	2025-11-27T10:14:43.3425610Z     ::: src/visualizations.py:1397:5
build (3.10)	Lint with Ruff	2025-11-27T10:14:43.3425844Z      |
build (3.10)	Lint with Ruff	2025-11-27T10:14:43.3426024Z 1397 | def plot_annual_cash_flow(
build (3.10)	Lint with Ruff	2025-11-27T10:14:43.3426348Z      |     --------------------- previous definition of `plot_annual_cash_flow` here
build (3.10)	Lint with Ruff	2025-11-27T10:14:43.3426702Z 1398 |     bia_results: Dict[str, List[float]],
build (3.10)	Lint with Ruff	2025-11-27T10:14:43.3426981Z 1399 |     output_dir: str = "output/figures/",
build (3.10)	Lint with Ruff	2025-11-27T10:14:43.3427224Z      |
build (3.10)	Lint with Ruff	2025-11-27T10:14:43.3427421Z help: Remove definition: `plot_annual_cash_flow`
build (3.10)	Lint with Ruff	2025-11-27T10:14:43.3427619Z 
build (3.10)	Lint with Ruff	2025-11-27T10:14:43.3427762Z B007 Loop control variable `icer` not used within loop body
build (3.10)	Lint with Ruff	2025-11-27T10:14:43.3428096Z    --> src/visualizations_comparative.py:135:31
build (3.10)	Lint with Ruff	2025-11-27T10:14:43.3428345Z     |
build (3.10)	Lint with Ruff	2025-11-27T10:14:43.3428513Z 133 |     # Plot points
build (3.10)	Lint with Ruff	2025-11-27T10:14:43.3428792Z 134 |     colors = plt.cm.viridis(np.linspace(0, 1, len(interventions)))
build (3.10)	Lint with Ruff	2025-11-27T10:14:43.3429407Z 135 |     for i, (qaly, cost, name, icer) in enumerate(
build (3.10)	Lint with Ruff	2025-11-27T10:14:43.3429694Z     |                               ^^^^
build (3.10)	Lint with Ruff	2025-11-27T10:14:43.3430228Z 136 |         zip(inc_qalys_sorted, inc_costs_sorted, interventions_sorted, icers_sorted)
build (3.10)	Lint with Ruff	2025-11-27T10:14:43.3430581Z 137 |     ):
build (3.10)	Lint with Ruff	2025-11-27T10:14:43.3430740Z     |
build (3.10)	Lint with Ruff	2025-11-27T10:14:43.3430922Z help: Rename unused `icer` to `_icer`
build (3.10)	Lint with Ruff	2025-11-27T10:14:43.3431096Z 
build (3.10)	Lint with Ruff	2025-11-27T10:14:43.3431220Z C408 Unnecessary `dict()` call (rewrite as a literal)
build (3.10)	Lint with Ruff	2025-11-27T10:14:43.3431533Z    --> src/visualizations_comparative.py:154:18
build (3.10)	Lint with Ruff	2025-11-27T10:14:43.3431779Z     |
build (3.10)	Lint with Ruff	2025-11-27T10:14:43.3431965Z 152 |             textcoords="offset points",
build (3.10)	Lint with Ruff	2025-11-27T10:14:43.3432215Z 153 |             fontsize=9,
build (3.10)	Lint with Ruff	2025-11-27T10:14:43.3432530Z 154 |             bbox=dict(boxstyle="round,pad=0.5", facecolor=colors[i], alpha=0.3),
build (3.10)	Lint with Ruff	2025-11-27T10:14:43.3432896Z     |                  ^^^^^^^^^^^^^^^^^^^^^^^^^^^^^^^^^^^^^^^^^^^^^^^^^^^^^^^^^^^^^^
build (3.10)	Lint with Ruff	2025-11-27T10:14:43.3433154Z 155 |         )
build (3.10)	Lint with Ruff	2025-11-27T10:14:43.3433477Z     |
build (3.10)	Lint with Ruff	2025-11-27T10:14:43.3433644Z help: Rewrite as a literal
build (3.10)	Lint with Ruff	2025-11-27T10:14:43.3433788Z 
build (3.10)	Lint with Ruff	2025-11-27T10:14:43.3433895Z RUF013 PEP 484 prohibits implicit `Optional`
build (3.10)	Lint with Ruff	2025-11-27T10:14:43.3434181Z    --> src/visualizations_comparative.py:202:19
build (3.10)	Lint with Ruff	2025-11-27T10:14:43.3434433Z     |
build (3.10)	Lint with Ruff	2025-11-27T10:14:43.3434601Z 200 |     wtp_threshold: float = 50000,
build (3.10)	Lint with Ruff	2025-11-27T10:14:43.3434866Z 201 |     output_dir: str = "output/figures/",
build (3.10)	Lint with Ruff	2025-11-27T10:14:43.3435137Z 202 |     perspectives: List[str] = None,
build (3.10)	Lint with Ruff	2025-11-27T10:14:43.3435375Z     |                   ^^^^^^^^^
build (3.10)	Lint with Ruff	2025-11-27T10:14:43.3435587Z 203 | ):
build (3.10)	Lint with Ruff	2025-11-27T10:14:43.3435741Z 204 |     """
build (3.10)	Lint with Ruff	2025-11-27T10:14:43.3435905Z     |
build (3.10)	Lint with Ruff	2025-11-27T10:14:43.3436073Z help: Convert to `Optional[T]`
build (3.10)	Lint with Ruff	2025-11-27T10:14:43.3436227Z 
build (3.10)	Lint with Ruff	2025-11-27T10:14:43.3436360Z B007 Loop control variable `idx` not used within loop body
build (3.10)	Lint with Ruff	2025-11-27T10:14:43.3436688Z    --> src/visualizations_comparative.py:261:13
build (3.10)	Lint with Ruff	2025-11-27T10:14:43.3436936Z     |
build (3.10)	Lint with Ruff	2025-11-27T10:14:43.3437110Z 260 |         # Add value labels on bars
build (3.10)	Lint with Ruff	2025-11-27T10:14:43.3437373Z 261 |         for idx, bar in enumerate(bars):
build (3.10)	Lint with Ruff	2025-11-27T10:14:43.3437620Z     |             ^^^
build (3.10)	Lint with Ruff	2025-11-27T10:14:43.3437819Z 262 |             height = bar.get_height()
build (3.10)	Lint with Ruff	2025-11-27T10:14:43.3438062Z 263 |             ax.text(
build (3.10)	Lint with Ruff	2025-11-27T10:14:43.3438243Z     |
build (3.10)	Lint with Ruff	2025-11-27T10:14:43.3438420Z help: Rename unused `idx` to `_idx`
build (3.10)	Lint with Ruff	2025-11-27T10:14:43.3438576Z 
build (3.10)	Lint with Ruff	2025-11-27T10:14:43.3438705Z F841 Local variable `bars` is assigned to but never used
build (3.10)	Lint with Ruff	2025-11-27T10:14:43.3439211Z    --> src/visualizations_comparative.py:467:5
build (3.10)	Lint with Ruff	2025-11-27T10:14:43.3439466Z     |
build (3.10)	Lint with Ruff	2025-11-27T10:14:43.3439693Z 466 |     colors_nmb = ["g" if nmb > 0 else "r" for nmb in nmb_values]
build (3.10)	Lint with Ruff	2025-11-27T10:14:43.3439993Z 467 |     bars = ax2.barh(
build (3.10)	Lint with Ruff	2025-11-27T10:14:43.3440180Z     |     ^^^^
build (3.10)	Lint with Ruff	2025-11-27T10:14:43.3440474Z 468 |         interventions, nmb_values, color=colors_nmb, alpha=0.7, edgecolor="black"
build (3.10)	Lint with Ruff	2025-11-27T10:14:43.3440815Z 469 |     )
build (3.10)	Lint with Ruff	2025-11-27T10:14:43.3440977Z     |
build (3.10)	Lint with Ruff	2025-11-27T10:14:43.3441175Z help: Remove assignment to unused variable `bars`
build (3.10)	Lint with Ruff	2025-11-27T10:14:43.3441372Z 
build (3.10)	Lint with Ruff	2025-11-27T10:14:43.3441494Z C408 Unnecessary `dict()` call (rewrite as a literal)
build (3.10)	Lint with Ruff	2025-11-27T10:14:43.3441797Z    --> src/visualizations_extended.py:152:20
build (3.10)	Lint with Ruff	2025-11-27T10:14:43.3442037Z     |
build (3.10)	Lint with Ruff	2025-11-27T10:14:43.3442226Z 150 |         xy=(time_horizon, cumulative_evpi),
build (3.10)	Lint with Ruff	2025-11-27T10:14:43.3442531Z 151 |         xytext=(time_horizon - 2, cumulative_evpi * 0.8),
build (3.10)	Lint with Ruff	2025-11-27T10:14:43.3442877Z 152 |         arrowprops=dict(arrowstyle="->", color="black"),
build (3.10)	Lint with Ruff	2025-11-27T10:14:43.3443175Z     |                    ^^^^^^^^^^^^^^^^^^^^^^^^^^^^^^^^^^^^
build (3.10)	Lint with Ruff	2025-11-27T10:14:43.3443441Z 153 |         fontsize=10,
build (3.10)	Lint with Ruff	2025-11-27T10:14:43.3443645Z 154 |         fontweight="bold",
build (3.10)	Lint with Ruff	2025-11-27T10:14:43.3443847Z     |
build (3.10)	Lint with Ruff	2025-11-27T10:14:43.3444012Z help: Rewrite as a literal
build (3.10)	Lint with Ruff	2025-11-27T10:14:43.3444145Z 
build (3.10)	Lint with Ruff	2025-11-27T10:14:43.3444286Z B007 Loop control variable `param` not used within loop body
build (3.10)	Lint with Ruff	2025-11-27T10:14:43.3444607Z    --> src/visualizations_extended.py:205:13
build (3.10)	Lint with Ruff	2025-11-27T10:14:43.3444847Z     |
build (3.10)	Lint with Ruff	2025-11-27T10:14:43.3445017Z 204 |     # Create horizontal bars
build (3.10)	Lint with Ruff	2025-11-27T10:14:43.3445506Z 205 |     for i, (param, lower, upper) in enumerate(zip(params, lower_bounds, upper_bounds)):
build (3.10)	Lint with Ruff	2025-11-27T10:14:43.3445869Z     |             ^^^^^
build (3.10)	Lint with Ruff	2025-11-27T10:14:43.3446055Z 206 |         ax.barh(
build (3.10)	Lint with Ruff	2025-11-27T10:14:43.3446234Z 207 |             i,
build (3.10)	Lint with Ruff	2025-11-27T10:14:43.3446415Z     |
build (3.10)	Lint with Ruff	2025-11-27T10:14:43.3446599Z help: Rename unused `param` to `_param`
build (3.10)	Lint with Ruff	2025-11-27T10:14:43.3446774Z 
build (3.10)	Lint with Ruff	2025-11-27T10:14:43.3446902Z C408 Unnecessary `dict()` call (rewrite as a literal)
build (3.10)	Lint with Ruff	2025-11-27T10:14:43.3447204Z    --> src/visualizations_extended.py:260:47
build (3.10)	Lint with Ruff	2025-11-27T10:14:43.3447454Z     |
build (3.10)	Lint with Ruff	2025-11-27T10:14:43.3447626Z 259 |     fig, ax = plt.subplots(
build (3.10)	Lint with Ruff	2025-11-27T10:14:43.3447929Z 260 |         figsize=(10, 10), dpi=300, subplot_kw=dict(projection="polar")
build (3.10)	Lint with Ruff	2025-11-27T10:14:43.3448259Z     |                                               ^^^^^^^^^^^^^^^^^^^^^^^^
build (3.10)	Lint with Ruff	2025-11-27T10:14:43.3448499Z 261 |     )
build (3.10)	Lint with Ruff	2025-11-27T10:14:43.3448775Z     |
build (3.10)	Lint with Ruff	2025-11-27T10:14:43.3449160Z help: Rewrite as a literal
build (3.10)	Lint with Ruff	2025-11-27T10:14:43.3449358Z 
build (3.10)	Lint with Ruff	2025-11-27T10:14:43.3449439Z Found 44 errors.
build (3.10)	Lint with Ruff	2025-11-27T10:14:43.3449815Z [*] 14 fixable with the `--fix` option (22 hidden fixes can be enabled with the `--unsafe-fixes` option).
build (3.10)	Test with pytest	ï»¿2025-11-27T10:14:43.3473308Z ##[group]Run pytest
build (3.10)	Test with pytest	2025-11-27T10:14:43.3473556Z [36;1mpytest[0m
build (3.10)	Test with pytest	2025-11-27T10:14:43.3506020Z shell: /usr/bin/bash -e {0}
build (3.10)	Test with pytest	2025-11-27T10:14:43.3506252Z env:
build (3.10)	Test with pytest	2025-11-27T10:14:43.3506514Z   pythonLocation: /opt/hostedtoolcache/Python/3.10.19/x64
build (3.10)	Test with pytest	2025-11-27T10:14:43.3506945Z   PKG_CONFIG_PATH: /opt/hostedtoolcache/Python/3.10.19/x64/lib/pkgconfig
build (3.10)	Test with pytest	2025-11-27T10:14:43.3507348Z   Python_ROOT_DIR: /opt/hostedtoolcache/Python/3.10.19/x64
build (3.10)	Test with pytest	2025-11-27T10:14:43.3507699Z   Python2_ROOT_DIR: /opt/hostedtoolcache/Python/3.10.19/x64
build (3.10)	Test with pytest	2025-11-27T10:14:43.3508038Z   Python3_ROOT_DIR: /opt/hostedtoolcache/Python/3.10.19/x64
build (3.10)	Test with pytest	2025-11-27T10:14:43.3508402Z   LD_LIBRARY_PATH: /opt/hostedtoolcache/Python/3.10.19/x64/lib
build (3.10)	Test with pytest	2025-11-27T10:14:43.3508731Z ##[endgroup]
build (3.10)	Test with pytest	2025-11-27T10:15:28.6364546Z ============================= test session starts ==============================
build (3.10)	Test with pytest	2025-11-27T10:15:28.6366860Z platform linux -- Python 3.10.19, pytest-9.0.1, pluggy-1.6.0
build (3.10)	Test with pytest	2025-11-27T10:15:28.6370016Z rootdir: /home/runner/work/vop_poc_nz/vop_poc_nz
build (3.10)	Test with pytest	2025-11-27T10:15:28.6370658Z configfile: pytest.ini
build (3.10)	Test with pytest	2025-11-27T10:15:28.6371124Z plugins: hypothesis-6.148.3, typeguard-4.4.4
build (3.10)	Test with pytest	2025-11-27T10:15:28.6371590Z collected 65 items
build (3.10)	Test with pytest	2025-11-27T10:15:28.6371815Z 
build (3.10)	Test with pytest	2025-11-27T10:15:37.4635512Z tests/test_additional_smoke.py ....                                      [  6%]
build (3.10)	Test with pytest	2025-11-27T10:15:37.4784560Z tests/test_analysis.py ........                                          [ 18%]
build (3.10)	Test with pytest	2025-11-27T10:15:37.4971325Z tests/test_branch_cover_additional.py ......                             [ 27%]
build (3.10)	Test with pytest	2025-11-27T10:17:26.2855378Z tests/test_cluster_and_dsa_visuals.py ..
build (3.10)	Test with pytest	2025-11-27T10:17:26.3816316Z ##[error]The operation was canceled.
build (3.10)	Complete job	ï»¿2025-11-27T10:17:26.4409895Z Cleaning up orphan processes
